[ 2016-03-07T13:17:23+08:00 ] ::1 /1fengou/index.php/home/Manage/index
INFO: [ app_begin ] --START--
INFO: Run Behavior\ReadHtmlCache [ RunTime:0.000861s ]
INFO: [ app_begin ] --END-- [ RunTime:0.001549s ]
NOTIC: [8192] mysql_connect(): The mysql extension is deprecated and will be removed in the future: use mysqli or PDO instead C:\wamp\www\1fengou\ThinkPHP\Library\Think\Db\Driver\Mysql.class.php 第 52 行.
SQL: SHOW COLUMNS FROM `test_product` [ RunTime:0.008702s ]
SQL: SELECT COUNT(*) AS tp_count FROM `test_product` LIMIT 1   [ RunTime:0.000447s ]
SQL: SELECT * FROM `test_product` LIMIT 0,10   [ RunTime:0.000357s ]
SQL: SELECT COUNT(*) AS tp_count FROM `test_product` LIMIT 1   [ RunTime:0.000220s ]
SQL: SELECT COUNT(*) AS tp_count FROM `test_product` LIMIT 1   [ RunTime:0.000194s ]
SQL: SELECT COUNT(*) AS tp_count FROM `test_product` LIMIT 1   [ RunTime:0.000206s ]
INFO: [ view_parse ] --START--
INFO: [ template_filter ] --START--
INFO: Run Behavior\ContentReplace [ RunTime:0.000351s ]
INFO: [ template_filter ] --END-- [ RunTime:0.000571s ]
NOTIC: [8] Undefined variable: _page C:\wamp\www\1fengou\Application\Runtime\Cache\Home\f2ed2d116ee9faa6b5ea1d732a76329f.php 第 762 行.
INFO: Run Behavior\ParseTemplate [ RunTime:0.031007s ]
INFO: [ view_parse ] --END-- [ RunTime:0.031203s ]
INFO: [ view_filter ] --START--
INFO: Run Behavior\WriteHtmlCache [ RunTime:0.000741s ]
INFO: [ view_filter ] --END-- [ RunTime:0.000934s ]
INFO: [ app_end ] --START--
INFO: Run Behavior\ShowPageTrace [ RunTime:0.001136s ]
INFO: [ app_end ] --END-- [ RunTime:0.001416s ]

[ 2016-03-07T13:20:27+08:00 ] ::1 /1fengou/index.php/Home/Manage/index/p/2.html
INFO: [ app_begin ] --START--
INFO: Run Behavior\ReadHtmlCache [ RunTime:0.001269s ]
INFO: [ app_begin ] --END-- [ RunTime:0.002545s ]
NOTIC: [8192] mysql_connect(): The mysql extension is deprecated and will be removed in the future: use mysqli or PDO instead C:\wamp\www\1fengou\ThinkPHP\Library\Think\Db\Driver\Mysql.class.php 第 52 行.
SQL: SHOW COLUMNS FROM `test_product` [ RunTime:0.007400s ]
NOTIC: [2] strpos() expects parameter 1 to be string, object given C:\wamp\www\1fengou\ThinkPHP\Library\Think\Db.class.php 第 787 行.
NOTIC: [8] Undefined index: limit C:\wamp\www\1fengou\ThinkPHP\Library\Think\Db.class.php 第 793 行.
NOTIC: [8] Object of class Think\Page could not be converted to int C:\wamp\www\1fengou\ThinkPHP\Library\Think\Db.class.php 第 794 行.
SQL: SELECT * FROM `test_product` LIMIT 0,20   [ RunTime:0.000470s ]
SQL: SELECT COUNT(*) AS tp_count FROM `test_product` LIMIT 1   [ RunTime:0.000222s ]
SQL: SELECT COUNT(*) AS tp_count FROM `test_product` LIMIT 1   [ RunTime:0.000333s ]
NOTIC: [2] Division by zero C:\wamp\www\1fengou\Application\Home\Controller\ManageController.class.php 第 42 行.
NOTIC: [8] Object of class Think\Page could not be converted to int C:\wamp\www\1fengou\Application\Home\Controller\ManageController.class.php 第 43 行.
NOTIC: [8] Object of class Think\Page could not be converted to int C:\wamp\www\1fengou\Application\Home\Controller\ManageController.class.php 第 44 行.
SQL: SELECT COUNT(*) AS tp_count FROM `test_product` LIMIT 1   [ RunTime:0.000389s ]
SQL: SELECT COUNT(*) AS tp_count FROM `test_product` LIMIT 1   [ RunTime:0.000303s ]
INFO: [ view_parse ] --START--
INFO: [ template_filter ] --START--
INFO: Run Behavior\ContentReplace [ RunTime:0.000363s ]
INFO: [ template_filter ] --END-- [ RunTime:0.000590s ]
NOTIC: [8] Undefined variable: lala C:\wamp\www\1fengou\Application\Runtime\Cache\Home\f2ed2d116ee9faa6b5ea1d732a76329f.php 第 81 行.
NOTIC: [4096] Object of class Think\Page could not be converted to string C:\wamp\www\1fengou\Application\Runtime\Cache\Home\f2ed2d116ee9faa6b5ea1d732a76329f.php 第 86 行.
NOTIC: [4096] Object of class Think\Page could not be converted to string C:\wamp\www\1fengou\Application\Runtime\Cache\Home\f2ed2d116ee9faa6b5ea1d732a76329f.php 第 96 行.
NOTIC: [4096] Object of class Think\Page could not be converted to string C:\wamp\www\1fengou\Application\Runtime\Cache\Home\f2ed2d116ee9faa6b5ea1d732a76329f.php 第 121 行.
NOTIC: [4096] Object of class Think\Page could not be converted to string C:\wamp\www\1fengou\Application\Runtime\Cache\Home\f2ed2d116ee9faa6b5ea1d732a76329f.php 第 188 行.
INFO: Run Behavior\ParseTemplate [ RunTime:0.031100s ]
INFO: [ view_parse ] --END-- [ RunTime:0.031348s ]
INFO: [ view_filter ] --START--
INFO: Run Behavior\WriteHtmlCache [ RunTime:0.000792s ]
INFO: [ view_filter ] --END-- [ RunTime:0.000979s ]
INFO: [ app_end ] --START--
INFO: Run Behavior\ShowPageTrace [ RunTime:0.001378s ]
INFO: [ app_end ] --END-- [ RunTime:0.001677s ]

[ 2016-03-07T13:21:10+08:00 ] ::1 /1fengou/index.php/Home/Manage/index/p/2.html
INFO: [ app_begin ] --START--
INFO: Run Behavior\ReadHtmlCache [ RunTime:0.001589s ]
INFO: [ app_begin ] --END-- [ RunTime:0.003324s ]
NOTIC: [8192] mysql_connect(): The mysql extension is deprecated and will be removed in the future: use mysqli or PDO instead C:\wamp\www\1fengou\ThinkPHP\Library\Think\Db\Driver\Mysql.class.php 第 52 行.
SQL: SHOW COLUMNS FROM `test_product` [ RunTime:0.005814s ]
NOTIC: [2] strpos() expects parameter 1 to be string, object given C:\wamp\www\1fengou\ThinkPHP\Library\Think\Db.class.php 第 787 行.
NOTIC: [8] Undefined index: limit C:\wamp\www\1fengou\ThinkPHP\Library\Think\Db.class.php 第 793 行.
NOTIC: [8] Object of class Think\Page could not be converted to int C:\wamp\www\1fengou\ThinkPHP\Library\Think\Db.class.php 第 794 行.
SQL: SELECT * FROM `test_product` LIMIT 0,20   [ RunTime:0.000354s ]
SQL: SELECT COUNT(*) AS tp_count FROM `test_product` LIMIT 1   [ RunTime:0.000184s ]
SQL: SELECT COUNT(*) AS tp_count FROM `test_product` LIMIT 1   [ RunTime:0.000163s ]
NOTIC: [2] Division by zero C:\wamp\www\1fengou\Application\Home\Controller\ManageController.class.php 第 42 行.
NOTIC: [8] Object of class Think\Page could not be converted to int C:\wamp\www\1fengou\Application\Home\Controller\ManageController.class.php 第 43 行.
NOTIC: [8] Object of class Think\Page could not be converted to int C:\wamp\www\1fengou\Application\Home\Controller\ManageController.class.php 第 44 行.
SQL: SELECT COUNT(*) AS tp_count FROM `test_product` LIMIT 1   [ RunTime:0.000160s ]
SQL: SELECT COUNT(*) AS tp_count FROM `test_product` LIMIT 1   [ RunTime:0.000178s ]
INFO: [ view_parse ] --START--
INFO: [ template_filter ] --START--
INFO: Run Behavior\ContentReplace [ RunTime:0.000325s ]
INFO: [ template_filter ] --END-- [ RunTime:0.000533s ]
NOTIC: [8] Undefined variable: lala C:\wamp\www\1fengou\Application\Runtime\Cache\Home\f2ed2d116ee9faa6b5ea1d732a76329f.php 第 81 行.
NOTIC: [4096] Object of class Think\Page could not be converted to string C:\wamp\www\1fengou\Application\Runtime\Cache\Home\f2ed2d116ee9faa6b5ea1d732a76329f.php 第 86 行.
NOTIC: [4096] Object of class Think\Page could not be converted to string C:\wamp\www\1fengou\Application\Runtime\Cache\Home\f2ed2d116ee9faa6b5ea1d732a76329f.php 第 96 行.
NOTIC: [4096] Object of class Think\Page could not be converted to string C:\wamp\www\1fengou\Application\Runtime\Cache\Home\f2ed2d116ee9faa6b5ea1d732a76329f.php 第 121 行.
NOTIC: [4096] Object of class Think\Page could not be converted to string C:\wamp\www\1fengou\Application\Runtime\Cache\Home\f2ed2d116ee9faa6b5ea1d732a76329f.php 第 188 行.
INFO: Run Behavior\ParseTemplate [ RunTime:0.031915s ]
INFO: [ view_parse ] --END-- [ RunTime:0.032113s ]
INFO: [ view_filter ] --START--
INFO: Run Behavior\WriteHtmlCache [ RunTime:0.000656s ]
INFO: [ view_filter ] --END-- [ RunTime:0.000847s ]
INFO: [ app_end ] --START--
INFO: Run Behavior\ShowPageTrace [ RunTime:0.001145s ]
INFO: [ app_end ] --END-- [ RunTime:0.001407s ]

