[ 2016-03-18T14:37:22+08:00 ] ::1 /1fengou/index.php/home/Index/index
INFO: [ app_init ] --START--
INFO: Run Behavior\BuildLiteBehavior [ RunTime:0.000038s ]
INFO: [ app_init ] --END-- [ RunTime:0.001898s ]
INFO: [ app_begin ] --START--
INFO: Run Behavior\ReadHtmlCacheBehavior [ RunTime:0.001618s ]
INFO: [ app_begin ] --END-- [ RunTime:0.002011s ]

[ 2016-03-18T14:37:49+08:00 ] ::1 /1fengou/index.php/home/Index/index
INFO: [ app_init ] --START--
INFO: Run Behavior\BuildLiteBehavior [ RunTime:0.000039s ]
INFO: [ app_init ] --END-- [ RunTime:0.000782s ]
INFO: [ app_begin ] --START--
INFO: Run Behavior\ReadHtmlCacheBehavior [ RunTime:0.000905s ]
INFO: [ app_begin ] --END-- [ RunTime:0.001075s ]

[ 2016-03-18T14:37:49+08:00 ] ::1 /1fengou/index.php/Home/Public/login.html
INFO: [ app_init ] --START--
INFO: Run Behavior\BuildLiteBehavior [ RunTime:0.000038s ]
INFO: [ app_init ] --END-- [ RunTime:0.000634s ]
INFO: [ app_begin ] --START--
INFO: Run Behavior\ReadHtmlCacheBehavior [ RunTime:0.000836s ]
INFO: [ app_begin ] --END-- [ RunTime:0.001020s ]
INFO: [ view_parse ] --START--
INFO: [ template_filter ] --START--
INFO: Run Behavior\ContentReplaceBehavior [ RunTime:0.000583s ]
INFO: [ template_filter ] --END-- [ RunTime:0.000783s ]
INFO: Run Behavior\ParseTemplateBehavior [ RunTime:0.011207s ]
INFO: [ view_parse ] --END-- [ RunTime:0.011381s ]
INFO: [ view_filter ] --START--
INFO: Run Behavior\WriteHtmlCacheBehavior [ RunTime:0.000963s ]
INFO: [ view_filter ] --END-- [ RunTime:0.001131s ]
INFO: [ app_end ] --START--
INFO: Run Behavior\ShowPageTraceBehavior [ RunTime:0.001099s ]
INFO: [ app_end ] --END-- [ RunTime:0.001272s ]

[ 2016-03-18T14:37:51+08:00 ] ::1 /1fengou/index.php/Home/Public/login.html
INFO: [ app_init ] --START--
INFO: Run Behavior\BuildLiteBehavior [ RunTime:0.000040s ]
INFO: [ app_init ] --END-- [ RunTime:0.000752s ]
INFO: [ app_begin ] --START--
INFO: Run Behavior\ReadHtmlCacheBehavior [ RunTime:0.000850s ]
INFO: [ app_begin ] --END-- [ RunTime:0.001026s ]
SQL: SHOW COLUMNS FROM `think_user` [ RunTime:0.0102s ]
SQL: SELECT * FROM `think_user` WHERE `username` = 'guoyiming' LIMIT 1   [ RunTime:0.0014s ]

[ 2016-03-18T14:37:51+08:00 ] ::1 /1fengou/index.php/Home/Index/index.html
INFO: [ app_init ] --START--
INFO: Run Behavior\BuildLiteBehavior [ RunTime:0.000036s ]
INFO: [ app_init ] --END-- [ RunTime:0.000651s ]
INFO: [ app_begin ] --START--
INFO: Run Behavior\ReadHtmlCacheBehavior [ RunTime:0.000711s ]
INFO: [ app_begin ] --END-- [ RunTime:0.000880s ]
NOTIC: [2] Illegal string offset 'uid' C:\wamp\www\1fengou\Application\Home\Controller\PublicController.class.php 第 62 行.
SQL: SHOW COLUMNS FROM `think_product` [ RunTime:0.0063s ]
SQL: SELECT * FROM `think_product`  [ RunTime:0.0006s ]
INFO: [ view_parse ] --START--
INFO: [ template_filter ] --START--
INFO: Run Behavior\ContentReplaceBehavior [ RunTime:0.000375s ]
INFO: [ template_filter ] --END-- [ RunTime:0.000586s ]
NOTIC: [8] Undefined variable: _page C:\wamp\www\1fengou\Application\Runtime\Cache\Home\2a94b8bda04ff446dcedd42276fc99ee.php 第 550 行.
INFO: Run Behavior\ParseTemplateBehavior [ RunTime:0.029446s ]
INFO: [ view_parse ] --END-- [ RunTime:0.029712s ]
INFO: [ view_filter ] --START--
INFO: Run Behavior\WriteHtmlCacheBehavior [ RunTime:0.001197s ]
INFO: [ view_filter ] --END-- [ RunTime:0.001436s ]
INFO: [ app_end ] --START--
INFO: Run Behavior\ShowPageTraceBehavior [ RunTime:0.001009s ]
INFO: [ app_end ] --END-- [ RunTime:0.001252s ]

[ 2016-03-18T14:38:16+08:00 ] ::1 /1fengou/index.php/Home/Index/index.html
INFO: [ app_init ] --START--
INFO: Run Behavior\BuildLiteBehavior [ RunTime:0.000037s ]
INFO: [ app_init ] --END-- [ RunTime:0.000679s ]
INFO: [ app_begin ] --START--
INFO: Run Behavior\ReadHtmlCacheBehavior [ RunTime:0.000740s ]
INFO: [ app_begin ] --END-- [ RunTime:0.001027s ]
NOTIC: [2] Illegal string offset 'uid' C:\wamp\www\1fengou\Application\Home\Controller\PublicController.class.php 第 62 行.
SQL: SHOW COLUMNS FROM `think_product` [ RunTime:0.0056s ]
SQL: SELECT * FROM `think_product`  [ RunTime:0.0006s ]
INFO: [ view_parse ] --START--
INFO: [ template_filter ] --START--
INFO: Run Behavior\ContentReplaceBehavior [ RunTime:0.000260s ]
INFO: [ template_filter ] --END-- [ RunTime:0.000444s ]
NOTIC: [8] Undefined variable: _page C:\wamp\www\1fengou\Application\Runtime\Cache\Home\2a94b8bda04ff446dcedd42276fc99ee.php 第 550 行.
INFO: Run Behavior\ParseTemplateBehavior [ RunTime:0.025299s ]
INFO: [ view_parse ] --END-- [ RunTime:0.025470s ]
INFO: [ view_filter ] --START--
INFO: Run Behavior\WriteHtmlCacheBehavior [ RunTime:0.000497s ]
INFO: [ view_filter ] --END-- [ RunTime:0.000698s ]
INFO: [ app_end ] --START--
INFO: Run Behavior\ShowPageTraceBehavior [ RunTime:0.001082s ]
INFO: [ app_end ] --END-- [ RunTime:0.001446s ]

[ 2016-03-18T14:39:02+08:00 ] ::1 /1fengou/index.php/Home/Index/index.html
INFO: [ app_init ] --START--
INFO: Run Behavior\BuildLiteBehavior [ RunTime:0.000037s ]
INFO: [ app_init ] --END-- [ RunTime:0.000645s ]
INFO: [ app_begin ] --START--
INFO: Run Behavior\ReadHtmlCacheBehavior [ RunTime:0.000691s ]
INFO: [ app_begin ] --END-- [ RunTime:0.000864s ]
NOTIC: [2] Illegal string offset 'uid' C:\wamp\www\1fengou\Application\Home\Controller\PublicController.class.php 第 62 行.
SQL: SHOW COLUMNS FROM `think_product` [ RunTime:0.0084s ]
SQL: SELECT * FROM `think_product`  [ RunTime:0.0007s ]
INFO: [ view_parse ] --START--
INFO: [ template_filter ] --START--
INFO: Run Behavior\ContentReplaceBehavior [ RunTime:0.000258s ]
INFO: [ template_filter ] --END-- [ RunTime:0.000446s ]
NOTIC: [8] Undefined variable: _page C:\wamp\www\1fengou\Application\Runtime\Cache\Home\2a94b8bda04ff446dcedd42276fc99ee.php 第 550 行.
INFO: Run Behavior\ParseTemplateBehavior [ RunTime:0.025968s ]
INFO: [ view_parse ] --END-- [ RunTime:0.026131s ]
INFO: [ view_filter ] --START--
INFO: Run Behavior\WriteHtmlCacheBehavior [ RunTime:0.000569s ]
INFO: [ view_filter ] --END-- [ RunTime:0.000722s ]
INFO: [ app_end ] --START--
INFO: Run Behavior\ShowPageTraceBehavior [ RunTime:0.002417s ]
INFO: [ app_end ] --END-- [ RunTime:0.002614s ]

[ 2016-03-18T14:41:43+08:00 ] ::1 /1fengou/index.php/Home/Index/index.html
INFO: [ app_init ] --START--
INFO: Run Behavior\BuildLiteBehavior [ RunTime:0.000054s ]
INFO: [ app_init ] --END-- [ RunTime:0.000992s ]
INFO: [ app_begin ] --START--
INFO: Run Behavior\ReadHtmlCacheBehavior [ RunTime:0.000870s ]
INFO: [ app_begin ] --END-- [ RunTime:0.001046s ]
NOTIC: [2] Illegal string offset 'uid' C:\wamp\www\1fengou\Application\Home\Controller\PublicController.class.php 第 62 行.
SQL: SHOW COLUMNS FROM `think_product` [ RunTime:0.0073s ]
SQL: SELECT * FROM `think_product`  [ RunTime:0.0006s ]
INFO: [ view_parse ] --START--
INFO: [ template_filter ] --START--
INFO: Run Behavior\ContentReplaceBehavior [ RunTime:0.000246s ]
INFO: [ template_filter ] --END-- [ RunTime:0.000418s ]
NOTIC: [8] Undefined variable: _page C:\wamp\www\1fengou\Application\Runtime\Cache\Home\2a94b8bda04ff446dcedd42276fc99ee.php 第 550 行.
INFO: Run Behavior\ParseTemplateBehavior [ RunTime:0.028735s ]
INFO: [ view_parse ] --END-- [ RunTime:0.029011s ]
INFO: [ view_filter ] --START--
INFO: Run Behavior\WriteHtmlCacheBehavior [ RunTime:0.000757s ]
INFO: [ view_filter ] --END-- [ RunTime:0.001017s ]
INFO: [ app_end ] --START--
INFO: Run Behavior\ShowPageTraceBehavior [ RunTime:0.001131s ]
INFO: [ app_end ] --END-- [ RunTime:0.001461s ]

[ 2016-03-18T14:43:33+08:00 ] ::1 /1fengou/index.php/Home/Index/index.html
INFO: [ app_init ] --START--
INFO: Run Behavior\BuildLiteBehavior [ RunTime:0.000036s ]
INFO: [ app_init ] --END-- [ RunTime:0.000699s ]
INFO: [ app_begin ] --START--
INFO: Run Behavior\ReadHtmlCacheBehavior [ RunTime:0.000906s ]
INFO: [ app_begin ] --END-- [ RunTime:0.001089s ]
NOTIC: [2] Illegal string offset 'uid' C:\wamp\www\1fengou\Application\Home\Controller\PublicController.class.php 第 62 行.
ERR: Think\Controller:test方法不存在！

[ 2016-03-18T14:43:43+08:00 ] ::1 /1fengou/index.php/Home/Index/index.html
INFO: [ app_init ] --START--
INFO: Run Behavior\BuildLiteBehavior [ RunTime:0.000038s ]
INFO: [ app_init ] --END-- [ RunTime:0.000732s ]
INFO: [ app_begin ] --START--
INFO: Run Behavior\ReadHtmlCacheBehavior [ RunTime:0.000862s ]
INFO: [ app_begin ] --END-- [ RunTime:0.001044s ]
NOTIC: [2] Illegal string offset 'uid' C:\wamp\www\1fengou\Application\Home\Controller\PublicController.class.php 第 62 行.
SQL: SHOW COLUMNS FROM `think_product` [ RunTime:0.0509s ]
SQL: SELECT * FROM `think_product`  [ RunTime:0.0010s ]
INFO: [ view_parse ] --START--
INFO: [ template_filter ] --START--
INFO: Run Behavior\ContentReplaceBehavior [ RunTime:0.000275s ]
INFO: [ template_filter ] --END-- [ RunTime:0.000455s ]
NOTIC: [8] Undefined variable: _page C:\wamp\www\1fengou\Application\Runtime\Cache\Home\2a94b8bda04ff446dcedd42276fc99ee.php 第 550 行.
INFO: Run Behavior\ParseTemplateBehavior [ RunTime:0.027057s ]
INFO: [ view_parse ] --END-- [ RunTime:0.027345s ]
INFO: [ view_filter ] --START--
INFO: Run Behavior\WriteHtmlCacheBehavior [ RunTime:0.000707s ]
INFO: [ view_filter ] --END-- [ RunTime:0.000876s ]
INFO: [ app_end ] --START--
INFO: Run Behavior\ShowPageTraceBehavior [ RunTime:0.001190s ]
INFO: [ app_end ] --END-- [ RunTime:0.001443s ]

