[ 2016-03-09T10:10:17+08:00 ] ::1 /1fengou/index.php/home/index/index/type/index
INFO: [ app_init ] --START--
INFO: Run Behavior\BuildLiteBehavior [ RunTime:0.000041s ]
INFO: [ app_init ] --END-- [ RunTime:0.001486s ]
INFO: [ app_begin ] --START--
INFO: Run Behavior\ReadHtmlCacheBehavior [ RunTime:0.001177s ]
INFO: [ app_begin ] --END-- [ RunTime:0.001380s ]
SQL: SHOW COLUMNS FROM `think_product` [ RunTime:0.0012s ]
SQL: SELECT * FROM `think_product`  [ RunTime:0.0006s ]
INFO: [ view_parse ] --START--
INFO: [ template_filter ] --START--
INFO: Run Behavior\ContentReplaceBehavior [ RunTime:0.001809s ]
INFO: [ template_filter ] --END-- [ RunTime:0.002008s ]
NOTIC: [8] Undefined variable: _page D:\code\WampServer\wamp64\www\1fengou\Application\Runtime\Cache\Home\2a94b8bda04ff446dcedd42276fc99ee.php 第 550 行.
INFO: Run Behavior\ParseTemplateBehavior [ RunTime:0.035789s ]
INFO: [ view_parse ] --END-- [ RunTime:0.035984s ]
INFO: [ view_filter ] --START--
INFO: Run Behavior\WriteHtmlCacheBehavior [ RunTime:0.000963s ]
INFO: [ view_filter ] --END-- [ RunTime:0.001145s ]
INFO: [ app_end ] --START--
INFO: Run Behavior\ShowPageTraceBehavior [ RunTime:0.002037s ]
INFO: [ app_end ] --END-- [ RunTime:0.002384s ]

[ 2016-03-09T10:10:19+08:00 ] ::1 /1fengou/index.php/home/Manage/index
INFO: [ app_init ] --START--
INFO: Run Behavior\BuildLiteBehavior [ RunTime:0.000040s ]
INFO: [ app_init ] --END-- [ RunTime:0.000837s ]
INFO: [ app_begin ] --START--
INFO: Run Behavior\ReadHtmlCacheBehavior [ RunTime:0.001054s ]
INFO: [ app_begin ] --END-- [ RunTime:0.001326s ]
NOTIC: [8] Undefined variable: param D:\code\WampServer\wamp64\www\1fengou\Application\Home\Controller\ManageController.class.php 第 30 行.
SQL: SHOW COLUMNS FROM `think_product` [ RunTime:0.0016s ]
SQL: SELECT * FROM `think_product` WHERE (  1 )  [ RunTime:0.0006s ]
SQL: SELECT * FROM `think_product` WHERE (  1 ) LIMIT 0,10   [ RunTime:0.0009s ]
INFO: [ view_parse ] --START--
INFO: [ template_filter ] --START--
INFO: Run Behavior\ContentReplaceBehavior [ RunTime:0.000610s ]
INFO: [ template_filter ] --END-- [ RunTime:0.000817s ]
NOTIC: [8] Undefined variable: totalPages D:\code\WampServer\wamp64\www\1fengou\Application\Runtime\Cache\Home\f2ed2d116ee9faa6b5ea1d732a76329f.php 第 758 行.
INFO: Run Behavior\ParseTemplateBehavior [ RunTime:0.037068s ]
INFO: [ view_parse ] --END-- [ RunTime:0.037384s ]
INFO: [ view_filter ] --START--
INFO: Run Behavior\WriteHtmlCacheBehavior [ RunTime:0.000961s ]
INFO: [ view_filter ] --END-- [ RunTime:0.001155s ]
INFO: [ app_end ] --START--
INFO: Run Behavior\ShowPageTraceBehavior [ RunTime:0.001520s ]
INFO: [ app_end ] --END-- [ RunTime:0.001815s ]

[ 2016-03-09T10:11:09+08:00 ] ::1 /1fengou/index.php/home/Manage/index
INFO: [ app_init ] --START--
INFO: Run Behavior\BuildLiteBehavior [ RunTime:0.000041s ]
INFO: [ app_init ] --END-- [ RunTime:0.000794s ]
INFO: [ app_begin ] --START--
INFO: Run Behavior\ReadHtmlCacheBehavior [ RunTime:0.000864s ]
INFO: [ app_begin ] --END-- [ RunTime:0.001064s ]
NOTIC: [8] Undefined variable: param D:\code\WampServer\wamp64\www\1fengou\Application\Home\Controller\ManageController.class.php 第 30 行.
SQL: SHOW COLUMNS FROM `think_product` [ RunTime:0.0013s ]
SQL: SELECT * FROM `think_product` WHERE (  1 )  [ RunTime:0.0006s ]
SQL: SELECT * FROM `think_product` WHERE (  1 ) LIMIT 0,10   [ RunTime:0.0007s ]
INFO: [ view_parse ] --START--
INFO: [ template_filter ] --START--
INFO: Run Behavior\ContentReplaceBehavior [ RunTime:0.000942s ]
INFO: [ template_filter ] --END-- [ RunTime:0.002006s ]
NOTIC: [8] Undefined variable: totalPages D:\code\WampServer\wamp64\www\1fengou\Application\Runtime\Cache\Home\f2ed2d116ee9faa6b5ea1d732a76329f.php 第 758 行.
INFO: Run Behavior\ParseTemplateBehavior [ RunTime:0.061138s ]
INFO: [ view_parse ] --END-- [ RunTime:0.061499s ]
INFO: [ view_filter ] --START--
INFO: Run Behavior\WriteHtmlCacheBehavior [ RunTime:0.001091s ]
INFO: [ view_filter ] --END-- [ RunTime:0.001454s ]
INFO: [ app_end ] --START--
INFO: Run Behavior\ShowPageTraceBehavior [ RunTime:0.003359s ]
INFO: [ app_end ] --END-- [ RunTime:0.004919s ]

[ 2016-03-09T10:11:23+08:00 ] ::1 /1fengou/index.php/home/Manage/index
INFO: [ app_init ] --START--
INFO: Run Behavior\BuildLiteBehavior [ RunTime:0.000045s ]
INFO: [ app_init ] --END-- [ RunTime:0.000813s ]
INFO: [ app_begin ] --START--
INFO: Run Behavior\ReadHtmlCacheBehavior [ RunTime:0.001022s ]
INFO: [ app_begin ] --END-- [ RunTime:0.001236s ]
NOTIC: [8] Undefined variable: param D:\code\WampServer\wamp64\www\1fengou\Application\Home\Controller\ManageController.class.php 第 30 行.
SQL: SHOW COLUMNS FROM `think_product` [ RunTime:0.0013s ]
SQL: SELECT * FROM `think_product` WHERE (  1 )  [ RunTime:0.0006s ]
SQL: SELECT * FROM `think_product` WHERE (  1 ) LIMIT 0,10   [ RunTime:0.0005s ]
INFO: [ view_parse ] --START--
INFO: [ template_filter ] --START--
INFO: Run Behavior\ContentReplaceBehavior [ RunTime:0.000874s ]
INFO: [ template_filter ] --END-- [ RunTime:0.001193s ]
NOTIC: [8] Undefined variable: totalPages D:\code\WampServer\wamp64\www\1fengou\Application\Runtime\Cache\Home\f2ed2d116ee9faa6b5ea1d732a76329f.php 第 758 行.
INFO: Run Behavior\ParseTemplateBehavior [ RunTime:0.051924s ]
INFO: [ view_parse ] --END-- [ RunTime:0.052114s ]
INFO: [ view_filter ] --START--
INFO: Run Behavior\WriteHtmlCacheBehavior [ RunTime:0.000725s ]
INFO: [ view_filter ] --END-- [ RunTime:0.000904s ]
INFO: [ app_end ] --START--
INFO: Run Behavior\ShowPageTraceBehavior [ RunTime:0.001366s ]
INFO: [ app_end ] --END-- [ RunTime:0.001723s ]

[ 2016-03-09T10:11:47+08:00 ] ::1 /1fengou/index.php/home/Manage/index
INFO: [ app_init ] --START--
INFO: Run Behavior\BuildLiteBehavior [ RunTime:0.000077s ]
INFO: [ app_init ] --END-- [ RunTime:0.001250s ]
INFO: [ app_begin ] --START--
INFO: Run Behavior\ReadHtmlCacheBehavior [ RunTime:0.001668s ]
INFO: [ app_begin ] --END-- [ RunTime:0.002454s ]
NOTIC: [8] Undefined variable: param D:\code\WampServer\wamp64\www\1fengou\Application\Home\Controller\ManageController.class.php 第 30 行.
SQL: SHOW COLUMNS FROM `think_product` [ RunTime:0.0012s ]
SQL: SELECT * FROM `think_product` WHERE (  1 )  [ RunTime:0.0005s ]
SQL: SELECT * FROM `think_product` WHERE (  1 ) LIMIT 0,10   [ RunTime:0.0004s ]
INFO: [ view_parse ] --START--
INFO: [ template_filter ] --START--
INFO: Run Behavior\ContentReplaceBehavior [ RunTime:0.000610s ]
INFO: [ template_filter ] --END-- [ RunTime:0.000816s ]
NOTIC: [8] Undefined variable: totalPages D:\code\WampServer\wamp64\www\1fengou\Application\Runtime\Cache\Home\f2ed2d116ee9faa6b5ea1d732a76329f.php 第 759 行.
INFO: Run Behavior\ParseTemplateBehavior [ RunTime:0.032894s ]
INFO: [ view_parse ] --END-- [ RunTime:0.033082s ]
INFO: [ view_filter ] --START--
INFO: Run Behavior\WriteHtmlCacheBehavior [ RunTime:0.000631s ]
INFO: [ view_filter ] --END-- [ RunTime:0.000804s ]
INFO: [ app_end ] --START--
INFO: Run Behavior\ShowPageTraceBehavior [ RunTime:0.001974s ]
INFO: [ app_end ] --END-- [ RunTime:0.003018s ]

[ 2016-03-09T10:11:50+08:00 ] ::1 /1fengou/index.php/home/Manage/index
INFO: [ app_init ] --START--
INFO: Run Behavior\BuildLiteBehavior [ RunTime:0.000041s ]
INFO: [ app_init ] --END-- [ RunTime:0.000798s ]
INFO: [ app_begin ] --START--
INFO: Run Behavior\ReadHtmlCacheBehavior [ RunTime:0.001119s ]
INFO: [ app_begin ] --END-- [ RunTime:0.001427s ]
NOTIC: [8] Undefined variable: param D:\code\WampServer\wamp64\www\1fengou\Application\Home\Controller\ManageController.class.php 第 30 行.
SQL: SHOW COLUMNS FROM `think_product` [ RunTime:0.0015s ]
SQL: SELECT * FROM `think_product` WHERE (  1 )  [ RunTime:0.0008s ]
SQL: SELECT * FROM `think_product` WHERE (  1 ) LIMIT 0,10   [ RunTime:0.0005s ]
INFO: [ view_parse ] --START--
INFO: [ template_filter ] --START--
INFO: Run Behavior\ContentReplaceBehavior [ RunTime:0.000800s ]
INFO: [ template_filter ] --END-- [ RunTime:0.001130s ]
NOTIC: [8] Undefined variable: totalPages D:\code\WampServer\wamp64\www\1fengou\Application\Runtime\Cache\Home\f2ed2d116ee9faa6b5ea1d732a76329f.php 第 759 行.
INFO: Run Behavior\ParseTemplateBehavior [ RunTime:0.033406s ]
INFO: [ view_parse ] --END-- [ RunTime:0.033594s ]
INFO: [ view_filter ] --START--
INFO: Run Behavior\WriteHtmlCacheBehavior [ RunTime:0.000665s ]
INFO: [ view_filter ] --END-- [ RunTime:0.000839s ]
INFO: [ app_end ] --START--
INFO: Run Behavior\ShowPageTraceBehavior [ RunTime:0.001256s ]
INFO: [ app_end ] --END-- [ RunTime:0.001554s ]

[ 2016-03-09T10:12:06+08:00 ] ::1 /1fengou/index.php/home/Manage/index
INFO: [ app_init ] --START--
INFO: Run Behavior\BuildLiteBehavior [ RunTime:0.000109s ]
INFO: [ app_init ] --END-- [ RunTime:0.001097s ]
INFO: [ app_begin ] --START--
INFO: Run Behavior\ReadHtmlCacheBehavior [ RunTime:0.000901s ]
INFO: [ app_begin ] --END-- [ RunTime:0.001107s ]
NOTIC: [8] Undefined variable: param D:\code\WampServer\wamp64\www\1fengou\Application\Home\Controller\ManageController.class.php 第 30 行.
SQL: SHOW COLUMNS FROM `think_product` [ RunTime:0.0013s ]
SQL: SELECT * FROM `think_product` WHERE (  1 )  [ RunTime:0.0006s ]
SQL: SELECT * FROM `think_product` WHERE (  1 ) LIMIT 0,10   [ RunTime:0.0004s ]
INFO: [ view_parse ] --START--
INFO: [ template_filter ] --START--
INFO: Run Behavior\ContentReplaceBehavior [ RunTime:0.000609s ]
INFO: [ template_filter ] --END-- [ RunTime:0.000811s ]
NOTIC: [8] Undefined variable: totalPages D:\code\WampServer\wamp64\www\1fengou\Application\Runtime\Cache\Home\f2ed2d116ee9faa6b5ea1d732a76329f.php 第 760 行.
INFO: Run Behavior\ParseTemplateBehavior [ RunTime:0.032956s ]
INFO: [ view_parse ] --END-- [ RunTime:0.033145s ]
INFO: [ view_filter ] --START--
INFO: Run Behavior\WriteHtmlCacheBehavior [ RunTime:0.000643s ]
INFO: [ view_filter ] --END-- [ RunTime:0.000817s ]
INFO: [ app_end ] --START--
INFO: Run Behavior\ShowPageTraceBehavior [ RunTime:0.001088s ]
INFO: [ app_end ] --END-- [ RunTime:0.001442s ]

[ 2016-03-09T10:14:03+08:00 ] ::1 /1fengou/index.php/home/Manage/index
INFO: [ app_init ] --START--
INFO: Run Behavior\BuildLiteBehavior [ RunTime:0.000041s ]
INFO: [ app_init ] --END-- [ RunTime:0.000759s ]
INFO: [ app_begin ] --START--
INFO: Run Behavior\ReadHtmlCacheBehavior [ RunTime:0.001048s ]
INFO: [ app_begin ] --END-- [ RunTime:0.001264s ]
NOTIC: [8] Undefined variable: param D:\code\WampServer\wamp64\www\1fengou\Application\Home\Controller\ManageController.class.php 第 30 行.
SQL: SHOW COLUMNS FROM `think_product` [ RunTime:0.0013s ]
SQL: SELECT * FROM `think_product` WHERE (  1 )  [ RunTime:0.0006s ]
SQL: SELECT * FROM `think_product` WHERE (  1 ) LIMIT 0,10   [ RunTime:0.0004s ]
INFO: [ view_parse ] --START--
INFO: [ template_filter ] --START--
INFO: Run Behavior\ContentReplaceBehavior [ RunTime:0.000654s ]
INFO: [ template_filter ] --END-- [ RunTime:0.000862s ]
NOTIC: [8] Undefined variable: totalPages D:\code\WampServer\wamp64\www\1fengou\Application\Runtime\Cache\Home\f2ed2d116ee9faa6b5ea1d732a76329f.php 第 760 行.
INFO: Run Behavior\ParseTemplateBehavior [ RunTime:0.049693s ]
INFO: [ view_parse ] --END-- [ RunTime:0.049887s ]
INFO: [ view_filter ] --START--
INFO: Run Behavior\WriteHtmlCacheBehavior [ RunTime:0.000669s ]
INFO: [ view_filter ] --END-- [ RunTime:0.000849s ]
INFO: [ app_end ] --START--
INFO: Run Behavior\ShowPageTraceBehavior [ RunTime:0.001736s ]
INFO: [ app_end ] --END-- [ RunTime:0.002084s ]

[ 2016-03-09T10:14:05+08:00 ] ::1 /1fengou/index.php/home/Manage/index
INFO: [ app_init ] --START--
INFO: Run Behavior\BuildLiteBehavior [ RunTime:0.000043s ]
INFO: [ app_init ] --END-- [ RunTime:0.000776s ]
INFO: [ app_begin ] --START--
INFO: Run Behavior\ReadHtmlCacheBehavior [ RunTime:0.000797s ]
INFO: [ app_begin ] --END-- [ RunTime:0.001009s ]
NOTIC: [8] Undefined variable: param D:\code\WampServer\wamp64\www\1fengou\Application\Home\Controller\ManageController.class.php 第 30 行.
SQL: SHOW COLUMNS FROM `think_product` [ RunTime:0.0012s ]
SQL: SELECT * FROM `think_product` WHERE (  1 )  [ RunTime:0.0006s ]
SQL: SELECT * FROM `think_product` WHERE (  1 ) LIMIT 0,10   [ RunTime:0.0005s ]
INFO: [ view_parse ] --START--
INFO: [ template_filter ] --START--
INFO: Run Behavior\ContentReplaceBehavior [ RunTime:0.000634s ]
INFO: [ template_filter ] --END-- [ RunTime:0.000842s ]
NOTIC: [8] Undefined variable: totalPages D:\code\WampServer\wamp64\www\1fengou\Application\Runtime\Cache\Home\f2ed2d116ee9faa6b5ea1d732a76329f.php 第 760 行.
INFO: Run Behavior\ParseTemplateBehavior [ RunTime:0.035672s ]
INFO: [ view_parse ] --END-- [ RunTime:0.035879s ]
INFO: [ view_filter ] --START--
INFO: Run Behavior\WriteHtmlCacheBehavior [ RunTime:0.000709s ]
INFO: [ view_filter ] --END-- [ RunTime:0.000899s ]
INFO: [ app_end ] --START--
INFO: Run Behavior\ShowPageTraceBehavior [ RunTime:0.001224s ]
INFO: [ app_end ] --END-- [ RunTime:0.001662s ]

[ 2016-03-09T10:14:07+08:00 ] ::1 /1fengou/index.php/home/Manage/index
INFO: [ app_init ] --START--
INFO: Run Behavior\BuildLiteBehavior [ RunTime:0.000047s ]
INFO: [ app_init ] --END-- [ RunTime:0.001156s ]
INFO: [ app_begin ] --START--
INFO: Run Behavior\ReadHtmlCacheBehavior [ RunTime:0.001041s ]
INFO: [ app_begin ] --END-- [ RunTime:0.001273s ]
NOTIC: [8] Undefined variable: param D:\code\WampServer\wamp64\www\1fengou\Application\Home\Controller\ManageController.class.php 第 30 行.
SQL: SHOW COLUMNS FROM `think_product` [ RunTime:0.0012s ]
SQL: SELECT * FROM `think_product` WHERE (  1 )  [ RunTime:0.0006s ]
SQL: SELECT * FROM `think_product` WHERE (  1 ) LIMIT 0,10   [ RunTime:0.0005s ]
INFO: [ view_parse ] --START--
INFO: [ template_filter ] --START--
INFO: Run Behavior\ContentReplaceBehavior [ RunTime:0.000619s ]
INFO: [ template_filter ] --END-- [ RunTime:0.000827s ]
NOTIC: [8] Undefined variable: totalPages D:\code\WampServer\wamp64\www\1fengou\Application\Runtime\Cache\Home\f2ed2d116ee9faa6b5ea1d732a76329f.php 第 760 行.
INFO: Run Behavior\ParseTemplateBehavior [ RunTime:0.035389s ]
INFO: [ view_parse ] --END-- [ RunTime:0.035676s ]
INFO: [ view_filter ] --START--
INFO: Run Behavior\WriteHtmlCacheBehavior [ RunTime:0.000723s ]
INFO: [ view_filter ] --END-- [ RunTime:0.000905s ]
INFO: [ app_end ] --START--
INFO: Run Behavior\ShowPageTraceBehavior [ RunTime:0.001777s ]
INFO: [ app_end ] --END-- [ RunTime:0.002132s ]

[ 2016-03-09T10:14:17+08:00 ] ::1 /1fengou/index.php/home/Manage/index
INFO: [ app_init ] --START--
INFO: Run Behavior\BuildLiteBehavior [ RunTime:0.000045s ]
INFO: [ app_init ] --END-- [ RunTime:0.001091s ]
INFO: [ app_begin ] --START--
INFO: Run Behavior\ReadHtmlCacheBehavior [ RunTime:0.001244s ]
INFO: [ app_begin ] --END-- [ RunTime:0.001552s ]
NOTIC: [8] Undefined variable: param D:\code\WampServer\wamp64\www\1fengou\Application\Home\Controller\ManageController.class.php 第 30 行.
SQL: SHOW COLUMNS FROM `think_product` [ RunTime:0.0016s ]
SQL: SELECT * FROM `think_product` WHERE (  1 )  [ RunTime:0.0006s ]
SQL: SELECT * FROM `think_product` WHERE (  1 ) LIMIT 0,10   [ RunTime:0.0008s ]
INFO: [ view_parse ] --START--
INFO: [ template_filter ] --START--
INFO: Run Behavior\ContentReplaceBehavior [ RunTime:0.000631s ]
INFO: [ template_filter ] --END-- [ RunTime:0.000846s ]
NOTIC: [8] Undefined variable: totalPages D:\code\WampServer\wamp64\www\1fengou\Application\Runtime\Cache\Home\f2ed2d116ee9faa6b5ea1d732a76329f.php 第 760 行.
INFO: Run Behavior\ParseTemplateBehavior [ RunTime:0.045755s ]
INFO: [ view_parse ] --END-- [ RunTime:0.045979s ]
INFO: [ view_filter ] --START--
INFO: Run Behavior\WriteHtmlCacheBehavior [ RunTime:0.000664s ]
INFO: [ view_filter ] --END-- [ RunTime:0.000847s ]
INFO: [ app_end ] --START--
INFO: Run Behavior\ShowPageTraceBehavior [ RunTime:0.001612s ]
INFO: [ app_end ] --END-- [ RunTime:0.001988s ]

[ 2016-03-09T10:16:08+08:00 ] ::1 /1fengou/index.php/home/Manage/index
INFO: [ app_init ] --START--
INFO: Run Behavior\BuildLiteBehavior [ RunTime:0.000071s ]
INFO: [ app_init ] --END-- [ RunTime:0.001116s ]
INFO: [ app_begin ] --START--
INFO: Run Behavior\ReadHtmlCacheBehavior [ RunTime:0.000928s ]
INFO: [ app_begin ] --END-- [ RunTime:0.001129s ]
NOTIC: [8] Undefined variable: param D:\code\WampServer\wamp64\www\1fengou\Application\Home\Controller\ManageController.class.php 第 30 行.
SQL: SHOW COLUMNS FROM `think_product` [ RunTime:0.0013s ]
SQL: SELECT * FROM `think_product` WHERE (  1 )  [ RunTime:0.0006s ]
SQL: SELECT * FROM `think_product` WHERE (  1 ) LIMIT 0,10   [ RunTime:0.0005s ]
INFO: [ view_parse ] --START--
INFO: [ template_filter ] --START--
INFO: Run Behavior\ContentReplaceBehavior [ RunTime:0.000637s ]
INFO: [ template_filter ] --END-- [ RunTime:0.000846s ]
NOTIC: [8] Undefined variable: totalPages D:\code\WampServer\wamp64\www\1fengou\Application\Runtime\Cache\Home\f2ed2d116ee9faa6b5ea1d732a76329f.php 第 760 行.
INFO: Run Behavior\ParseTemplateBehavior [ RunTime:0.037800s ]
INFO: [ view_parse ] --END-- [ RunTime:0.037998s ]
INFO: [ view_filter ] --START--
INFO: Run Behavior\WriteHtmlCacheBehavior [ RunTime:0.000680s ]
INFO: [ view_filter ] --END-- [ RunTime:0.000862s ]
INFO: [ app_end ] --START--
INFO: Run Behavior\ShowPageTraceBehavior [ RunTime:0.001538s ]
INFO: [ app_end ] --END-- [ RunTime:0.001925s ]

[ 2016-03-09T10:16:18+08:00 ] ::1 /1fengou/index.php/home/Manage/index
INFO: [ app_init ] --START--
INFO: Run Behavior\BuildLiteBehavior [ RunTime:0.000043s ]
INFO: [ app_init ] --END-- [ RunTime:0.000764s ]
INFO: [ app_begin ] --START--
INFO: Run Behavior\ReadHtmlCacheBehavior [ RunTime:0.001192s ]
INFO: [ app_begin ] --END-- [ RunTime:0.001490s ]
NOTIC: [8] Undefined variable: param D:\code\WampServer\wamp64\www\1fengou\Application\Home\Controller\ManageController.class.php 第 30 行.
SQL: SHOW COLUMNS FROM `think_product` [ RunTime:0.0015s ]
SQL: SELECT * FROM `think_product` WHERE (  1 )  [ RunTime:0.0005s ]
SQL: SELECT * FROM `think_product` WHERE (  1 ) LIMIT 0,10   [ RunTime:0.0005s ]
INFO: [ view_parse ] --START--
INFO: [ template_filter ] --START--
INFO: Run Behavior\ContentReplaceBehavior [ RunTime:0.000624s ]
INFO: [ template_filter ] --END-- [ RunTime:0.000830s ]
NOTIC: [8] Undefined variable: totalPages D:\code\WampServer\wamp64\www\1fengou\Application\Runtime\Cache\Home\f2ed2d116ee9faa6b5ea1d732a76329f.php 第 760 行.
INFO: Run Behavior\ParseTemplateBehavior [ RunTime:0.035158s ]
INFO: [ view_parse ] --END-- [ RunTime:0.035354s ]
INFO: [ view_filter ] --START--
INFO: Run Behavior\WriteHtmlCacheBehavior [ RunTime:0.000969s ]
INFO: [ view_filter ] --END-- [ RunTime:0.001325s ]
INFO: [ app_end ] --START--
INFO: Run Behavior\ShowPageTraceBehavior [ RunTime:0.002411s ]
INFO: [ app_end ] --END-- [ RunTime:0.002865s ]

[ 2016-03-09T10:16:29+08:00 ] ::1 /1fengou/index.php/home/Manage/index
INFO: [ app_init ] --START--
INFO: Run Behavior\BuildLiteBehavior [ RunTime:0.000069s ]
INFO: [ app_init ] --END-- [ RunTime:0.001141s ]
INFO: [ app_begin ] --START--
INFO: Run Behavior\ReadHtmlCacheBehavior [ RunTime:0.001524s ]
INFO: [ app_begin ] --END-- [ RunTime:0.001822s ]
NOTIC: [8] Undefined variable: param D:\code\WampServer\wamp64\www\1fengou\Application\Home\Controller\ManageController.class.php 第 30 行.
SQL: SHOW COLUMNS FROM `think_product` [ RunTime:0.0013s ]
SQL: SELECT * FROM `think_product` WHERE (  1 )  [ RunTime:0.0007s ]
SQL: SELECT * FROM `think_product` WHERE (  1 ) LIMIT 0,10   [ RunTime:0.0004s ]
INFO: [ view_parse ] --START--
INFO: [ template_filter ] --START--
INFO: Run Behavior\ContentReplaceBehavior [ RunTime:0.000831s ]
INFO: [ template_filter ] --END-- [ RunTime:0.001158s ]
NOTIC: [8] Undefined variable: totalPages D:\code\WampServer\wamp64\www\1fengou\Application\Runtime\Cache\Home\f2ed2d116ee9faa6b5ea1d732a76329f.php 第 760 行.
INFO: Run Behavior\ParseTemplateBehavior [ RunTime:0.038576s ]
INFO: [ view_parse ] --END-- [ RunTime:0.038796s ]
INFO: [ view_filter ] --START--
INFO: Run Behavior\WriteHtmlCacheBehavior [ RunTime:0.000702s ]
INFO: [ view_filter ] --END-- [ RunTime:0.000881s ]
INFO: [ app_end ] --START--
INFO: Run Behavior\ShowPageTraceBehavior [ RunTime:0.001169s ]
INFO: [ app_end ] --END-- [ RunTime:0.001534s ]

[ 2016-03-09T10:16:36+08:00 ] ::1 /1fengou/index.php/home/Manage/index
INFO: [ app_init ] --START--
INFO: Run Behavior\BuildLiteBehavior [ RunTime:0.000042s ]
INFO: [ app_init ] --END-- [ RunTime:0.000857s ]
INFO: [ app_begin ] --START--
INFO: Run Behavior\ReadHtmlCacheBehavior [ RunTime:0.001310s ]
INFO: [ app_begin ] --END-- [ RunTime:0.001620s ]
NOTIC: [8] Undefined variable: param D:\code\WampServer\wamp64\www\1fengou\Application\Home\Controller\ManageController.class.php 第 30 行.
SQL: SHOW COLUMNS FROM `think_product` [ RunTime:0.0012s ]
SQL: SELECT * FROM `think_product` WHERE (  1 )  [ RunTime:0.0008s ]
SQL: SELECT * FROM `think_product` WHERE (  1 ) LIMIT 0,10   [ RunTime:0.0006s ]
INFO: [ view_parse ] --START--
INFO: [ template_filter ] --START--
INFO: Run Behavior\ContentReplaceBehavior [ RunTime:0.000964s ]
INFO: [ template_filter ] --END-- [ RunTime:0.001383s ]
NOTIC: [8] Undefined variable: totalPages D:\code\WampServer\wamp64\www\1fengou\Application\Runtime\Cache\Home\f2ed2d116ee9faa6b5ea1d732a76329f.php 第 760 行.
INFO: Run Behavior\ParseTemplateBehavior [ RunTime:0.037145s ]
INFO: [ view_parse ] --END-- [ RunTime:0.037449s ]
INFO: [ view_filter ] --START--
INFO: Run Behavior\WriteHtmlCacheBehavior [ RunTime:0.000885s ]
INFO: [ view_filter ] --END-- [ RunTime:0.001148s ]
INFO: [ app_end ] --START--
INFO: Run Behavior\ShowPageTraceBehavior [ RunTime:0.001447s ]
INFO: [ app_end ] --END-- [ RunTime:0.001820s ]

[ 2016-03-09T10:16:49+08:00 ] ::1 /1fengou/index.php/home/Manage/index
INFO: [ app_init ] --START--
INFO: Run Behavior\BuildLiteBehavior [ RunTime:0.000043s ]
INFO: [ app_init ] --END-- [ RunTime:0.000743s ]
INFO: [ app_begin ] --START--
INFO: Run Behavior\ReadHtmlCacheBehavior [ RunTime:0.000902s ]
INFO: [ app_begin ] --END-- [ RunTime:0.001190s ]
NOTIC: [8] Undefined variable: param D:\code\WampServer\wamp64\www\1fengou\Application\Home\Controller\ManageController.class.php 第 30 行.
SQL: SHOW COLUMNS FROM `think_product` [ RunTime:0.0009s ]
SQL: SELECT * FROM `think_product` WHERE (  1 )  [ RunTime:0.0006s ]
SQL: SELECT * FROM `think_product` WHERE (  1 ) LIMIT 0,10   [ RunTime:0.0005s ]
INFO: [ view_parse ] --START--
INFO: [ template_filter ] --START--
INFO: Run Behavior\ContentReplaceBehavior [ RunTime:0.000651s ]
INFO: [ template_filter ] --END-- [ RunTime:0.000873s ]
NOTIC: [8] Undefined variable: totalPages D:\code\WampServer\wamp64\www\1fengou\Application\Runtime\Cache\Home\f2ed2d116ee9faa6b5ea1d732a76329f.php 第 760 行.
INFO: Run Behavior\ParseTemplateBehavior [ RunTime:0.041526s ]
INFO: [ view_parse ] --END-- [ RunTime:0.041718s ]
INFO: [ view_filter ] --START--
INFO: Run Behavior\WriteHtmlCacheBehavior [ RunTime:0.000914s ]
INFO: [ view_filter ] --END-- [ RunTime:0.001194s ]
INFO: [ app_end ] --START--
INFO: Run Behavior\ShowPageTraceBehavior [ RunTime:0.001530s ]
INFO: [ app_end ] --END-- [ RunTime:0.001927s ]

[ 2016-03-09T10:17:03+08:00 ] ::1 /1fengou/index.php/home/Manage/index
INFO: [ app_init ] --START--
INFO: Run Behavior\BuildLiteBehavior [ RunTime:0.000042s ]
INFO: [ app_init ] --END-- [ RunTime:0.000684s ]
INFO: [ app_begin ] --START--
INFO: Run Behavior\ReadHtmlCacheBehavior [ RunTime:0.000981s ]
INFO: [ app_begin ] --END-- [ RunTime:0.001242s ]
NOTIC: [8] Undefined variable: param D:\code\WampServer\wamp64\www\1fengou\Application\Home\Controller\ManageController.class.php 第 30 行.
SQL: SHOW COLUMNS FROM `think_product` [ RunTime:0.0008s ]
SQL: SELECT * FROM `think_product` WHERE (  1 )  [ RunTime:0.0007s ]
SQL: SELECT * FROM `think_product` WHERE (  1 ) LIMIT 0,10   [ RunTime:0.0005s ]
INFO: [ view_parse ] --START--
INFO: [ template_filter ] --START--
INFO: Run Behavior\ContentReplaceBehavior [ RunTime:0.000648s ]
INFO: [ template_filter ] --END-- [ RunTime:0.000858s ]
NOTIC: [8] Undefined variable: totalPages D:\code\WampServer\wamp64\www\1fengou\Application\Runtime\Cache\Home\f2ed2d116ee9faa6b5ea1d732a76329f.php 第 760 行.
INFO: Run Behavior\ParseTemplateBehavior [ RunTime:0.036659s ]
INFO: [ view_parse ] --END-- [ RunTime:0.036850s ]
INFO: [ view_filter ] --START--
INFO: Run Behavior\WriteHtmlCacheBehavior [ RunTime:0.001140s ]
INFO: [ view_filter ] --END-- [ RunTime:0.001497s ]
INFO: [ app_end ] --START--
INFO: Run Behavior\ShowPageTraceBehavior [ RunTime:0.001457s ]
INFO: [ app_end ] --END-- [ RunTime:0.001839s ]

[ 2016-03-09T10:17:13+08:00 ] ::1 /1fengou/index.php/home/Manage/index
INFO: [ app_init ] --START--
INFO: Run Behavior\BuildLiteBehavior [ RunTime:0.000055s ]
INFO: [ app_init ] --END-- [ RunTime:0.000763s ]
INFO: [ app_begin ] --START--
INFO: Run Behavior\ReadHtmlCacheBehavior [ RunTime:0.001032s ]
INFO: [ app_begin ] --END-- [ RunTime:0.001323s ]
NOTIC: [8] Undefined variable: param D:\code\WampServer\wamp64\www\1fengou\Application\Home\Controller\ManageController.class.php 第 30 行.
SQL: SHOW COLUMNS FROM `think_product` [ RunTime:0.0007s ]
SQL: SELECT * FROM `think_product` WHERE (  1 )  [ RunTime:0.0009s ]
SQL: SELECT * FROM `think_product` WHERE (  1 ) LIMIT 0,10   [ RunTime:0.0007s ]
INFO: [ view_parse ] --START--
INFO: [ template_filter ] --START--
INFO: Run Behavior\ContentReplaceBehavior [ RunTime:0.000911s ]
INFO: [ template_filter ] --END-- [ RunTime:0.001291s ]
NOTIC: [8] Undefined variable: totalPages D:\code\WampServer\wamp64\www\1fengou\Application\Runtime\Cache\Home\f2ed2d116ee9faa6b5ea1d732a76329f.php 第 760 行.
INFO: Run Behavior\ParseTemplateBehavior [ RunTime:0.072832s ]
INFO: [ view_parse ] --END-- [ RunTime:0.073170s ]
INFO: [ view_filter ] --START--
INFO: Run Behavior\WriteHtmlCacheBehavior [ RunTime:0.001013s ]
INFO: [ view_filter ] --END-- [ RunTime:0.001342s ]
INFO: [ app_end ] --START--
INFO: Run Behavior\ShowPageTraceBehavior [ RunTime:0.006918s ]
INFO: [ app_end ] --END-- [ RunTime:0.007295s ]

[ 2016-03-09T10:17:41+08:00 ] ::1 /1fengou/index.php/home/Manage/index
INFO: [ app_init ] --START--
INFO: Run Behavior\BuildLiteBehavior [ RunTime:0.000041s ]
INFO: [ app_init ] --END-- [ RunTime:0.000708s ]
INFO: [ app_begin ] --START--
INFO: Run Behavior\ReadHtmlCacheBehavior [ RunTime:0.000841s ]
INFO: [ app_begin ] --END-- [ RunTime:0.001041s ]
NOTIC: [8] Undefined variable: param D:\code\WampServer\wamp64\www\1fengou\Application\Home\Controller\ManageController.class.php 第 30 行.
SQL: SHOW COLUMNS FROM `think_product` [ RunTime:0.0010s ]
SQL: SELECT * FROM `think_product` WHERE (  1 )  [ RunTime:0.0008s ]
SQL: SELECT * FROM `think_product` WHERE (  1 ) LIMIT 0,10   [ RunTime:0.0005s ]
INFO: [ view_parse ] --START--
INFO: [ template_filter ] --START--
INFO: Run Behavior\ContentReplaceBehavior [ RunTime:0.000829s ]
INFO: [ template_filter ] --END-- [ RunTime:0.001205s ]
NOTIC: [8] Undefined variable: totalPages D:\code\WampServer\wamp64\www\1fengou\Application\Runtime\Cache\Home\f2ed2d116ee9faa6b5ea1d732a76329f.php 第 760 行.
INFO: Run Behavior\ParseTemplateBehavior [ RunTime:0.040782s ]
INFO: [ view_parse ] --END-- [ RunTime:0.040976s ]
INFO: [ view_filter ] --START--
INFO: Run Behavior\WriteHtmlCacheBehavior [ RunTime:0.000661s ]
INFO: [ view_filter ] --END-- [ RunTime:0.000837s ]
INFO: [ app_end ] --START--
INFO: Run Behavior\ShowPageTraceBehavior [ RunTime:0.001394s ]
INFO: [ app_end ] --END-- [ RunTime:0.001697s ]

[ 2016-03-09T10:17:56+08:00 ] ::1 /1fengou/index.php/home/Manage/index
INFO: [ app_init ] --START--
INFO: Run Behavior\BuildLiteBehavior [ RunTime:0.000040s ]
INFO: [ app_init ] --END-- [ RunTime:0.000695s ]
INFO: [ app_begin ] --START--
INFO: Run Behavior\ReadHtmlCacheBehavior [ RunTime:0.000698s ]
INFO: [ app_begin ] --END-- [ RunTime:0.000890s ]
NOTIC: [8] Undefined variable: param D:\code\WampServer\wamp64\www\1fengou\Application\Home\Controller\ManageController.class.php 第 30 行.
SQL: SHOW COLUMNS FROM `think_product` [ RunTime:0.0011s ]
SQL: SELECT * FROM `think_product` WHERE (  1 )  [ RunTime:0.0008s ]
SQL: SELECT * FROM `think_product` WHERE (  1 ) LIMIT 0,10   [ RunTime:0.0006s ]
INFO: [ view_parse ] --START--
INFO: [ template_filter ] --START--
INFO: Run Behavior\ContentReplaceBehavior [ RunTime:0.000615s ]
INFO: [ template_filter ] --END-- [ RunTime:0.000831s ]
NOTIC: [8] Undefined variable: totalPages D:\code\WampServer\wamp64\www\1fengou\Application\Runtime\Cache\Home\f2ed2d116ee9faa6b5ea1d732a76329f.php 第 759 行.
INFO: Run Behavior\ParseTemplateBehavior [ RunTime:0.036926s ]
INFO: [ view_parse ] --END-- [ RunTime:0.037138s ]
INFO: [ view_filter ] --START--
INFO: Run Behavior\WriteHtmlCacheBehavior [ RunTime:0.000684s ]
INFO: [ view_filter ] --END-- [ RunTime:0.000895s ]
INFO: [ app_end ] --START--
INFO: Run Behavior\ShowPageTraceBehavior [ RunTime:0.001608s ]
INFO: [ app_end ] --END-- [ RunTime:0.001972s ]

[ 2016-03-09T10:20:01+08:00 ] ::1 /1fengou/index.php/home/Manage/index
INFO: [ app_init ] --START--
INFO: Run Behavior\BuildLiteBehavior [ RunTime:0.000076s ]
INFO: [ app_init ] --END-- [ RunTime:0.001514s ]
INFO: [ app_begin ] --START--
INFO: Run Behavior\ReadHtmlCacheBehavior [ RunTime:0.000984s ]
INFO: [ app_begin ] --END-- [ RunTime:0.001190s ]
NOTIC: [8] Undefined variable: param D:\code\WampServer\wamp64\www\1fengou\Application\Home\Controller\ManageController.class.php 第 30 行.
SQL: SHOW COLUMNS FROM `think_product` [ RunTime:0.0008s ]
SQL: SELECT * FROM `think_product` WHERE (  1 )  [ RunTime:0.0006s ]
SQL: SELECT * FROM `think_product` WHERE (  1 ) LIMIT 0,10   [ RunTime:0.0006s ]
INFO: [ view_parse ] --START--
INFO: [ template_filter ] --START--
INFO: Run Behavior\ContentReplaceBehavior [ RunTime:0.000788s ]
INFO: [ template_filter ] --END-- [ RunTime:0.001132s ]
NOTIC: [8] Undefined variable: totalPages D:\code\WampServer\wamp64\www\1fengou\Application\Runtime\Cache\Home\f2ed2d116ee9faa6b5ea1d732a76329f.php 第 748 行.
INFO: Run Behavior\ParseTemplateBehavior [ RunTime:0.046941s ]
INFO: [ view_parse ] --END-- [ RunTime:0.047322s ]
INFO: [ view_filter ] --START--
INFO: Run Behavior\WriteHtmlCacheBehavior [ RunTime:0.001187s ]
INFO: [ view_filter ] --END-- [ RunTime:0.002727s ]
INFO: [ app_end ] --START--
INFO: Run Behavior\ShowPageTraceBehavior [ RunTime:0.001449s ]
INFO: [ app_end ] --END-- [ RunTime:0.001876s ]

[ 2016-03-09T10:20:09+08:00 ] ::1 /1fengou/index.php/home/Manage/index
INFO: [ app_init ] --START--
INFO: Run Behavior\BuildLiteBehavior [ RunTime:0.000042s ]
INFO: [ app_init ] --END-- [ RunTime:0.000849s ]
INFO: [ app_begin ] --START--
INFO: Run Behavior\ReadHtmlCacheBehavior [ RunTime:0.000943s ]
INFO: [ app_begin ] --END-- [ RunTime:0.001130s ]
NOTIC: [8] Undefined variable: param D:\code\WampServer\wamp64\www\1fengou\Application\Home\Controller\ManageController.class.php 第 30 行.
SQL: SHOW COLUMNS FROM `think_product` [ RunTime:0.0008s ]
SQL: SELECT * FROM `think_product` WHERE (  1 )  [ RunTime:0.0006s ]
SQL: SELECT * FROM `think_product` WHERE (  1 ) LIMIT 0,10   [ RunTime:0.0005s ]
INFO: [ view_parse ] --START--
INFO: [ template_filter ] --START--
INFO: Run Behavior\ContentReplaceBehavior [ RunTime:0.000601s ]
INFO: [ template_filter ] --END-- [ RunTime:0.000815s ]
NOTIC: [8] Undefined variable: totalPages D:\code\WampServer\wamp64\www\1fengou\Application\Runtime\Cache\Home\f2ed2d116ee9faa6b5ea1d732a76329f.php 第 748 行.
INFO: Run Behavior\ParseTemplateBehavior [ RunTime:0.034319s ]
INFO: [ view_parse ] --END-- [ RunTime:0.034532s ]
INFO: [ view_filter ] --START--
INFO: Run Behavior\WriteHtmlCacheBehavior [ RunTime:0.000696s ]
INFO: [ view_filter ] --END-- [ RunTime:0.000871s ]
INFO: [ app_end ] --START--
INFO: Run Behavior\ShowPageTraceBehavior [ RunTime:0.001739s ]
INFO: [ app_end ] --END-- [ RunTime:0.002104s ]

[ 2016-03-09T10:20:19+08:00 ] ::1 /1fengou/index.php/home/Manage/index
INFO: [ app_init ] --START--
INFO: Run Behavior\BuildLiteBehavior [ RunTime:0.000042s ]
INFO: [ app_init ] --END-- [ RunTime:0.000819s ]
INFO: [ app_begin ] --START--
INFO: Run Behavior\ReadHtmlCacheBehavior [ RunTime:0.000928s ]
INFO: [ app_begin ] --END-- [ RunTime:0.001135s ]
NOTIC: [8] Undefined variable: param D:\code\WampServer\wamp64\www\1fengou\Application\Home\Controller\ManageController.class.php 第 30 行.
SQL: SHOW COLUMNS FROM `think_product` [ RunTime:0.0007s ]
SQL: SELECT * FROM `think_product` WHERE (  1 )  [ RunTime:0.0006s ]
SQL: SELECT * FROM `think_product` WHERE (  1 ) LIMIT 0,10   [ RunTime:0.0005s ]
INFO: [ view_parse ] --START--
INFO: [ template_filter ] --START--
INFO: Run Behavior\ContentReplaceBehavior [ RunTime:0.000599s ]
INFO: [ template_filter ] --END-- [ RunTime:0.000802s ]
NOTIC: [8] Undefined variable: totalPages D:\code\WampServer\wamp64\www\1fengou\Application\Runtime\Cache\Home\f2ed2d116ee9faa6b5ea1d732a76329f.php 第 748 行.
INFO: Run Behavior\ParseTemplateBehavior [ RunTime:0.034385s ]
INFO: [ view_parse ] --END-- [ RunTime:0.034578s ]
INFO: [ view_filter ] --START--
INFO: Run Behavior\WriteHtmlCacheBehavior [ RunTime:0.000697s ]
INFO: [ view_filter ] --END-- [ RunTime:0.000882s ]
INFO: [ app_end ] --START--
INFO: Run Behavior\ShowPageTraceBehavior [ RunTime:0.001749s ]
INFO: [ app_end ] --END-- [ RunTime:0.002043s ]

[ 2016-03-09T10:20:34+08:00 ] ::1 /1fengou/index.php/home/Manage/index
INFO: [ app_init ] --START--
INFO: Run Behavior\BuildLiteBehavior [ RunTime:0.000043s ]
INFO: [ app_init ] --END-- [ RunTime:0.000883s ]
INFO: [ app_begin ] --START--
INFO: Run Behavior\ReadHtmlCacheBehavior [ RunTime:0.001063s ]
INFO: [ app_begin ] --END-- [ RunTime:0.001288s ]
NOTIC: [8] Undefined variable: param D:\code\WampServer\wamp64\www\1fengou\Application\Home\Controller\ManageController.class.php 第 30 行.
SQL: SHOW COLUMNS FROM `think_product` [ RunTime:0.0008s ]
SQL: SELECT * FROM `think_product` WHERE (  1 )  [ RunTime:0.0006s ]
SQL: SELECT * FROM `think_product` WHERE (  1 ) LIMIT 0,10   [ RunTime:0.0005s ]
INFO: [ view_parse ] --START--
INFO: [ template_filter ] --START--
INFO: Run Behavior\ContentReplaceBehavior [ RunTime:0.000864s ]
INFO: [ template_filter ] --END-- [ RunTime:0.001221s ]
NOTIC: [8] Undefined variable: totalPages D:\code\WampServer\wamp64\www\1fengou\Application\Runtime\Cache\Home\f2ed2d116ee9faa6b5ea1d732a76329f.php 第 748 行.
INFO: Run Behavior\ParseTemplateBehavior [ RunTime:0.041408s ]
INFO: [ view_parse ] --END-- [ RunTime:0.041615s ]
INFO: [ view_filter ] --START--
INFO: Run Behavior\WriteHtmlCacheBehavior [ RunTime:0.000678s ]
INFO: [ view_filter ] --END-- [ RunTime:0.000869s ]
INFO: [ app_end ] --START--
INFO: Run Behavior\ShowPageTraceBehavior [ RunTime:0.003719s ]
INFO: [ app_end ] --END-- [ RunTime:0.004113s ]

[ 2016-03-09T10:21:51+08:00 ] ::1 /1fengou/index.php/home/Manage/index
INFO: [ app_init ] --START--
INFO: Run Behavior\BuildLiteBehavior [ RunTime:0.000041s ]
INFO: [ app_init ] --END-- [ RunTime:0.000807s ]
INFO: [ app_begin ] --START--
INFO: Run Behavior\ReadHtmlCacheBehavior [ RunTime:0.000889s ]
INFO: [ app_begin ] --END-- [ RunTime:0.001074s ]
NOTIC: [8] Undefined variable: param D:\code\WampServer\wamp64\www\1fengou\Application\Home\Controller\ManageController.class.php 第 30 行.
SQL: SHOW COLUMNS FROM `think_product` [ RunTime:0.0007s ]
SQL: SELECT * FROM `think_product` WHERE (  1 )  [ RunTime:0.0006s ]
SQL: SELECT * FROM `think_product` WHERE (  1 ) LIMIT 0,10   [ RunTime:0.0004s ]
INFO: [ view_parse ] --START--
INFO: [ template_filter ] --START--
INFO: Run Behavior\ContentReplaceBehavior [ RunTime:0.000620s ]
INFO: [ template_filter ] --END-- [ RunTime:0.000827s ]
NOTIC: [8] Undefined variable: totalPages D:\code\WampServer\wamp64\www\1fengou\Application\Runtime\Cache\Home\f2ed2d116ee9faa6b5ea1d732a76329f.php 第 748 行.
INFO: Run Behavior\ParseTemplateBehavior [ RunTime:0.034848s ]
INFO: [ view_parse ] --END-- [ RunTime:0.035136s ]
INFO: [ view_filter ] --START--
INFO: Run Behavior\WriteHtmlCacheBehavior [ RunTime:0.004353s ]
INFO: [ view_filter ] --END-- [ RunTime:0.004728s ]
INFO: [ app_end ] --START--
INFO: Run Behavior\ShowPageTraceBehavior [ RunTime:0.001521s ]
INFO: [ app_end ] --END-- [ RunTime:0.001904s ]

[ 2016-03-09T10:22:01+08:00 ] ::1 /1fengou/index.php/home/Manage/index
INFO: [ app_init ] --START--
INFO: Run Behavior\BuildLiteBehavior [ RunTime:0.000046s ]
INFO: [ app_init ] --END-- [ RunTime:0.000810s ]
INFO: [ app_begin ] --START--
INFO: Run Behavior\ReadHtmlCacheBehavior [ RunTime:0.000868s ]
INFO: [ app_begin ] --END-- [ RunTime:0.001069s ]
NOTIC: [8] Undefined variable: param D:\code\WampServer\wamp64\www\1fengou\Application\Home\Controller\ManageController.class.php 第 30 行.
SQL: SHOW COLUMNS FROM `think_product` [ RunTime:0.0008s ]
SQL: SELECT * FROM `think_product` WHERE (  1 )  [ RunTime:0.0007s ]
SQL: SELECT * FROM `think_product` WHERE (  1 ) LIMIT 0,10   [ RunTime:0.0005s ]
INFO: [ view_parse ] --START--
INFO: [ template_filter ] --START--
INFO: Run Behavior\ContentReplaceBehavior [ RunTime:0.000606s ]
INFO: [ template_filter ] --END-- [ RunTime:0.000807s ]
NOTIC: [8] Undefined variable: totalPages D:\code\WampServer\wamp64\www\1fengou\Application\Runtime\Cache\Home\f2ed2d116ee9faa6b5ea1d732a76329f.php 第 748 行.
INFO: Run Behavior\ParseTemplateBehavior [ RunTime:0.033431s ]
INFO: [ view_parse ] --END-- [ RunTime:0.033636s ]
INFO: [ view_filter ] --START--
INFO: Run Behavior\WriteHtmlCacheBehavior [ RunTime:0.000679s ]
INFO: [ view_filter ] --END-- [ RunTime:0.000854s ]
INFO: [ app_end ] --START--
INFO: Run Behavior\ShowPageTraceBehavior [ RunTime:0.001119s ]
INFO: [ app_end ] --END-- [ RunTime:0.001473s ]

[ 2016-03-09T10:22:09+08:00 ] ::1 /1fengou/index.php/home/Manage/index
INFO: [ app_init ] --START--
INFO: Run Behavior\BuildLiteBehavior [ RunTime:0.000043s ]
INFO: [ app_init ] --END-- [ RunTime:0.000902s ]
INFO: [ app_begin ] --START--
INFO: Run Behavior\ReadHtmlCacheBehavior [ RunTime:0.001204s ]
INFO: [ app_begin ] --END-- [ RunTime:0.001592s ]
NOTIC: [8] Undefined variable: param D:\code\WampServer\wamp64\www\1fengou\Application\Home\Controller\ManageController.class.php 第 30 行.
SQL: SHOW COLUMNS FROM `think_product` [ RunTime:0.0007s ]
SQL: SELECT * FROM `think_product` WHERE (  1 )  [ RunTime:0.0005s ]
SQL: SELECT * FROM `think_product` WHERE (  1 ) LIMIT 0,10   [ RunTime:0.0004s ]
INFO: [ view_parse ] --START--
INFO: [ template_filter ] --START--
INFO: Run Behavior\ContentReplaceBehavior [ RunTime:0.000600s ]
INFO: [ template_filter ] --END-- [ RunTime:0.000799s ]
NOTIC: [8] Undefined variable: totalPages D:\code\WampServer\wamp64\www\1fengou\Application\Runtime\Cache\Home\f2ed2d116ee9faa6b5ea1d732a76329f.php 第 748 行.
INFO: Run Behavior\ParseTemplateBehavior [ RunTime:0.033079s ]
INFO: [ view_parse ] --END-- [ RunTime:0.033271s ]
INFO: [ view_filter ] --START--
INFO: Run Behavior\WriteHtmlCacheBehavior [ RunTime:0.000746s ]
INFO: [ view_filter ] --END-- [ RunTime:0.000934s ]
INFO: [ app_end ] --START--
INFO: Run Behavior\ShowPageTraceBehavior [ RunTime:0.001234s ]
INFO: [ app_end ] --END-- [ RunTime:0.001786s ]

[ 2016-03-09T10:22:17+08:00 ] ::1 /1fengou/index.php/home/Manage/index
INFO: [ app_init ] --START--
INFO: Run Behavior\BuildLiteBehavior [ RunTime:0.000041s ]
INFO: [ app_init ] --END-- [ RunTime:0.000842s ]
INFO: [ app_begin ] --START--
INFO: Run Behavior\ReadHtmlCacheBehavior [ RunTime:0.001116s ]
INFO: [ app_begin ] --END-- [ RunTime:0.001331s ]
NOTIC: [8] Undefined variable: param D:\code\WampServer\wamp64\www\1fengou\Application\Home\Controller\ManageController.class.php 第 30 行.
SQL: SHOW COLUMNS FROM `think_product` [ RunTime:0.0008s ]
SQL: SELECT * FROM `think_product` WHERE (  1 )  [ RunTime:0.0006s ]
SQL: SELECT * FROM `think_product` WHERE (  1 ) LIMIT 0,10   [ RunTime:0.0005s ]
INFO: [ view_parse ] --START--
INFO: [ template_filter ] --START--
INFO: Run Behavior\ContentReplaceBehavior [ RunTime:0.000602s ]
INFO: [ template_filter ] --END-- [ RunTime:0.000802s ]
NOTIC: [8] Undefined variable: totalPages D:\code\WampServer\wamp64\www\1fengou\Application\Runtime\Cache\Home\f2ed2d116ee9faa6b5ea1d732a76329f.php 第 748 行.
INFO: Run Behavior\ParseTemplateBehavior [ RunTime:0.032869s ]
INFO: [ view_parse ] --END-- [ RunTime:0.033061s ]
INFO: [ view_filter ] --START--
INFO: Run Behavior\WriteHtmlCacheBehavior [ RunTime:0.000764s ]
INFO: [ view_filter ] --END-- [ RunTime:0.000948s ]
INFO: [ app_end ] --START--
INFO: Run Behavior\ShowPageTraceBehavior [ RunTime:0.001291s ]
INFO: [ app_end ] --END-- [ RunTime:0.001535s ]

[ 2016-03-09T10:22:25+08:00 ] ::1 /1fengou/index.php/home/Manage/index
INFO: [ app_init ] --START--
INFO: Run Behavior\BuildLiteBehavior [ RunTime:0.000041s ]
INFO: [ app_init ] --END-- [ RunTime:0.000757s ]
INFO: [ app_begin ] --START--
INFO: Run Behavior\ReadHtmlCacheBehavior [ RunTime:0.000779s ]
INFO: [ app_begin ] --END-- [ RunTime:0.000973s ]
NOTIC: [8] Undefined variable: param D:\code\WampServer\wamp64\www\1fengou\Application\Home\Controller\ManageController.class.php 第 30 行.
SQL: SHOW COLUMNS FROM `think_product` [ RunTime:0.0008s ]
SQL: SELECT * FROM `think_product` WHERE (  1 )  [ RunTime:0.0005s ]
SQL: SELECT * FROM `think_product` WHERE (  1 ) LIMIT 0,10   [ RunTime:0.0004s ]
INFO: [ view_parse ] --START--
INFO: [ template_filter ] --START--
INFO: Run Behavior\ContentReplaceBehavior [ RunTime:0.000606s ]
INFO: [ template_filter ] --END-- [ RunTime:0.000805s ]
NOTIC: [8] Undefined variable: totalPages D:\code\WampServer\wamp64\www\1fengou\Application\Runtime\Cache\Home\f2ed2d116ee9faa6b5ea1d732a76329f.php 第 748 行.
INFO: Run Behavior\ParseTemplateBehavior [ RunTime:0.032938s ]
INFO: [ view_parse ] --END-- [ RunTime:0.033130s ]
INFO: [ view_filter ] --START--
INFO: Run Behavior\WriteHtmlCacheBehavior [ RunTime:0.000742s ]
INFO: [ view_filter ] --END-- [ RunTime:0.000922s ]
INFO: [ app_end ] --START--
INFO: Run Behavior\ShowPageTraceBehavior [ RunTime:0.001160s ]
INFO: [ app_end ] --END-- [ RunTime:0.001515s ]

[ 2016-03-09T10:31:52+08:00 ] ::1 /1fengou/index.php/home/Manage/index
INFO: [ app_init ] --START--
INFO: Run Behavior\BuildLiteBehavior [ RunTime:0.000043s ]
INFO: [ app_init ] --END-- [ RunTime:0.000884s ]
INFO: [ app_begin ] --START--
INFO: Run Behavior\ReadHtmlCacheBehavior [ RunTime:0.000993s ]
INFO: [ app_begin ] --END-- [ RunTime:0.001195s ]
NOTIC: [8] Undefined variable: param D:\code\WampServer\wamp64\www\1fengou\Application\Home\Controller\ManageController.class.php 第 30 行.
SQL: SHOW COLUMNS FROM `think_product` [ RunTime:0.0007s ]
SQL: SELECT * FROM `think_product` WHERE (  1 )  [ RunTime:0.0005s ]
SQL: SELECT * FROM `think_product` WHERE (  1 ) LIMIT 0,10   [ RunTime:0.0004s ]
INFO: [ view_parse ] --START--
INFO: [ template_filter ] --START--
INFO: Run Behavior\ContentReplaceBehavior [ RunTime:0.000607s ]
INFO: [ template_filter ] --END-- [ RunTime:0.000808s ]
NOTIC: [8] Undefined variable: totalPages D:\code\WampServer\wamp64\www\1fengou\Application\Runtime\Cache\Home\f2ed2d116ee9faa6b5ea1d732a76329f.php 第 749 行.
INFO: Run Behavior\ParseTemplateBehavior [ RunTime:0.033706s ]
INFO: [ view_parse ] --END-- [ RunTime:0.033896s ]
INFO: [ view_filter ] --START--
INFO: Run Behavior\WriteHtmlCacheBehavior [ RunTime:0.000643s ]
INFO: [ view_filter ] --END-- [ RunTime:0.000817s ]
INFO: [ app_end ] --START--
INFO: Run Behavior\ShowPageTraceBehavior [ RunTime:0.001199s ]
INFO: [ app_end ] --END-- [ RunTime:0.001480s ]

[ 2016-03-09T10:31:59+08:00 ] ::1 /1fengou/index.php/home/Manage/index
INFO: [ app_init ] --START--
INFO: Run Behavior\BuildLiteBehavior [ RunTime:0.000046s ]
INFO: [ app_init ] --END-- [ RunTime:0.001066s ]
INFO: [ app_begin ] --START--
INFO: Run Behavior\ReadHtmlCacheBehavior [ RunTime:0.001150s ]
INFO: [ app_begin ] --END-- [ RunTime:0.001371s ]
NOTIC: [8] Undefined variable: param D:\code\WampServer\wamp64\www\1fengou\Application\Home\Controller\ManageController.class.php 第 30 行.
SQL: SHOW COLUMNS FROM `think_product` [ RunTime:0.0008s ]
SQL: SELECT * FROM `think_product` WHERE (  1 )  [ RunTime:0.0006s ]
SQL: SELECT * FROM `think_product` WHERE (  1 ) LIMIT 0,10   [ RunTime:0.0004s ]
INFO: [ view_parse ] --START--
INFO: [ template_filter ] --START--
INFO: Run Behavior\ContentReplaceBehavior [ RunTime:0.000600s ]
INFO: [ template_filter ] --END-- [ RunTime:0.000811s ]
NOTIC: [8] Undefined variable: totalPages D:\code\WampServer\wamp64\www\1fengou\Application\Runtime\Cache\Home\f2ed2d116ee9faa6b5ea1d732a76329f.php 第 749 行.
INFO: Run Behavior\ParseTemplateBehavior [ RunTime:0.034802s ]
INFO: [ view_parse ] --END-- [ RunTime:0.034996s ]
INFO: [ view_filter ] --START--
INFO: Run Behavior\WriteHtmlCacheBehavior [ RunTime:0.000667s ]
INFO: [ view_filter ] --END-- [ RunTime:0.000846s ]
INFO: [ app_end ] --START--
INFO: Run Behavior\ShowPageTraceBehavior [ RunTime:0.002090s ]
INFO: [ app_end ] --END-- [ RunTime:0.002457s ]

[ 2016-03-09T10:38:21+08:00 ] ::1 /1fengou/index.php/home/Manage/index
INFO: [ app_init ] --START--
INFO: Run Behavior\BuildLiteBehavior [ RunTime:0.000043s ]
INFO: [ app_init ] --END-- [ RunTime:0.000952s ]
INFO: [ app_begin ] --START--
INFO: Run Behavior\ReadHtmlCacheBehavior [ RunTime:0.001047s ]
INFO: [ app_begin ] --END-- [ RunTime:0.001264s ]
NOTIC: [8] Undefined variable: param D:\code\WampServer\wamp64\www\1fengou\Application\Home\Controller\ManageController.class.php 第 30 行.
SQL: SHOW COLUMNS FROM `think_product` [ RunTime:0.0007s ]
SQL: SELECT * FROM `think_product` WHERE (  1 )  [ RunTime:0.0005s ]
SQL: SELECT * FROM `think_product` WHERE (  1 ) LIMIT 0,10   [ RunTime:0.0004s ]
INFO: [ view_parse ] --START--
INFO: [ template_filter ] --START--
INFO: Run Behavior\ContentReplaceBehavior [ RunTime:0.000610s ]
INFO: [ template_filter ] --END-- [ RunTime:0.000813s ]
NOTIC: [8] Undefined variable: totalPages D:\code\WampServer\wamp64\www\1fengou\Application\Runtime\Cache\Home\f2ed2d116ee9faa6b5ea1d732a76329f.php 第 743 行.
INFO: Run Behavior\ParseTemplateBehavior [ RunTime:0.033743s ]
INFO: [ view_parse ] --END-- [ RunTime:0.033937s ]
INFO: [ view_filter ] --START--
INFO: Run Behavior\WriteHtmlCacheBehavior [ RunTime:0.001219s ]
INFO: [ view_filter ] --END-- [ RunTime:0.001466s ]
INFO: [ app_end ] --START--
INFO: Run Behavior\ShowPageTraceBehavior [ RunTime:0.001387s ]
INFO: [ app_end ] --END-- [ RunTime:0.001759s ]

[ 2016-03-09T10:39:02+08:00 ] ::1 /1fengou/index.php/home/Manage/index
INFO: [ app_init ] --START--
INFO: Run Behavior\BuildLiteBehavior [ RunTime:0.000042s ]
INFO: [ app_init ] --END-- [ RunTime:0.000845s ]
INFO: [ app_begin ] --START--
INFO: Run Behavior\ReadHtmlCacheBehavior [ RunTime:0.000933s ]
INFO: [ app_begin ] --END-- [ RunTime:0.001122s ]
NOTIC: [8] Undefined variable: param D:\code\WampServer\wamp64\www\1fengou\Application\Home\Controller\ManageController.class.php 第 30 行.
SQL: SHOW COLUMNS FROM `think_product` [ RunTime:0.0008s ]
SQL: SELECT * FROM `think_product` WHERE (  1 )  [ RunTime:0.0006s ]
SQL: SELECT * FROM `think_product` WHERE (  1 ) LIMIT 0,10   [ RunTime:0.0006s ]
INFO: [ view_parse ] --START--
INFO: [ template_filter ] --START--
INFO: Run Behavior\ContentReplaceBehavior [ RunTime:0.000959s ]
INFO: [ template_filter ] --END-- [ RunTime:0.001374s ]
NOTIC: [8] Undefined variable: totalPages D:\code\WampServer\wamp64\www\1fengou\Application\Runtime\Cache\Home\f2ed2d116ee9faa6b5ea1d732a76329f.php 第 743 行.
INFO: Run Behavior\ParseTemplateBehavior [ RunTime:0.037421s ]
INFO: [ view_parse ] --END-- [ RunTime:0.037699s ]
INFO: [ view_filter ] --START--
INFO: Run Behavior\WriteHtmlCacheBehavior [ RunTime:0.000680s ]
INFO: [ view_filter ] --END-- [ RunTime:0.000856s ]
INFO: [ app_end ] --START--
INFO: Run Behavior\ShowPageTraceBehavior [ RunTime:0.001115s ]
INFO: [ app_end ] --END-- [ RunTime:0.001476s ]

[ 2016-03-09T10:39:08+08:00 ] ::1 /1fengou/index.php/home/Manage/index/type/search
INFO: [ app_init ] --START--
INFO: Run Behavior\BuildLiteBehavior [ RunTime:0.000047s ]
INFO: [ app_init ] --END-- [ RunTime:0.001119s ]
INFO: [ app_begin ] --START--
INFO: Run Behavior\ReadHtmlCacheBehavior [ RunTime:0.000919s ]
INFO: [ app_begin ] --END-- [ RunTime:0.001095s ]
SQL: SHOW COLUMNS FROM `think_product` [ RunTime:0.0008s ]
SQL: SELECT * FROM `think_product` WHERE `id` = 81 AND (  1 )  [ RunTime:0.0005s ]
SQL: SELECT * FROM `think_product` WHERE `id` = 81 AND (  1 ) LIMIT 0,10   [ RunTime:0.0005s ]
INFO: [ view_parse ] --START--
INFO: [ template_filter ] --START--
INFO: Run Behavior\ContentReplaceBehavior [ RunTime:0.000156s ]
INFO: [ template_filter ] --END-- [ RunTime:0.000322s ]
NOTIC: [8] Undefined variable: totalPages D:\code\WampServer\wamp64\www\1fengou\Application\Runtime\Cache\Home\7fe04e96397bd97adc8ac8c2506de1ec.php 第 87 行.
INFO: Run Behavior\ParseTemplateBehavior [ RunTime:0.015127s ]
INFO: [ view_parse ] --END-- [ RunTime:0.015283s ]
INFO: [ view_filter ] --START--
INFO: Run Behavior\WriteHtmlCacheBehavior [ RunTime:0.000720s ]
INFO: [ view_filter ] --END-- [ RunTime:0.000872s ]
INFO: [ app_end ] --START--
INFO: Run Behavior\ShowPageTraceBehavior [ RunTime:0.000953s ]
INFO: [ app_end ] --END-- [ RunTime:0.001106s ]

[ 2016-03-09T10:39:10+08:00 ] ::1 /1fengou/index.php/home/Manage/index/p/1/pageCount/10/type/ajax
INFO: [ app_init ] --START--
INFO: Run Behavior\BuildLiteBehavior [ RunTime:0.000042s ]
INFO: [ app_init ] --END-- [ RunTime:0.000775s ]
INFO: [ app_begin ] --START--
INFO: Run Behavior\ReadHtmlCacheBehavior [ RunTime:0.000717s ]
INFO: [ app_begin ] --END-- [ RunTime:0.000876s ]
NOTIC: [8] Undefined variable: param D:\code\WampServer\wamp64\www\1fengou\Application\Home\Controller\ManageController.class.php 第 30 行.
SQL: SHOW COLUMNS FROM `think_product` [ RunTime:0.0009s ]
SQL: SELECT * FROM `think_product` WHERE (  1 )  [ RunTime:0.0006s ]
SQL: SELECT * FROM `think_product` WHERE (  1 ) LIMIT 0,10   [ RunTime:0.0005s ]
INFO: [ view_parse ] --START--
INFO: [ template_filter ] --START--
INFO: Run Behavior\ContentReplaceBehavior [ RunTime:0.000153s ]
INFO: [ template_filter ] --END-- [ RunTime:0.000312s ]
NOTIC: [8] Undefined variable: totalPages D:\code\WampServer\wamp64\www\1fengou\Application\Runtime\Cache\Home\7fe04e96397bd97adc8ac8c2506de1ec.php 第 87 行.
INFO: Run Behavior\ParseTemplateBehavior [ RunTime:0.015365s ]
INFO: [ view_parse ] --END-- [ RunTime:0.015523s ]
INFO: [ view_filter ] --START--
INFO: Run Behavior\WriteHtmlCacheBehavior [ RunTime:0.000718s ]
INFO: [ view_filter ] --END-- [ RunTime:0.000866s ]
INFO: [ app_end ] --START--
INFO: Run Behavior\ShowPageTraceBehavior [ RunTime:0.001109s ]
INFO: [ app_end ] --END-- [ RunTime:0.001283s ]

[ 2016-03-09T10:39:25+08:00 ] ::1 /1fengou/index.php/home/Manage/index/type/search
INFO: [ app_init ] --START--
INFO: Run Behavior\BuildLiteBehavior [ RunTime:0.000041s ]
INFO: [ app_init ] --END-- [ RunTime:0.000759s ]
INFO: [ app_begin ] --START--
INFO: Run Behavior\ReadHtmlCacheBehavior [ RunTime:0.000711s ]
INFO: [ app_begin ] --END-- [ RunTime:0.000867s ]
SQL: SHOW COLUMNS FROM `think_product` [ RunTime:0.0007s ]
SQL: SELECT * FROM `think_product` WHERE `name` LIKE '%商品%' AND (  1 )  [ RunTime:0.0005s ]
SQL: SELECT * FROM `think_product` WHERE `name` LIKE '%商品%' AND (  1 ) LIMIT 0,10   [ RunTime:0.0005s ]
INFO: [ view_parse ] --START--
INFO: [ template_filter ] --START--
INFO: Run Behavior\ContentReplaceBehavior [ RunTime:0.000166s ]
INFO: [ template_filter ] --END-- [ RunTime:0.000333s ]
NOTIC: [8] Undefined variable: totalPages D:\code\WampServer\wamp64\www\1fengou\Application\Runtime\Cache\Home\7fe04e96397bd97adc8ac8c2506de1ec.php 第 87 行.
INFO: Run Behavior\ParseTemplateBehavior [ RunTime:0.015284s ]
INFO: [ view_parse ] --END-- [ RunTime:0.015441s ]
INFO: [ view_filter ] --START--
INFO: Run Behavior\WriteHtmlCacheBehavior [ RunTime:0.000730s ]
INFO: [ view_filter ] --END-- [ RunTime:0.000884s ]
INFO: [ app_end ] --START--
INFO: Run Behavior\ShowPageTraceBehavior [ RunTime:0.001089s ]
INFO: [ app_end ] --END-- [ RunTime:0.001258s ]

[ 2016-03-09T10:39:34+08:00 ] ::1 /1fengou/index.php/home/Manage/index/type/search
INFO: [ app_init ] --START--
INFO: Run Behavior\BuildLiteBehavior [ RunTime:0.000047s ]
INFO: [ app_init ] --END-- [ RunTime:0.001108s ]
INFO: [ app_begin ] --START--
INFO: Run Behavior\ReadHtmlCacheBehavior [ RunTime:0.000739s ]
INFO: [ app_begin ] --END-- [ RunTime:0.000908s ]
SQL: SHOW COLUMNS FROM `think_product` [ RunTime:0.0009s ]
SQL: SELECT * FROM `think_product` WHERE `id` = 41 AND `name` LIKE '%商品%' AND (  1 )  [ RunTime:0.0004s ]
SQL: SELECT * FROM `think_product` WHERE `id` = 41 AND `name` LIKE '%商品%' AND (  1 ) LIMIT 0,10   [ RunTime:0.0005s ]
INFO: [ view_parse ] --START--
INFO: [ template_filter ] --START--
INFO: Run Behavior\ContentReplaceBehavior [ RunTime:0.000159s ]
INFO: [ template_filter ] --END-- [ RunTime:0.000329s ]
NOTIC: [8] Undefined variable: totalPages D:\code\WampServer\wamp64\www\1fengou\Application\Runtime\Cache\Home\7fe04e96397bd97adc8ac8c2506de1ec.php 第 87 行.
INFO: Run Behavior\ParseTemplateBehavior [ RunTime:0.015141s ]
INFO: [ view_parse ] --END-- [ RunTime:0.015300s ]
INFO: [ view_filter ] --START--
INFO: Run Behavior\WriteHtmlCacheBehavior [ RunTime:0.000703s ]
INFO: [ view_filter ] --END-- [ RunTime:0.000863s ]
INFO: [ app_end ] --START--
INFO: Run Behavior\ShowPageTraceBehavior [ RunTime:0.000965s ]
INFO: [ app_end ] --END-- [ RunTime:0.001174s ]

[ 2016-03-09T10:39:37+08:00 ] ::1 /1fengou/index.php/home/Manage/index/p/1/pageCount/10/type/ajax
INFO: [ app_init ] --START--
INFO: Run Behavior\BuildLiteBehavior [ RunTime:0.000040s ]
INFO: [ app_init ] --END-- [ RunTime:0.000733s ]
INFO: [ app_begin ] --START--
INFO: Run Behavior\ReadHtmlCacheBehavior [ RunTime:0.000823s ]
INFO: [ app_begin ] --END-- [ RunTime:0.000980s ]
NOTIC: [8] Undefined variable: param D:\code\WampServer\wamp64\www\1fengou\Application\Home\Controller\ManageController.class.php 第 30 行.
SQL: SHOW COLUMNS FROM `think_product` [ RunTime:0.0008s ]
SQL: SELECT * FROM `think_product` WHERE (  1 )  [ RunTime:0.0008s ]
SQL: SELECT * FROM `think_product` WHERE (  1 ) LIMIT 0,10   [ RunTime:0.0004s ]
INFO: [ view_parse ] --START--
INFO: [ template_filter ] --START--
INFO: Run Behavior\ContentReplaceBehavior [ RunTime:0.000154s ]
INFO: [ template_filter ] --END-- [ RunTime:0.000317s ]
NOTIC: [8] Undefined variable: totalPages D:\code\WampServer\wamp64\www\1fengou\Application\Runtime\Cache\Home\7fe04e96397bd97adc8ac8c2506de1ec.php 第 87 行.
INFO: Run Behavior\ParseTemplateBehavior [ RunTime:0.014024s ]
INFO: [ view_parse ] --END-- [ RunTime:0.014182s ]
INFO: [ view_filter ] --START--
INFO: Run Behavior\WriteHtmlCacheBehavior [ RunTime:0.000711s ]
INFO: [ view_filter ] --END-- [ RunTime:0.000857s ]
INFO: [ app_end ] --START--
INFO: Run Behavior\ShowPageTraceBehavior [ RunTime:0.001131s ]
INFO: [ app_end ] --END-- [ RunTime:0.001301s ]

[ 2016-03-09T10:40:10+08:00 ] ::1 /1fengou/index.php/home/Manage/index
INFO: [ app_init ] --START--
INFO: Run Behavior\BuildLiteBehavior [ RunTime:0.000064s ]
INFO: [ app_init ] --END-- [ RunTime:0.000799s ]
INFO: [ app_begin ] --START--
INFO: Run Behavior\ReadHtmlCacheBehavior [ RunTime:0.000753s ]
INFO: [ app_begin ] --END-- [ RunTime:0.000937s ]
NOTIC: [8] Undefined variable: param D:\code\WampServer\wamp64\www\1fengou\Application\Home\Controller\ManageController.class.php 第 30 行.
SQL: SHOW COLUMNS FROM `think_product` [ RunTime:0.0008s ]
SQL: SELECT * FROM `think_product` WHERE (  1 )  [ RunTime:0.0006s ]
SQL: SELECT * FROM `think_product` WHERE (  1 ) LIMIT 0,10   [ RunTime:0.0004s ]
INFO: [ view_parse ] --START--
INFO: [ template_filter ] --START--
INFO: Run Behavior\ContentReplaceBehavior [ RunTime:0.000696s ]
INFO: [ template_filter ] --END-- [ RunTime:0.000930s ]
NOTIC: [8] Undefined variable: totalPages D:\code\WampServer\wamp64\www\1fengou\Application\Runtime\Cache\Home\f2ed2d116ee9faa6b5ea1d732a76329f.php 第 743 行.
INFO: Run Behavior\ParseTemplateBehavior [ RunTime:0.039707s ]
INFO: [ view_parse ] --END-- [ RunTime:0.039998s ]
INFO: [ view_filter ] --START--
INFO: Run Behavior\WriteHtmlCacheBehavior [ RunTime:0.001387s ]
INFO: [ view_filter ] --END-- [ RunTime:0.001787s ]
INFO: [ app_end ] --START--
INFO: Run Behavior\ShowPageTraceBehavior [ RunTime:0.001915s ]
INFO: [ app_end ] --END-- [ RunTime:0.002320s ]

[ 2016-03-09T10:40:18+08:00 ] ::1 /1fengou/index.php/home/Manage/index
INFO: [ app_init ] --START--
INFO: Run Behavior\BuildLiteBehavior [ RunTime:0.000041s ]
INFO: [ app_init ] --END-- [ RunTime:0.000830s ]
INFO: [ app_begin ] --START--
INFO: Run Behavior\ReadHtmlCacheBehavior [ RunTime:0.000931s ]
INFO: [ app_begin ] --END-- [ RunTime:0.001125s ]
NOTIC: [8] Undefined variable: param D:\code\WampServer\wamp64\www\1fengou\Application\Home\Controller\ManageController.class.php 第 30 行.
SQL: SHOW COLUMNS FROM `think_product` [ RunTime:0.0008s ]
SQL: SELECT * FROM `think_product` WHERE (  1 )  [ RunTime:0.0006s ]
SQL: SELECT * FROM `think_product` WHERE (  1 ) LIMIT 0,10   [ RunTime:0.0004s ]
INFO: [ view_parse ] --START--
INFO: [ template_filter ] --START--
INFO: Run Behavior\ContentReplaceBehavior [ RunTime:0.000646s ]
INFO: [ template_filter ] --END-- [ RunTime:0.000850s ]
NOTIC: [8] Undefined variable: totalPages D:\code\WampServer\wamp64\www\1fengou\Application\Runtime\Cache\Home\f2ed2d116ee9faa6b5ea1d732a76329f.php 第 743 行.
INFO: Run Behavior\ParseTemplateBehavior [ RunTime:0.033823s ]
INFO: [ view_parse ] --END-- [ RunTime:0.034012s ]
INFO: [ view_filter ] --START--
INFO: Run Behavior\WriteHtmlCacheBehavior [ RunTime:0.000903s ]
INFO: [ view_filter ] --END-- [ RunTime:0.001099s ]
INFO: [ app_end ] --START--
INFO: Run Behavior\ShowPageTraceBehavior [ RunTime:0.002522s ]
INFO: [ app_end ] --END-- [ RunTime:0.003093s ]

[ 2016-03-09T16:20:00+08:00 ] ::1 /1fengou/index.php/home/Manage/index/type/search
INFO: [ app_init ] --START--
INFO: Run Behavior\BuildLiteBehavior [ RunTime:0.000042s ]
INFO: [ app_init ] --END-- [ RunTime:0.000930s ]
INFO: [ app_begin ] --START--
INFO: Run Behavior\ReadHtmlCacheBehavior [ RunTime:0.001298s ]
INFO: [ app_begin ] --END-- [ RunTime:0.001569s ]
SQL: SHOW COLUMNS FROM `think_product` [ RunTime:0.0013s ]
SQL: SELECT * FROM `think_product` WHERE `price` LIKE '%9%' AND (  1 )  [ RunTime:0.0008s ]
SQL: SELECT * FROM `think_product` WHERE `price` LIKE '%9%' AND (  1 ) LIMIT 0,10   [ RunTime:0.0005s ]
INFO: [ view_parse ] --START--
INFO: [ template_filter ] --START--
INFO: Run Behavior\ContentReplaceBehavior [ RunTime:0.000160s ]
INFO: [ template_filter ] --END-- [ RunTime:0.000330s ]
NOTIC: [8] Undefined variable: totalPages D:\code\WampServer\wamp64\www\1fengou\Application\Runtime\Cache\Home\7fe04e96397bd97adc8ac8c2506de1ec.php 第 87 行.
INFO: Run Behavior\ParseTemplateBehavior [ RunTime:0.016447s ]
INFO: [ view_parse ] --END-- [ RunTime:0.016604s ]
INFO: [ view_filter ] --START--
INFO: Run Behavior\WriteHtmlCacheBehavior [ RunTime:0.000776s ]
INFO: [ view_filter ] --END-- [ RunTime:0.000930s ]
INFO: [ app_end ] --START--
INFO: Run Behavior\ShowPageTraceBehavior [ RunTime:0.001291s ]
INFO: [ app_end ] --END-- [ RunTime:0.001465s ]

[ 2016-03-09T16:20:03+08:00 ] ::1 /1fengou/index.php/home/Manage/index/type/search
INFO: [ app_init ] --START--
INFO: Run Behavior\BuildLiteBehavior [ RunTime:0.000042s ]
INFO: [ app_init ] --END-- [ RunTime:0.000842s ]
INFO: [ app_begin ] --START--
INFO: Run Behavior\ReadHtmlCacheBehavior [ RunTime:0.000898s ]
INFO: [ app_begin ] --END-- [ RunTime:0.001108s ]
SQL: SHOW COLUMNS FROM `think_product` [ RunTime:0.0008s ]
SQL: SELECT * FROM `think_product` WHERE `price` LIKE '%9%' AND (  1 )  [ RunTime:0.0007s ]
SQL: SELECT * FROM `think_product` WHERE `price` LIKE '%9%' AND (  1 ) LIMIT 0,10   [ RunTime:0.0005s ]
INFO: [ view_parse ] --START--
INFO: [ template_filter ] --START--
INFO: Run Behavior\ContentReplaceBehavior [ RunTime:0.000158s ]
INFO: [ template_filter ] --END-- [ RunTime:0.000324s ]
NOTIC: [8] Undefined variable: totalPages D:\code\WampServer\wamp64\www\1fengou\Application\Runtime\Cache\Home\7fe04e96397bd97adc8ac8c2506de1ec.php 第 87 行.
INFO: Run Behavior\ParseTemplateBehavior [ RunTime:0.015378s ]
INFO: [ view_parse ] --END-- [ RunTime:0.015534s ]
INFO: [ view_filter ] --START--
INFO: Run Behavior\WriteHtmlCacheBehavior [ RunTime:0.000741s ]
INFO: [ view_filter ] --END-- [ RunTime:0.000896s ]
INFO: [ app_end ] --START--
INFO: Run Behavior\ShowPageTraceBehavior [ RunTime:0.001223s ]
INFO: [ app_end ] --END-- [ RunTime:0.001405s ]

[ 2016-03-09T16:20:13+08:00 ] ::1 /1fengou/index.php/home/Manage/index/type/search
INFO: [ app_init ] --START--
INFO: Run Behavior\BuildLiteBehavior [ RunTime:0.000041s ]
INFO: [ app_init ] --END-- [ RunTime:0.000854s ]
INFO: [ app_begin ] --START--
INFO: Run Behavior\ReadHtmlCacheBehavior [ RunTime:0.000833s ]
INFO: [ app_begin ] --END-- [ RunTime:0.000996s ]
SQL: SHOW COLUMNS FROM `think_product` [ RunTime:0.0008s ]
SQL: SELECT * FROM `think_product` WHERE `id` = 45 AND (  1 )  [ RunTime:0.0005s ]
SQL: SELECT * FROM `think_product` WHERE `id` = 45 AND (  1 ) LIMIT 0,10   [ RunTime:0.0004s ]
INFO: [ view_parse ] --START--
INFO: [ template_filter ] --START--
INFO: Run Behavior\ContentReplaceBehavior [ RunTime:0.000156s ]
INFO: [ template_filter ] --END-- [ RunTime:0.000317s ]
NOTIC: [8] Undefined variable: totalPages D:\code\WampServer\wamp64\www\1fengou\Application\Runtime\Cache\Home\7fe04e96397bd97adc8ac8c2506de1ec.php 第 87 行.
INFO: Run Behavior\ParseTemplateBehavior [ RunTime:0.015929s ]
INFO: [ view_parse ] --END-- [ RunTime:0.016261s ]
INFO: [ view_filter ] --START--
INFO: Run Behavior\WriteHtmlCacheBehavior [ RunTime:0.001394s ]
INFO: [ view_filter ] --END-- [ RunTime:0.001737s ]
INFO: [ app_end ] --START--
INFO: Run Behavior\ShowPageTraceBehavior [ RunTime:0.001461s ]
INFO: [ app_end ] --END-- [ RunTime:0.001768s ]

[ 2016-03-09T16:20:17+08:00 ] ::1 /1fengou/index.php/home/Manage/index/p/1/pageCount/10/type/ajax
INFO: [ app_init ] --START--
INFO: Run Behavior\BuildLiteBehavior [ RunTime:0.000041s ]
INFO: [ app_init ] --END-- [ RunTime:0.000861s ]
INFO: [ app_begin ] --START--
INFO: Run Behavior\ReadHtmlCacheBehavior [ RunTime:0.001464s ]
INFO: [ app_begin ] --END-- [ RunTime:0.001782s ]
NOTIC: [8] Undefined variable: param D:\code\WampServer\wamp64\www\1fengou\Application\Home\Controller\ManageController.class.php 第 30 行.
SQL: SHOW COLUMNS FROM `think_product` [ RunTime:0.0013s ]
SQL: SELECT * FROM `think_product` WHERE (  1 )  [ RunTime:0.0007s ]
SQL: SELECT * FROM `think_product` WHERE (  1 ) LIMIT 0,10   [ RunTime:0.0005s ]
INFO: [ view_parse ] --START--
INFO: [ template_filter ] --START--
INFO: Run Behavior\ContentReplaceBehavior [ RunTime:0.000169s ]
INFO: [ template_filter ] --END-- [ RunTime:0.000350s ]
NOTIC: [8] Undefined variable: totalPages D:\code\WampServer\wamp64\www\1fengou\Application\Runtime\Cache\Home\7fe04e96397bd97adc8ac8c2506de1ec.php 第 87 行.
INFO: Run Behavior\ParseTemplateBehavior [ RunTime:0.016246s ]
INFO: [ view_parse ] --END-- [ RunTime:0.016404s ]
INFO: [ view_filter ] --START--
INFO: Run Behavior\WriteHtmlCacheBehavior [ RunTime:0.000743s ]
INFO: [ view_filter ] --END-- [ RunTime:0.000892s ]
INFO: [ app_end ] --START--
INFO: Run Behavior\ShowPageTraceBehavior [ RunTime:0.001376s ]
INFO: [ app_end ] --END-- [ RunTime:0.001659s ]

[ 2016-03-09T16:20:20+08:00 ] ::1 /1fengou/index.php/home/Manage/index/type/search
INFO: [ app_init ] --START--
INFO: Run Behavior\BuildLiteBehavior [ RunTime:0.000042s ]
INFO: [ app_init ] --END-- [ RunTime:0.000840s ]
INFO: [ app_begin ] --START--
INFO: Run Behavior\ReadHtmlCacheBehavior [ RunTime:0.001380s ]
INFO: [ app_begin ] --END-- [ RunTime:0.001714s ]
SQL: SHOW COLUMNS FROM `think_product` [ RunTime:0.0012s ]
SQL: SELECT * FROM `think_product` WHERE `id` = 45 AND `price` LIKE '%9%' AND (  1 )  [ RunTime:0.0006s ]
SQL: SELECT * FROM `think_product` WHERE `id` = 45 AND `price` LIKE '%9%' AND (  1 ) LIMIT 0,10   [ RunTime:0.0006s ]
INFO: [ view_parse ] --START--
INFO: [ template_filter ] --START--
INFO: Run Behavior\ContentReplaceBehavior [ RunTime:0.000165s ]
INFO: [ template_filter ] --END-- [ RunTime:0.000379s ]
NOTIC: [8] Undefined variable: totalPages D:\code\WampServer\wamp64\www\1fengou\Application\Runtime\Cache\Home\7fe04e96397bd97adc8ac8c2506de1ec.php 第 87 行.
INFO: Run Behavior\ParseTemplateBehavior [ RunTime:0.015816s ]
INFO: [ view_parse ] --END-- [ RunTime:0.015977s ]
INFO: [ view_filter ] --START--
INFO: Run Behavior\WriteHtmlCacheBehavior [ RunTime:0.000767s ]
INFO: [ view_filter ] --END-- [ RunTime:0.000919s ]
INFO: [ app_end ] --START--
INFO: Run Behavior\ShowPageTraceBehavior [ RunTime:0.001004s ]
INFO: [ app_end ] --END-- [ RunTime:0.001159s ]

[ 2016-03-09T16:20:25+08:00 ] ::1 /1fengou/index.php/home/Manage/index/type/search
INFO: [ app_init ] --START--
INFO: Run Behavior\BuildLiteBehavior [ RunTime:0.000045s ]
INFO: [ app_init ] --END-- [ RunTime:0.001027s ]
INFO: [ app_begin ] --START--
INFO: Run Behavior\ReadHtmlCacheBehavior [ RunTime:0.000880s ]
INFO: [ app_begin ] --END-- [ RunTime:0.001053s ]
SQL: SHOW COLUMNS FROM `think_product` [ RunTime:0.0008s ]
SQL: SELECT * FROM `think_product` WHERE `price` LIKE '%9%' AND (  1 )  [ RunTime:0.0007s ]
SQL: SELECT * FROM `think_product` WHERE `price` LIKE '%9%' AND (  1 ) LIMIT 0,10   [ RunTime:0.0005s ]
INFO: [ view_parse ] --START--
INFO: [ template_filter ] --START--
INFO: Run Behavior\ContentReplaceBehavior [ RunTime:0.000154s ]
INFO: [ template_filter ] --END-- [ RunTime:0.000318s ]
NOTIC: [8] Undefined variable: totalPages D:\code\WampServer\wamp64\www\1fengou\Application\Runtime\Cache\Home\7fe04e96397bd97adc8ac8c2506de1ec.php 第 87 行.
INFO: Run Behavior\ParseTemplateBehavior [ RunTime:0.017033s ]
INFO: [ view_parse ] --END-- [ RunTime:0.017190s ]
INFO: [ view_filter ] --START--
INFO: Run Behavior\WriteHtmlCacheBehavior [ RunTime:0.000760s ]
INFO: [ view_filter ] --END-- [ RunTime:0.000916s ]
INFO: [ app_end ] --START--
INFO: Run Behavior\ShowPageTraceBehavior [ RunTime:0.001250s ]
INFO: [ app_end ] --END-- [ RunTime:0.001431s ]

[ 2016-03-09T16:22:13+08:00 ] ::1 /1fengou/index.php/home/Manage/editProduct/id/45
INFO: [ app_init ] --START--
INFO: Run Behavior\BuildLiteBehavior [ RunTime:0.000048s ]
INFO: [ app_init ] --END-- [ RunTime:0.000987s ]
INFO: [ app_begin ] --START--
INFO: Run Behavior\ReadHtmlCacheBehavior [ RunTime:0.001021s ]
INFO: [ app_begin ] --END-- [ RunTime:0.001224s ]
SQL: SHOW COLUMNS FROM `think_product` [ RunTime:0.0008s ]
SQL: SELECT * FROM `think_product` WHERE `id` = 45 LIMIT 1   [ RunTime:0.0005s ]
INFO: [ view_parse ] --START--
INFO: [ template_filter ] --START--
INFO: Run Behavior\ContentReplaceBehavior [ RunTime:0.000470s ]
INFO: [ template_filter ] --END-- [ RunTime:0.000674s ]
INFO: Run Behavior\ParseTemplateBehavior [ RunTime:0.029462s ]
INFO: [ view_parse ] --END-- [ RunTime:0.029666s ]
INFO: [ view_filter ] --START--
INFO: Run Behavior\WriteHtmlCacheBehavior [ RunTime:0.000764s ]
INFO: [ view_filter ] --END-- [ RunTime:0.000944s ]
INFO: [ app_end ] --START--
INFO: Run Behavior\ShowPageTraceBehavior [ RunTime:0.001277s ]
INFO: [ app_end ] --END-- [ RunTime:0.001560s ]

[ 2016-03-09T16:22:20+08:00 ] ::1 /1fengou/index.php/home/Manage/saveProduct
INFO: [ app_init ] --START--
INFO: Run Behavior\BuildLiteBehavior [ RunTime:0.000041s ]
INFO: [ app_init ] --END-- [ RunTime:0.000838s ]
INFO: [ app_begin ] --START--
INFO: Run Behavior\ReadHtmlCacheBehavior [ RunTime:0.000957s ]
INFO: [ app_begin ] --END-- [ RunTime:0.001139s ]
SQL: SHOW COLUMNS FROM `think_product` [ RunTime:0.0008s ]
NOTIC: [2] call_user_func() expects parameter 1 to be a valid callback, no array or string given D:\code\WampServer\wamp64\www\1fengou\ThinkPHP\Library\Think\Upload.class.php 第 170 行.
NOTIC: [8] Use of undefined constant status - assumed 'status' D:\code\WampServer\wamp64\www\1fengou\Application\Home\Controller\ManageController.class.php 第 96 行.
NOTIC: [8] Undefined index: validate D:\code\WampServer\wamp64\www\1fengou\ThinkPHP\Library\Think\Model.class.php 第 1185 行.
NOTIC: [8] Undefined index: auto D:\code\WampServer\wamp64\www\1fengou\ThinkPHP\Library\Think\Model.class.php 第 1128 行.
SQL: UPDATE `think_product` SET `name`='product_2',`price`='9.9',`introduce`='introduce_5',`thumbnail`='Resources/Images2016-03-09/56dfdd3c89339.png' WHERE `id` = 45 [ RunTime:0.0019s ]

[ 2016-03-09T16:22:22+08:00 ] ::1 /1fengou/index.php/home/Manage/index
INFO: [ app_init ] --START--
INFO: Run Behavior\BuildLiteBehavior [ RunTime:0.000043s ]
INFO: [ app_init ] --END-- [ RunTime:0.001012s ]
INFO: [ app_begin ] --START--
INFO: Run Behavior\ReadHtmlCacheBehavior [ RunTime:0.002416s ]
INFO: [ app_begin ] --END-- [ RunTime:0.002721s ]
NOTIC: [8] Undefined variable: param D:\code\WampServer\wamp64\www\1fengou\Application\Home\Controller\ManageController.class.php 第 30 行.
SQL: SHOW COLUMNS FROM `think_product` [ RunTime:0.0009s ]
SQL: SELECT * FROM `think_product` WHERE (  1 )  [ RunTime:0.0005s ]
SQL: SELECT * FROM `think_product` WHERE (  1 ) LIMIT 0,10   [ RunTime:0.0004s ]
INFO: [ view_parse ] --START--
INFO: [ template_filter ] --START--
INFO: Run Behavior\ContentReplaceBehavior [ RunTime:0.000750s ]
INFO: [ template_filter ] --END-- [ RunTime:0.001022s ]
NOTIC: [8] Undefined variable: totalPages D:\code\WampServer\wamp64\www\1fengou\Application\Runtime\Cache\Home\f2ed2d116ee9faa6b5ea1d732a76329f.php 第 744 行.
INFO: Run Behavior\ParseTemplateBehavior [ RunTime:0.041666s ]
INFO: [ view_parse ] --END-- [ RunTime:0.041923s ]
INFO: [ view_filter ] --START--
INFO: Run Behavior\WriteHtmlCacheBehavior [ RunTime:0.001207s ]
INFO: [ view_filter ] --END-- [ RunTime:0.001398s ]
INFO: [ app_end ] --START--
INFO: Run Behavior\ShowPageTraceBehavior [ RunTime:0.001820s ]
INFO: [ app_end ] --END-- [ RunTime:0.002306s ]

[ 2016-03-09T16:22:29+08:00 ] ::1 /1fengou/index.php/Home/Manage/index/p/2.html
INFO: [ app_init ] --START--
INFO: Run Behavior\BuildLiteBehavior [ RunTime:0.000074s ]
INFO: [ app_init ] --END-- [ RunTime:0.001132s ]
INFO: [ app_begin ] --START--
INFO: Run Behavior\ReadHtmlCacheBehavior [ RunTime:0.000966s ]
INFO: [ app_begin ] --END-- [ RunTime:0.001168s ]
NOTIC: [8] Undefined variable: param D:\code\WampServer\wamp64\www\1fengou\Application\Home\Controller\ManageController.class.php 第 30 行.
SQL: SHOW COLUMNS FROM `think_product` [ RunTime:0.0008s ]
SQL: SELECT * FROM `think_product` WHERE (  1 )  [ RunTime:0.0006s ]
SQL: SELECT * FROM `think_product` WHERE (  1 ) LIMIT 10,10   [ RunTime:0.0005s ]
INFO: [ view_parse ] --START--
INFO: [ template_filter ] --START--
INFO: Run Behavior\ContentReplaceBehavior [ RunTime:0.000605s ]
INFO: [ template_filter ] --END-- [ RunTime:0.000806s ]
NOTIC: [8] Undefined variable: totalPages D:\code\WampServer\wamp64\www\1fengou\Application\Runtime\Cache\Home\f2ed2d116ee9faa6b5ea1d732a76329f.php 第 744 行.
INFO: Run Behavior\ParseTemplateBehavior [ RunTime:0.035500s ]
INFO: [ view_parse ] --END-- [ RunTime:0.035808s ]
INFO: [ view_filter ] --START--
INFO: Run Behavior\WriteHtmlCacheBehavior [ RunTime:0.001009s ]
INFO: [ view_filter ] --END-- [ RunTime:0.001240s ]
INFO: [ app_end ] --START--
INFO: Run Behavior\ShowPageTraceBehavior [ RunTime:0.001394s ]
INFO: [ app_end ] --END-- [ RunTime:0.001717s ]

[ 2016-03-09T16:22:32+08:00 ] ::1 /1fengou/index.php/home/Manage/index/p/1/pageCount/25/type/ajax
INFO: [ app_init ] --START--
INFO: Run Behavior\BuildLiteBehavior [ RunTime:0.000041s ]
INFO: [ app_init ] --END-- [ RunTime:0.000769s ]
INFO: [ app_begin ] --START--
INFO: Run Behavior\ReadHtmlCacheBehavior [ RunTime:0.000819s ]
INFO: [ app_begin ] --END-- [ RunTime:0.000976s ]
NOTIC: [8] Undefined variable: param D:\code\WampServer\wamp64\www\1fengou\Application\Home\Controller\ManageController.class.php 第 30 行.
SQL: SHOW COLUMNS FROM `think_product` [ RunTime:0.0008s ]
SQL: SELECT * FROM `think_product` WHERE (  1 )  [ RunTime:0.0006s ]
SQL: SELECT * FROM `think_product` WHERE (  1 ) LIMIT 0,25   [ RunTime:0.0005s ]
INFO: [ view_parse ] --START--
INFO: [ template_filter ] --START--
INFO: Run Behavior\ContentReplaceBehavior [ RunTime:0.000157s ]
INFO: [ template_filter ] --END-- [ RunTime:0.000360s ]
NOTIC: [8] Undefined variable: totalPages D:\code\WampServer\wamp64\www\1fengou\Application\Runtime\Cache\Home\7fe04e96397bd97adc8ac8c2506de1ec.php 第 87 行.
INFO: Run Behavior\ParseTemplateBehavior [ RunTime:0.014835s ]
INFO: [ view_parse ] --END-- [ RunTime:0.015008s ]
INFO: [ view_filter ] --START--
INFO: Run Behavior\WriteHtmlCacheBehavior [ RunTime:0.000801s ]
INFO: [ view_filter ] --END-- [ RunTime:0.001003s ]
INFO: [ app_end ] --START--
INFO: Run Behavior\ShowPageTraceBehavior [ RunTime:0.001131s ]
INFO: [ app_end ] --END-- [ RunTime:0.001378s ]

[ 2016-03-09T16:22:35+08:00 ] ::1 /1fengou/index.php/Home/Manage/index/p/2/pageCount/25/type/ajax.html
INFO: [ app_init ] --START--
INFO: Run Behavior\BuildLiteBehavior [ RunTime:0.000041s ]
INFO: [ app_init ] --END-- [ RunTime:0.000810s ]
INFO: [ app_begin ] --START--
INFO: Run Behavior\ReadHtmlCacheBehavior [ RunTime:0.001018s ]
INFO: [ app_begin ] --END-- [ RunTime:0.001305s ]
NOTIC: [8] Undefined variable: param D:\code\WampServer\wamp64\www\1fengou\Application\Home\Controller\ManageController.class.php 第 30 行.
SQL: SHOW COLUMNS FROM `think_product` [ RunTime:0.0008s ]
SQL: SELECT * FROM `think_product` WHERE (  1 )  [ RunTime:0.0007s ]
SQL: SELECT * FROM `think_product` WHERE (  1 ) LIMIT 25,25   [ RunTime:0.0006s ]
INFO: [ view_parse ] --START--
INFO: [ template_filter ] --START--
INFO: Run Behavior\ContentReplaceBehavior [ RunTime:0.000161s ]
INFO: [ template_filter ] --END-- [ RunTime:0.000361s ]
NOTIC: [8] Undefined variable: totalPages D:\code\WampServer\wamp64\www\1fengou\Application\Runtime\Cache\Home\7fe04e96397bd97adc8ac8c2506de1ec.php 第 87 行.
INFO: Run Behavior\ParseTemplateBehavior [ RunTime:0.016221s ]
INFO: [ view_parse ] --END-- [ RunTime:0.016509s ]
INFO: [ view_filter ] --START--
INFO: Run Behavior\WriteHtmlCacheBehavior [ RunTime:0.001044s ]
INFO: [ view_filter ] --END-- [ RunTime:0.001309s ]
INFO: [ app_end ] --START--
INFO: Run Behavior\ShowPageTraceBehavior [ RunTime:0.001363s ]
INFO: [ app_end ] --END-- [ RunTime:0.001695s ]

[ 2016-03-09T16:23:08+08:00 ] ::1 /1fengou/index.php/home/Manage/index
INFO: [ app_init ] --START--
INFO: Run Behavior\BuildLiteBehavior [ RunTime:0.000044s ]
INFO: [ app_init ] --END-- [ RunTime:0.001006s ]
INFO: [ app_begin ] --START--
INFO: Run Behavior\ReadHtmlCacheBehavior [ RunTime:0.001430s ]
INFO: [ app_begin ] --END-- [ RunTime:0.001628s ]
NOTIC: [8] Undefined variable: param D:\code\WampServer\wamp64\www\1fengou\Application\Home\Controller\ManageController.class.php 第 30 行.
SQL: SHOW COLUMNS FROM `think_product` [ RunTime:0.0009s ]
SQL: SELECT * FROM `think_product` WHERE (  1 )  [ RunTime:0.0008s ]
SQL: SELECT * FROM `think_product` WHERE (  1 ) LIMIT 0,10   [ RunTime:0.0005s ]
INFO: [ view_parse ] --START--
INFO: [ template_filter ] --START--
INFO: Run Behavior\ContentReplaceBehavior [ RunTime:0.000618s ]
INFO: [ template_filter ] --END-- [ RunTime:0.000833s ]
NOTIC: [8] Undefined variable: totalPages D:\code\WampServer\wamp64\www\1fengou\Application\Runtime\Cache\Home\f2ed2d116ee9faa6b5ea1d732a76329f.php 第 744 行.
INFO: Run Behavior\ParseTemplateBehavior [ RunTime:0.036880s ]
INFO: [ view_parse ] --END-- [ RunTime:0.037078s ]
INFO: [ view_filter ] --START--
INFO: Run Behavior\WriteHtmlCacheBehavior [ RunTime:0.001188s ]
INFO: [ view_filter ] --END-- [ RunTime:0.001538s ]
INFO: [ app_end ] --START--
INFO: Run Behavior\ShowPageTraceBehavior [ RunTime:0.003628s ]
INFO: [ app_end ] --END-- [ RunTime:0.003847s ]

[ 2016-03-09T16:23:13+08:00 ] ::1 /1fengou/index.php/home/Manage/index/p/1/pageCount/25/type/ajax
INFO: [ app_init ] --START--
INFO: Run Behavior\BuildLiteBehavior [ RunTime:0.000042s ]
INFO: [ app_init ] --END-- [ RunTime:0.001011s ]
INFO: [ app_begin ] --START--
INFO: Run Behavior\ReadHtmlCacheBehavior [ RunTime:0.001482s ]
INFO: [ app_begin ] --END-- [ RunTime:0.001651s ]
NOTIC: [8] Undefined variable: param D:\code\WampServer\wamp64\www\1fengou\Application\Home\Controller\ManageController.class.php 第 30 行.
SQL: SHOW COLUMNS FROM `think_product` [ RunTime:0.0008s ]
SQL: SELECT * FROM `think_product` WHERE (  1 )  [ RunTime:0.0006s ]
SQL: SELECT * FROM `think_product` WHERE (  1 ) LIMIT 0,25   [ RunTime:0.0006s ]
INFO: [ view_parse ] --START--
INFO: [ template_filter ] --START--
INFO: Run Behavior\ContentReplaceBehavior [ RunTime:0.000156s ]
INFO: [ template_filter ] --END-- [ RunTime:0.000319s ]
NOTIC: [8] Undefined variable: totalPages D:\code\WampServer\wamp64\www\1fengou\Application\Runtime\Cache\Home\7fe04e96397bd97adc8ac8c2506de1ec.php 第 87 行.
INFO: Run Behavior\ParseTemplateBehavior [ RunTime:0.016263s ]
INFO: [ view_parse ] --END-- [ RunTime:0.016421s ]
INFO: [ view_filter ] --START--
INFO: Run Behavior\WriteHtmlCacheBehavior [ RunTime:0.001152s ]
INFO: [ view_filter ] --END-- [ RunTime:0.001309s ]
INFO: [ app_end ] --START--
INFO: Run Behavior\ShowPageTraceBehavior [ RunTime:0.001966s ]
INFO: [ app_end ] --END-- [ RunTime:0.002143s ]

[ 2016-03-09T16:23:18+08:00 ] ::1 /1fengou/index.php/Home/Manage/index/p/2/pageCount/25/type/ajax.html
INFO: [ app_init ] --START--
INFO: Run Behavior\BuildLiteBehavior [ RunTime:0.000042s ]
INFO: [ app_init ] --END-- [ RunTime:0.001003s ]
INFO: [ app_begin ] --START--
INFO: Run Behavior\ReadHtmlCacheBehavior [ RunTime:0.001410s ]
INFO: [ app_begin ] --END-- [ RunTime:0.001602s ]
NOTIC: [8] Undefined variable: param D:\code\WampServer\wamp64\www\1fengou\Application\Home\Controller\ManageController.class.php 第 30 行.
SQL: SHOW COLUMNS FROM `think_product` [ RunTime:0.0010s ]
SQL: SELECT * FROM `think_product` WHERE (  1 )  [ RunTime:0.0009s ]
SQL: SELECT * FROM `think_product` WHERE (  1 ) LIMIT 25,25   [ RunTime:0.0006s ]
INFO: [ view_parse ] --START--
INFO: [ template_filter ] --START--
INFO: Run Behavior\ContentReplaceBehavior [ RunTime:0.000160s ]
INFO: [ template_filter ] --END-- [ RunTime:0.000355s ]
NOTIC: [8] Undefined variable: totalPages D:\code\WampServer\wamp64\www\1fengou\Application\Runtime\Cache\Home\7fe04e96397bd97adc8ac8c2506de1ec.php 第 87 行.
INFO: Run Behavior\ParseTemplateBehavior [ RunTime:0.017426s ]
INFO: [ view_parse ] --END-- [ RunTime:0.017616s ]
INFO: [ view_filter ] --START--
INFO: Run Behavior\WriteHtmlCacheBehavior [ RunTime:0.001198s ]
INFO: [ view_filter ] --END-- [ RunTime:0.001380s ]
INFO: [ app_end ] --START--
INFO: Run Behavior\ShowPageTraceBehavior [ RunTime:0.001789s ]
INFO: [ app_end ] --END-- [ RunTime:0.002194s ]

[ 2016-03-09T16:23:30+08:00 ] ::1 /1fengou/index.php/Home/Manage/index/p/3.html
INFO: [ app_init ] --START--
INFO: Run Behavior\BuildLiteBehavior [ RunTime:0.000040s ]
INFO: [ app_init ] --END-- [ RunTime:0.000728s ]
INFO: [ app_begin ] --START--
INFO: Run Behavior\ReadHtmlCacheBehavior [ RunTime:0.000947s ]
INFO: [ app_begin ] --END-- [ RunTime:0.001243s ]
NOTIC: [8] Undefined variable: param D:\code\WampServer\wamp64\www\1fengou\Application\Home\Controller\ManageController.class.php 第 30 行.
SQL: SHOW COLUMNS FROM `think_product` [ RunTime:0.0008s ]
SQL: SELECT * FROM `think_product` WHERE (  1 )  [ RunTime:0.0006s ]
SQL: SELECT * FROM `think_product` WHERE (  1 ) LIMIT 20,10   [ RunTime:0.0005s ]
INFO: [ view_parse ] --START--
INFO: [ template_filter ] --START--
INFO: Run Behavior\ContentReplaceBehavior [ RunTime:0.000643s ]
INFO: [ template_filter ] --END-- [ RunTime:0.000868s ]
NOTIC: [8] Undefined variable: totalPages D:\code\WampServer\wamp64\www\1fengou\Application\Runtime\Cache\Home\f2ed2d116ee9faa6b5ea1d732a76329f.php 第 744 行.
INFO: Run Behavior\ParseTemplateBehavior [ RunTime:0.033632s ]
INFO: [ view_parse ] --END-- [ RunTime:0.033823s ]
INFO: [ view_filter ] --START--
INFO: Run Behavior\WriteHtmlCacheBehavior [ RunTime:0.000698s ]
INFO: [ view_filter ] --END-- [ RunTime:0.000875s ]
INFO: [ app_end ] --START--
INFO: Run Behavior\ShowPageTraceBehavior [ RunTime:0.001156s ]
INFO: [ app_end ] --END-- [ RunTime:0.001455s ]

[ 2016-03-09T16:23:35+08:00 ] ::1 /1fengou/index.php/Home/Manage/index/p/2.html
INFO: [ app_init ] --START--
INFO: Run Behavior\BuildLiteBehavior [ RunTime:0.000040s ]
INFO: [ app_init ] --END-- [ RunTime:0.000809s ]
INFO: [ app_begin ] --START--
INFO: Run Behavior\ReadHtmlCacheBehavior [ RunTime:0.000968s ]
INFO: [ app_begin ] --END-- [ RunTime:0.001265s ]
NOTIC: [8] Undefined variable: param D:\code\WampServer\wamp64\www\1fengou\Application\Home\Controller\ManageController.class.php 第 30 行.
SQL: SHOW COLUMNS FROM `think_product` [ RunTime:0.0008s ]
SQL: SELECT * FROM `think_product` WHERE (  1 )  [ RunTime:0.0006s ]
SQL: SELECT * FROM `think_product` WHERE (  1 ) LIMIT 10,10   [ RunTime:0.0005s ]
INFO: [ view_parse ] --START--
INFO: [ template_filter ] --START--
INFO: Run Behavior\ContentReplaceBehavior [ RunTime:0.000603s ]
INFO: [ template_filter ] --END-- [ RunTime:0.000810s ]
NOTIC: [8] Undefined variable: totalPages D:\code\WampServer\wamp64\www\1fengou\Application\Runtime\Cache\Home\f2ed2d116ee9faa6b5ea1d732a76329f.php 第 744 行.
INFO: Run Behavior\ParseTemplateBehavior [ RunTime:0.033420s ]
INFO: [ view_parse ] --END-- [ RunTime:0.033618s ]
INFO: [ view_filter ] --START--
INFO: Run Behavior\WriteHtmlCacheBehavior [ RunTime:0.000765s ]
INFO: [ view_filter ] --END-- [ RunTime:0.000943s ]
INFO: [ app_end ] --START--
INFO: Run Behavior\ShowPageTraceBehavior [ RunTime:0.001657s ]
INFO: [ app_end ] --END-- [ RunTime:0.002258s ]

[ 2016-03-09T16:23:50+08:00 ] ::1 /1fengou/index.php/home/Manage/index
INFO: [ app_init ] --START--
INFO: Run Behavior\BuildLiteBehavior [ RunTime:0.000079s ]
INFO: [ app_init ] --END-- [ RunTime:0.001073s ]
INFO: [ app_begin ] --START--
INFO: Run Behavior\ReadHtmlCacheBehavior [ RunTime:0.000774s ]
INFO: [ app_begin ] --END-- [ RunTime:0.000974s ]
NOTIC: [8] Undefined variable: param D:\code\WampServer\wamp64\www\1fengou\Application\Home\Controller\ManageController.class.php 第 30 行.
SQL: SHOW COLUMNS FROM `think_product` [ RunTime:0.0008s ]
SQL: SELECT * FROM `think_product` WHERE (  1 )  [ RunTime:0.0006s ]
SQL: SELECT * FROM `think_product` WHERE (  1 ) LIMIT 0,10   [ RunTime:0.0005s ]
INFO: [ view_parse ] --START--
INFO: [ template_filter ] --START--
INFO: Run Behavior\ContentReplaceBehavior [ RunTime:0.000654s ]
INFO: [ template_filter ] --END-- [ RunTime:0.000859s ]
NOTIC: [8] Undefined variable: totalPages D:\code\WampServer\wamp64\www\1fengou\Application\Runtime\Cache\Home\f2ed2d116ee9faa6b5ea1d732a76329f.php 第 744 行.
INFO: Run Behavior\ParseTemplateBehavior [ RunTime:0.035148s ]
INFO: [ view_parse ] --END-- [ RunTime:0.035342s ]
INFO: [ view_filter ] --START--
INFO: Run Behavior\WriteHtmlCacheBehavior [ RunTime:0.001053s ]
INFO: [ view_filter ] --END-- [ RunTime:0.001254s ]
INFO: [ app_end ] --START--
INFO: Run Behavior\ShowPageTraceBehavior [ RunTime:0.001567s ]
INFO: [ app_end ] --END-- [ RunTime:0.001964s ]

[ 2016-03-09T16:23:55+08:00 ] ::1 /1fengou/index.php/Home/Manage/index/p/2.html
INFO: [ app_init ] --START--
INFO: Run Behavior\BuildLiteBehavior [ RunTime:0.000041s ]
INFO: [ app_init ] --END-- [ RunTime:0.000818s ]
INFO: [ app_begin ] --START--
INFO: Run Behavior\ReadHtmlCacheBehavior [ RunTime:0.000900s ]
INFO: [ app_begin ] --END-- [ RunTime:0.001190s ]
NOTIC: [8] Undefined variable: param D:\code\WampServer\wamp64\www\1fengou\Application\Home\Controller\ManageController.class.php 第 30 行.
SQL: SHOW COLUMNS FROM `think_product` [ RunTime:0.0008s ]
SQL: SELECT * FROM `think_product` WHERE (  1 )  [ RunTime:0.0006s ]
SQL: SELECT * FROM `think_product` WHERE (  1 ) LIMIT 10,10   [ RunTime:0.0005s ]
INFO: [ view_parse ] --START--
INFO: [ template_filter ] --START--
INFO: Run Behavior\ContentReplaceBehavior [ RunTime:0.000603s ]
INFO: [ template_filter ] --END-- [ RunTime:0.000803s ]
NOTIC: [8] Undefined variable: totalPages D:\code\WampServer\wamp64\www\1fengou\Application\Runtime\Cache\Home\f2ed2d116ee9faa6b5ea1d732a76329f.php 第 744 行.
INFO: Run Behavior\ParseTemplateBehavior [ RunTime:0.034674s ]
INFO: [ view_parse ] --END-- [ RunTime:0.034863s ]
INFO: [ view_filter ] --START--
INFO: Run Behavior\WriteHtmlCacheBehavior [ RunTime:0.000787s ]
INFO: [ view_filter ] --END-- [ RunTime:0.000966s ]
INFO: [ app_end ] --START--
INFO: Run Behavior\ShowPageTraceBehavior [ RunTime:0.001356s ]
INFO: [ app_end ] --END-- [ RunTime:0.001651s ]

[ 2016-03-09T16:24:02+08:00 ] ::1 /1fengou/index.php/home/Manage/index/p/1/pageCount/25/type/ajax
INFO: [ app_init ] --START--
INFO: Run Behavior\BuildLiteBehavior [ RunTime:0.000042s ]
INFO: [ app_init ] --END-- [ RunTime:0.000847s ]
INFO: [ app_begin ] --START--
INFO: Run Behavior\ReadHtmlCacheBehavior [ RunTime:0.000804s ]
INFO: [ app_begin ] --END-- [ RunTime:0.000962s ]
NOTIC: [8] Undefined variable: param D:\code\WampServer\wamp64\www\1fengou\Application\Home\Controller\ManageController.class.php 第 30 行.
SQL: SHOW COLUMNS FROM `think_product` [ RunTime:0.0008s ]
SQL: SELECT * FROM `think_product` WHERE (  1 )  [ RunTime:0.0006s ]
SQL: SELECT * FROM `think_product` WHERE (  1 ) LIMIT 0,25   [ RunTime:0.0005s ]
INFO: [ view_parse ] --START--
INFO: [ template_filter ] --START--
INFO: Run Behavior\ContentReplaceBehavior [ RunTime:0.000154s ]
INFO: [ template_filter ] --END-- [ RunTime:0.000317s ]
NOTIC: [8] Undefined variable: totalPages D:\code\WampServer\wamp64\www\1fengou\Application\Runtime\Cache\Home\7fe04e96397bd97adc8ac8c2506de1ec.php 第 87 行.
INFO: Run Behavior\ParseTemplateBehavior [ RunTime:0.014929s ]
INFO: [ view_parse ] --END-- [ RunTime:0.015095s ]
INFO: [ view_filter ] --START--
INFO: Run Behavior\WriteHtmlCacheBehavior [ RunTime:0.000849s ]
INFO: [ view_filter ] --END-- [ RunTime:0.001006s ]
INFO: [ app_end ] --START--
INFO: Run Behavior\ShowPageTraceBehavior [ RunTime:0.001130s ]
INFO: [ app_end ] --END-- [ RunTime:0.001376s ]

[ 2016-03-09T16:24:12+08:00 ] ::1 /1fengou/index.php/Home/Manage/index/p/2/pageCount/25/type/ajax.html
INFO: [ app_init ] --START--
INFO: Run Behavior\BuildLiteBehavior [ RunTime:0.000049s ]
INFO: [ app_init ] --END-- [ RunTime:0.000840s ]
INFO: [ app_begin ] --START--
INFO: Run Behavior\ReadHtmlCacheBehavior [ RunTime:0.000898s ]
INFO: [ app_begin ] --END-- [ RunTime:0.001205s ]
NOTIC: [8] Undefined variable: param D:\code\WampServer\wamp64\www\1fengou\Application\Home\Controller\ManageController.class.php 第 30 行.
SQL: SHOW COLUMNS FROM `think_product` [ RunTime:0.0008s ]
SQL: SELECT * FROM `think_product` WHERE (  1 )  [ RunTime:0.0006s ]
SQL: SELECT * FROM `think_product` WHERE (  1 ) LIMIT 25,25   [ RunTime:0.0006s ]
INFO: [ view_parse ] --START--
INFO: [ template_filter ] --START--
INFO: Run Behavior\ContentReplaceBehavior [ RunTime:0.000159s ]
INFO: [ template_filter ] --END-- [ RunTime:0.000358s ]
NOTIC: [8] Undefined variable: totalPages D:\code\WampServer\wamp64\www\1fengou\Application\Runtime\Cache\Home\7fe04e96397bd97adc8ac8c2506de1ec.php 第 87 行.
INFO: Run Behavior\ParseTemplateBehavior [ RunTime:0.015531s ]
INFO: [ view_parse ] --END-- [ RunTime:0.015744s ]
INFO: [ view_filter ] --START--
INFO: Run Behavior\WriteHtmlCacheBehavior [ RunTime:0.000753s ]
INFO: [ view_filter ] --END-- [ RunTime:0.000955s ]
INFO: [ app_end ] --START--
INFO: Run Behavior\ShowPageTraceBehavior [ RunTime:0.001236s ]
INFO: [ app_end ] --END-- [ RunTime:0.001561s ]

[ 2016-03-09T21:45:58+08:00 ] ::1 /1fengou/index.php/home/index/index/type/index
INFO: [ app_init ] --START--
INFO: Run Behavior\BuildLiteBehavior [ RunTime:0.000042s ]
INFO: [ app_init ] --END-- [ RunTime:0.001669s ]
INFO: [ app_begin ] --START--
INFO: Run Behavior\ReadHtmlCacheBehavior [ RunTime:0.001149s ]
INFO: [ app_begin ] --END-- [ RunTime:0.001354s ]
SQL: SHOW COLUMNS FROM `think_product` [ RunTime:0.0016s ]
SQL: SELECT * FROM `think_product`  [ RunTime:0.0006s ]
INFO: [ view_parse ] --START--
INFO: [ template_filter ] --START--
INFO: Run Behavior\ContentReplaceBehavior [ RunTime:0.001681s ]
INFO: [ template_filter ] --END-- [ RunTime:0.001886s ]
NOTIC: [8] Undefined variable: _page D:\code\WampServer\wamp64\www\1fengou\Application\Runtime\Cache\Home\2a94b8bda04ff446dcedd42276fc99ee.php 第 550 行.
INFO: Run Behavior\ParseTemplateBehavior [ RunTime:0.035833s ]
INFO: [ view_parse ] --END-- [ RunTime:0.036079s ]
INFO: [ view_filter ] --START--
INFO: Run Behavior\WriteHtmlCacheBehavior [ RunTime:0.001075s ]
INFO: [ view_filter ] --END-- [ RunTime:0.001272s ]
INFO: [ app_end ] --START--
INFO: Run Behavior\ShowPageTraceBehavior [ RunTime:0.001606s ]
INFO: [ app_end ] --END-- [ RunTime:0.001907s ]

