[ 2016-03-08T11:05:36+08:00 ] ::1 /1fengou/index.php/home/index/index/type/index
INFO: [ app_init ] --START--
INFO: Run Behavior\BuildLiteBehavior [ RunTime:0.000043s ]
INFO: [ app_init ] --END-- [ RunTime:0.001509s ]
INFO: [ app_begin ] --START--
INFO: Run Behavior\ReadHtmlCacheBehavior [ RunTime:0.001133s ]
INFO: [ app_begin ] --END-- [ RunTime:0.001339s ]
ERR: SQLSTATE[HY000] [1045] Access denied for user 'root'@'localhost' (using password: YES)

[ 2016-03-08T11:06:14+08:00 ] ::1 /1fengou/index.php/home/index/index/type/index
INFO: [ app_init ] --START--
INFO: Run Behavior\BuildLiteBehavior [ RunTime:0.000041s ]
INFO: [ app_init ] --END-- [ RunTime:0.000930s ]
INFO: [ app_begin ] --START--
INFO: Run Behavior\ReadHtmlCacheBehavior [ RunTime:0.001050s ]
INFO: [ app_begin ] --END-- [ RunTime:0.001265s ]
SQL: SHOW COLUMNS FROM `think_product` [ RunTime:0.0014s ]
SQL: SELECT * FROM `think_product`  [ RunTime:0.0007s ]
INFO: [ view_parse ] --START--
INFO: [ template_filter ] --START--
INFO: Run Behavior\ContentReplaceBehavior [ RunTime:0.001882s ]
INFO: [ template_filter ] --END-- [ RunTime:0.002090s ]
NOTIC: [8] Undefined variable: _page D:\code\WampServer\wamp64\www\1fengou\Application\Runtime\Cache\Home\2a94b8bda04ff446dcedd42276fc99ee.php 第 550 行.
INFO: Run Behavior\ParseTemplateBehavior [ RunTime:0.035699s ]
INFO: [ view_parse ] --END-- [ RunTime:0.035955s ]
INFO: [ view_filter ] --START--
INFO: Run Behavior\WriteHtmlCacheBehavior [ RunTime:0.001044s ]
INFO: [ view_filter ] --END-- [ RunTime:0.001224s ]
INFO: [ app_end ] --START--
INFO: Run Behavior\ShowPageTraceBehavior [ RunTime:0.001917s ]
INFO: [ app_end ] --END-- [ RunTime:0.002207s ]

[ 2016-03-08T11:06:16+08:00 ] ::1 /1fengou/index.php/home/Manage/editProduct
INFO: [ app_init ] --START--
INFO: Run Behavior\BuildLiteBehavior [ RunTime:0.000042s ]
INFO: [ app_init ] --END-- [ RunTime:0.000806s ]
INFO: [ app_begin ] --START--
INFO: Run Behavior\ReadHtmlCacheBehavior [ RunTime:0.000853s ]
INFO: [ app_begin ] --END-- [ RunTime:0.001044s ]
INFO: [ view_parse ] --START--
INFO: [ template_filter ] --START--
INFO: Run Behavior\ContentReplaceBehavior [ RunTime:0.000497s ]
INFO: [ template_filter ] --END-- [ RunTime:0.000712s ]
NOTIC: [8] Undefined variable: productList D:\code\WampServer\wamp64\www\1fengou\Application\Runtime\Cache\Home\3c5bfb19904e0772601387a32463ad93.php 第 64 行.
NOTIC: [8] Undefined variable: productList D:\code\WampServer\wamp64\www\1fengou\Application\Runtime\Cache\Home\3c5bfb19904e0772601387a32463ad93.php 第 534 行.
NOTIC: [8] Undefined variable: productList D:\code\WampServer\wamp64\www\1fengou\Application\Runtime\Cache\Home\3c5bfb19904e0772601387a32463ad93.php 第 538 行.
NOTIC: [8] Undefined variable: productList D:\code\WampServer\wamp64\www\1fengou\Application\Runtime\Cache\Home\3c5bfb19904e0772601387a32463ad93.php 第 542 行.
NOTIC: [8] Undefined variable: productList D:\code\WampServer\wamp64\www\1fengou\Application\Runtime\Cache\Home\3c5bfb19904e0772601387a32463ad93.php 第 546 行.
INFO: Run Behavior\ParseTemplateBehavior [ RunTime:0.025348s ]
INFO: [ view_parse ] --END-- [ RunTime:0.025592s ]
INFO: [ view_filter ] --START--
INFO: Run Behavior\WriteHtmlCacheBehavior [ RunTime:0.000714s ]
INFO: [ view_filter ] --END-- [ RunTime:0.000892s ]
INFO: [ app_end ] --START--
INFO: Run Behavior\ShowPageTraceBehavior [ RunTime:0.001044s ]
INFO: [ app_end ] --END-- [ RunTime:0.001301s ]

[ 2016-03-08T11:06:30+08:00 ] ::1 /1fengou/index.php/home/Manage/saveProduct
INFO: [ app_init ] --START--
INFO: Run Behavior\BuildLiteBehavior [ RunTime:0.000040s ]
INFO: [ app_init ] --END-- [ RunTime:0.000792s ]
INFO: [ app_begin ] --START--
INFO: Run Behavior\ReadHtmlCacheBehavior [ RunTime:0.000863s ]
INFO: [ app_begin ] --END-- [ RunTime:0.001058s ]
SQL: SHOW COLUMNS FROM `think_product` [ RunTime:0.0012s ]
NOTIC: [8] Undefined index: photo D:\code\WampServer\wamp64\www\1fengou\Application\Home\Controller\ManageController.class.php 第 80 行.
NOTIC: [8] Undefined index: tmp_name D:\code\WampServer\wamp64\www\1fengou\ThinkPHP\Library\Think\Upload.class.php 第 152 行.
NOTIC: [2] finfo_file(): Empty filename or path D:\code\WampServer\wamp64\www\1fengou\ThinkPHP\Library\Think\Upload.class.php 第 152 行.
NOTIC: [8] Undefined index: error D:\code\WampServer\wamp64\www\1fengou\ThinkPHP\Library\Think\Upload.class.php 第 269 行.
NOTIC: [8] Undefined index: tmp_name D:\code\WampServer\wamp64\www\1fengou\ThinkPHP\Library\Think\Upload.class.php 第 280 行.
NOTIC: [8] Use of undefined constant status - assumed 'status' D:\code\WampServer\wamp64\www\1fengou\Application\Home\Controller\ManageController.class.php 第 97 行.

[ 2016-03-08T11:06:42+08:00 ] ::1 /1fengou/index.php/home/Manage/saveProduct
INFO: [ app_init ] --START--
INFO: Run Behavior\BuildLiteBehavior [ RunTime:0.000042s ]
INFO: [ app_init ] --END-- [ RunTime:0.001189s ]
INFO: [ app_begin ] --START--
INFO: Run Behavior\ReadHtmlCacheBehavior [ RunTime:0.001909s ]
INFO: [ app_begin ] --END-- [ RunTime:0.002071s ]
SQL: SHOW COLUMNS FROM `think_product` [ RunTime:0.0012s ]
NOTIC: [8] Undefined index: photo D:\code\WampServer\wamp64\www\1fengou\Application\Home\Controller\ManageController.class.php 第 80 行.
NOTIC: [8] Undefined index: tmp_name D:\code\WampServer\wamp64\www\1fengou\ThinkPHP\Library\Think\Upload.class.php 第 152 行.
NOTIC: [2] finfo_file(): Empty filename or path D:\code\WampServer\wamp64\www\1fengou\ThinkPHP\Library\Think\Upload.class.php 第 152 行.
NOTIC: [8] Undefined index: error D:\code\WampServer\wamp64\www\1fengou\ThinkPHP\Library\Think\Upload.class.php 第 269 行.
NOTIC: [8] Undefined index: tmp_name D:\code\WampServer\wamp64\www\1fengou\ThinkPHP\Library\Think\Upload.class.php 第 280 行.
NOTIC: [8] Use of undefined constant status - assumed 'status' D:\code\WampServer\wamp64\www\1fengou\Application\Home\Controller\ManageController.class.php 第 97 行.

[ 2016-03-08T11:07:40+08:00 ] ::1 /1fengou/index.php/home/Manage/index
INFO: [ app_init ] --START--
INFO: Run Behavior\BuildLiteBehavior [ RunTime:0.000042s ]
INFO: [ app_init ] --END-- [ RunTime:0.001150s ]
INFO: [ app_begin ] --START--
INFO: Run Behavior\ReadHtmlCacheBehavior [ RunTime:0.002000s ]
INFO: [ app_begin ] --END-- [ RunTime:0.002202s ]
SQL: SHOW COLUMNS FROM `think_product` [ RunTime:0.0015s ]
SQL: SELECT COUNT(*) AS tp_count FROM `think_product` LIMIT 1   [ RunTime:0.0005s ]
SQL: SELECT * FROM `think_product` LIMIT 0,10   [ RunTime:0.0006s ]
INFO: [ view_parse ] --START--
INFO: [ template_filter ] --START--
INFO: Run Behavior\ContentReplaceBehavior [ RunTime:0.000618s ]
INFO: [ template_filter ] --END-- [ RunTime:0.000852s ]
NOTIC: [8] Undefined variable: totalPages D:\code\WampServer\wamp64\www\1fengou\Application\Runtime\Cache\Home\f2ed2d116ee9faa6b5ea1d732a76329f.php 第 727 行.
INFO: Run Behavior\ParseTemplateBehavior [ RunTime:0.054163s ]
INFO: [ view_parse ] --END-- [ RunTime:0.054357s ]
INFO: [ view_filter ] --START--
INFO: Run Behavior\WriteHtmlCacheBehavior [ RunTime:0.001827s ]
INFO: [ view_filter ] --END-- [ RunTime:0.002022s ]
INFO: [ app_end ] --START--
INFO: Run Behavior\ShowPageTraceBehavior [ RunTime:0.002966s ]
INFO: [ app_end ] --END-- [ RunTime:0.003337s ]

[ 2016-03-08T11:07:43+08:00 ] ::1 /1fengou/index.php/home/Manage/editProduct
INFO: [ app_init ] --START--
INFO: Run Behavior\BuildLiteBehavior [ RunTime:0.000044s ]
INFO: [ app_init ] --END-- [ RunTime:0.001054s ]
INFO: [ app_begin ] --START--
INFO: Run Behavior\ReadHtmlCacheBehavior [ RunTime:0.002082s ]
INFO: [ app_begin ] --END-- [ RunTime:0.002299s ]
INFO: [ view_parse ] --START--
INFO: [ template_filter ] --START--
INFO: Run Behavior\ContentReplaceBehavior [ RunTime:0.000541s ]
INFO: [ template_filter ] --END-- [ RunTime:0.000749s ]
NOTIC: [8] Undefined variable: productList D:\code\WampServer\wamp64\www\1fengou\Application\Runtime\Cache\Home\3c5bfb19904e0772601387a32463ad93.php 第 64 行.
NOTIC: [8] Undefined variable: productList D:\code\WampServer\wamp64\www\1fengou\Application\Runtime\Cache\Home\3c5bfb19904e0772601387a32463ad93.php 第 534 行.
NOTIC: [8] Undefined variable: productList D:\code\WampServer\wamp64\www\1fengou\Application\Runtime\Cache\Home\3c5bfb19904e0772601387a32463ad93.php 第 538 行.
NOTIC: [8] Undefined variable: productList D:\code\WampServer\wamp64\www\1fengou\Application\Runtime\Cache\Home\3c5bfb19904e0772601387a32463ad93.php 第 542 行.
NOTIC: [8] Undefined variable: productList D:\code\WampServer\wamp64\www\1fengou\Application\Runtime\Cache\Home\3c5bfb19904e0772601387a32463ad93.php 第 546 行.
INFO: Run Behavior\ParseTemplateBehavior [ RunTime:0.031181s ]
INFO: [ view_parse ] --END-- [ RunTime:0.031374s ]
INFO: [ view_filter ] --START--
INFO: Run Behavior\WriteHtmlCacheBehavior [ RunTime:0.001655s ]
INFO: [ view_filter ] --END-- [ RunTime:0.001837s ]
INFO: [ app_end ] --START--
INFO: Run Behavior\ShowPageTraceBehavior [ RunTime:0.002788s ]
INFO: [ app_end ] --END-- [ RunTime:0.003082s ]

[ 2016-03-08T11:08:04+08:00 ] ::1 /1fengou/index.php/home/Manage/saveProduct
INFO: [ app_init ] --START--
INFO: Run Behavior\BuildLiteBehavior [ RunTime:0.000042s ]
INFO: [ app_init ] --END-- [ RunTime:0.001180s ]
INFO: [ app_begin ] --START--
INFO: Run Behavior\ReadHtmlCacheBehavior [ RunTime:0.002700s ]
INFO: [ app_begin ] --END-- [ RunTime:0.002881s ]
SQL: SHOW COLUMNS FROM `think_product` [ RunTime:0.0012s ]
NOTIC: [8] Undefined index: photo D:\code\WampServer\wamp64\www\1fengou\Application\Home\Controller\ManageController.class.php 第 80 行.
NOTIC: [8] Undefined index: tmp_name D:\code\WampServer\wamp64\www\1fengou\ThinkPHP\Library\Think\Upload.class.php 第 152 行.
NOTIC: [2] finfo_file(): Empty filename or path D:\code\WampServer\wamp64\www\1fengou\ThinkPHP\Library\Think\Upload.class.php 第 152 行.
NOTIC: [8] Undefined index: error D:\code\WampServer\wamp64\www\1fengou\ThinkPHP\Library\Think\Upload.class.php 第 269 行.
NOTIC: [8] Undefined index: tmp_name D:\code\WampServer\wamp64\www\1fengou\ThinkPHP\Library\Think\Upload.class.php 第 280 行.
NOTIC: [8] Use of undefined constant status - assumed 'status' D:\code\WampServer\wamp64\www\1fengou\Application\Home\Controller\ManageController.class.php 第 97 行.

[ 2016-03-08T11:13:53+08:00 ] ::1 /1fengou/index.php/home/Manage/saveProduct
INFO: [ app_init ] --START--
INFO: Run Behavior\BuildLiteBehavior [ RunTime:0.000043s ]
INFO: [ app_init ] --END-- [ RunTime:0.000979s ]
INFO: [ app_begin ] --START--
INFO: Run Behavior\ReadHtmlCacheBehavior [ RunTime:0.001247s ]
INFO: [ app_begin ] --END-- [ RunTime:0.001469s ]
SQL: SHOW COLUMNS FROM `think_product` [ RunTime:0.0012s ]
NOTIC: [8] Undefined index: photo D:\code\WampServer\wamp64\www\1fengou\Application\Home\Controller\ManageController.class.php 第 80 行.
NOTIC: [8] Undefined index: tmp_name D:\code\WampServer\wamp64\www\1fengou\ThinkPHP\Library\Think\Upload.class.php 第 152 行.
NOTIC: [2] finfo_file(): Empty filename or path D:\code\WampServer\wamp64\www\1fengou\ThinkPHP\Library\Think\Upload.class.php 第 152 行.
NOTIC: [8] Undefined index: error D:\code\WampServer\wamp64\www\1fengou\ThinkPHP\Library\Think\Upload.class.php 第 269 行.
NOTIC: [8] Undefined index: tmp_name D:\code\WampServer\wamp64\www\1fengou\ThinkPHP\Library\Think\Upload.class.php 第 280 行.
NOTIC: [8] Use of undefined constant status - assumed 'status' D:\code\WampServer\wamp64\www\1fengou\Application\Home\Controller\ManageController.class.php 第 98 行.

[ 2016-03-08T11:14:31+08:00 ] ::1 /1fengou/index.php/home/Manage/index
INFO: [ app_init ] --START--
INFO: Run Behavior\BuildLiteBehavior [ RunTime:0.000044s ]
INFO: [ app_init ] --END-- [ RunTime:0.000936s ]
INFO: [ app_begin ] --START--
INFO: Run Behavior\ReadHtmlCacheBehavior [ RunTime:0.001013s ]
INFO: [ app_begin ] --END-- [ RunTime:0.001203s ]
SQL: SHOW COLUMNS FROM `think_product` [ RunTime:0.0012s ]
SQL: SELECT COUNT(*) AS tp_count FROM `think_product` LIMIT 1   [ RunTime:0.0002s ]
SQL: SELECT * FROM `think_product` LIMIT 0,10   [ RunTime:0.0004s ]
INFO: [ view_parse ] --START--
INFO: [ template_filter ] --START--
INFO: Run Behavior\ContentReplaceBehavior [ RunTime:0.000595s ]
INFO: [ template_filter ] --END-- [ RunTime:0.000796s ]
NOTIC: [8] Undefined variable: totalPages D:\code\WampServer\wamp64\www\1fengou\Application\Runtime\Cache\Home\f2ed2d116ee9faa6b5ea1d732a76329f.php 第 727 行.
INFO: Run Behavior\ParseTemplateBehavior [ RunTime:0.034169s ]
INFO: [ view_parse ] --END-- [ RunTime:0.034364s ]
INFO: [ view_filter ] --START--
INFO: Run Behavior\WriteHtmlCacheBehavior [ RunTime:0.001031s ]
INFO: [ view_filter ] --END-- [ RunTime:0.001226s ]
INFO: [ app_end ] --START--
INFO: Run Behavior\ShowPageTraceBehavior [ RunTime:0.001313s ]
INFO: [ app_end ] --END-- [ RunTime:0.001702s ]

[ 2016-03-08T11:14:32+08:00 ] ::1 /1fengou/index.php/home/Manage/editProduct
INFO: [ app_init ] --START--
INFO: Run Behavior\BuildLiteBehavior [ RunTime:0.000044s ]
INFO: [ app_init ] --END-- [ RunTime:0.000940s ]
INFO: [ app_begin ] --START--
INFO: Run Behavior\ReadHtmlCacheBehavior [ RunTime:0.001038s ]
INFO: [ app_begin ] --END-- [ RunTime:0.001234s ]
INFO: [ view_parse ] --START--
INFO: [ template_filter ] --START--
INFO: Run Behavior\ContentReplaceBehavior [ RunTime:0.000507s ]
INFO: [ template_filter ] --END-- [ RunTime:0.000713s ]
NOTIC: [8] Undefined variable: productList D:\code\WampServer\wamp64\www\1fengou\Application\Runtime\Cache\Home\3c5bfb19904e0772601387a32463ad93.php 第 64 行.
NOTIC: [8] Undefined variable: productList D:\code\WampServer\wamp64\www\1fengou\Application\Runtime\Cache\Home\3c5bfb19904e0772601387a32463ad93.php 第 534 行.
NOTIC: [8] Undefined variable: productList D:\code\WampServer\wamp64\www\1fengou\Application\Runtime\Cache\Home\3c5bfb19904e0772601387a32463ad93.php 第 538 行.
NOTIC: [8] Undefined variable: productList D:\code\WampServer\wamp64\www\1fengou\Application\Runtime\Cache\Home\3c5bfb19904e0772601387a32463ad93.php 第 542 行.
NOTIC: [8] Undefined variable: productList D:\code\WampServer\wamp64\www\1fengou\Application\Runtime\Cache\Home\3c5bfb19904e0772601387a32463ad93.php 第 546 行.
INFO: Run Behavior\ParseTemplateBehavior [ RunTime:0.027026s ]
INFO: [ view_parse ] --END-- [ RunTime:0.027222s ]
INFO: [ view_filter ] --START--
INFO: Run Behavior\WriteHtmlCacheBehavior [ RunTime:0.000922s ]
INFO: [ view_filter ] --END-- [ RunTime:0.001104s ]
INFO: [ app_end ] --START--
INFO: Run Behavior\ShowPageTraceBehavior [ RunTime:0.001298s ]
INFO: [ app_end ] --END-- [ RunTime:0.001646s ]

[ 2016-03-08T11:14:55+08:00 ] ::1 /1fengou/index.php/home/Manage/saveProduct
INFO: [ app_init ] --START--
INFO: Run Behavior\BuildLiteBehavior [ RunTime:0.000041s ]
INFO: [ app_init ] --END-- [ RunTime:0.000905s ]
INFO: [ app_begin ] --START--
INFO: Run Behavior\ReadHtmlCacheBehavior [ RunTime:0.001107s ]
INFO: [ app_begin ] --END-- [ RunTime:0.001273s ]
SQL: SHOW COLUMNS FROM `think_product` [ RunTime:0.0013s ]
NOTIC: [8] Undefined index: photo D:\code\WampServer\wamp64\www\1fengou\Application\Home\Controller\ManageController.class.php 第 80 行.
NOTIC: [8] Undefined index: tmp_name D:\code\WampServer\wamp64\www\1fengou\ThinkPHP\Library\Think\Upload.class.php 第 152 行.
NOTIC: [2] finfo_file(): Empty filename or path D:\code\WampServer\wamp64\www\1fengou\ThinkPHP\Library\Think\Upload.class.php 第 152 行.
NOTIC: [8] Undefined index: error D:\code\WampServer\wamp64\www\1fengou\ThinkPHP\Library\Think\Upload.class.php 第 269 行.
NOTIC: [8] Undefined index: tmp_name D:\code\WampServer\wamp64\www\1fengou\ThinkPHP\Library\Think\Upload.class.php 第 280 行.
NOTIC: [8] Use of undefined constant status - assumed 'status' D:\code\WampServer\wamp64\www\1fengou\Application\Home\Controller\ManageController.class.php 第 98 行.

[ 2016-03-08T11:15:51+08:00 ] ::1 /1fengou/index.php/home/Manage/saveProduct
INFO: [ app_init ] --START--
INFO: Run Behavior\BuildLiteBehavior [ RunTime:0.000042s ]
INFO: [ app_init ] --END-- [ RunTime:0.000849s ]
INFO: [ app_begin ] --START--
INFO: Run Behavior\ReadHtmlCacheBehavior [ RunTime:0.001751s ]
INFO: [ app_begin ] --END-- [ RunTime:0.002043s ]
SQL: SHOW COLUMNS FROM `think_product` [ RunTime:0.0014s ]
NOTIC: [8] Undefined index: photo D:\code\WampServer\wamp64\www\1fengou\Application\Home\Controller\ManageController.class.php 第 80 行.
NOTIC: [8] Undefined index: tmp_name D:\code\WampServer\wamp64\www\1fengou\ThinkPHP\Library\Think\Upload.class.php 第 152 行.
NOTIC: [2] finfo_file(): Empty filename or path D:\code\WampServer\wamp64\www\1fengou\ThinkPHP\Library\Think\Upload.class.php 第 152 行.
NOTIC: [8] Undefined index: error D:\code\WampServer\wamp64\www\1fengou\ThinkPHP\Library\Think\Upload.class.php 第 269 行.
NOTIC: [8] Undefined index: tmp_name D:\code\WampServer\wamp64\www\1fengou\ThinkPHP\Library\Think\Upload.class.php 第 280 行.
NOTIC: [8] Use of undefined constant status - assumed 'status' D:\code\WampServer\wamp64\www\1fengou\Application\Home\Controller\ManageController.class.php 第 97 行.

[ 2016-03-08T11:16:37+08:00 ] ::1 /1fengou/index.php/home/Manage/index
INFO: [ app_init ] --START--
INFO: Run Behavior\BuildLiteBehavior [ RunTime:0.000076s ]
INFO: [ app_init ] --END-- [ RunTime:0.001199s ]
INFO: [ app_begin ] --START--
INFO: Run Behavior\ReadHtmlCacheBehavior [ RunTime:0.001031s ]
INFO: [ app_begin ] --END-- [ RunTime:0.001228s ]
SQL: SHOW COLUMNS FROM `think_product` [ RunTime:0.0011s ]
SQL: SELECT COUNT(*) AS tp_count FROM `think_product` LIMIT 1   [ RunTime:0.0002s ]
SQL: SELECT * FROM `think_product` LIMIT 0,10   [ RunTime:0.0007s ]
INFO: [ view_parse ] --START--
INFO: [ template_filter ] --START--
INFO: Run Behavior\ContentReplaceBehavior [ RunTime:0.000801s ]
INFO: [ template_filter ] --END-- [ RunTime:0.001195s ]
NOTIC: [8] Undefined variable: totalPages D:\code\WampServer\wamp64\www\1fengou\Application\Runtime\Cache\Home\f2ed2d116ee9faa6b5ea1d732a76329f.php 第 727 行.
INFO: Run Behavior\ParseTemplateBehavior [ RunTime:0.034051s ]
INFO: [ view_parse ] --END-- [ RunTime:0.034377s ]
INFO: [ view_filter ] --START--
INFO: Run Behavior\WriteHtmlCacheBehavior [ RunTime:0.000860s ]
INFO: [ view_filter ] --END-- [ RunTime:0.001040s ]
INFO: [ app_end ] --START--
INFO: Run Behavior\ShowPageTraceBehavior [ RunTime:0.001369s ]
INFO: [ app_end ] --END-- [ RunTime:0.001676s ]

[ 2016-03-08T11:16:40+08:00 ] ::1 /1fengou/index.php/home/Manage/editProduct/id/41
INFO: [ app_init ] --START--
INFO: Run Behavior\BuildLiteBehavior [ RunTime:0.000042s ]
INFO: [ app_init ] --END-- [ RunTime:0.000893s ]
INFO: [ app_begin ] --START--
INFO: Run Behavior\ReadHtmlCacheBehavior [ RunTime:0.001014s ]
INFO: [ app_begin ] --END-- [ RunTime:0.001202s ]
SQL: SHOW COLUMNS FROM `think_product` [ RunTime:0.0012s ]
SQL: SELECT * FROM `think_product` WHERE `Id` = 41 LIMIT 1   [ RunTime:0.0007s ]
INFO: [ view_parse ] --START--
INFO: [ template_filter ] --START--
INFO: Run Behavior\ContentReplaceBehavior [ RunTime:0.000487s ]
INFO: [ template_filter ] --END-- [ RunTime:0.000688s ]
INFO: Run Behavior\ParseTemplateBehavior [ RunTime:0.027647s ]
INFO: [ view_parse ] --END-- [ RunTime:0.027858s ]
INFO: [ view_filter ] --START--
INFO: Run Behavior\WriteHtmlCacheBehavior [ RunTime:0.000799s ]
INFO: [ view_filter ] --END-- [ RunTime:0.000973s ]
INFO: [ app_end ] --START--
INFO: Run Behavior\ShowPageTraceBehavior [ RunTime:0.001403s ]
INFO: [ app_end ] --END-- [ RunTime:0.001680s ]

[ 2016-03-08T11:16:50+08:00 ] ::1 /1fengou/index.php/home/Manage/saveProduct
INFO: [ app_init ] --START--
INFO: Run Behavior\BuildLiteBehavior [ RunTime:0.000045s ]
INFO: [ app_init ] --END-- [ RunTime:0.000890s ]
INFO: [ app_begin ] --START--
INFO: Run Behavior\ReadHtmlCacheBehavior [ RunTime:0.001167s ]
INFO: [ app_begin ] --END-- [ RunTime:0.001365s ]
SQL: SHOW COLUMNS FROM `think_product` [ RunTime:0.0012s ]
NOTIC: [8] Undefined index: photo D:\code\WampServer\wamp64\www\1fengou\Application\Home\Controller\ManageController.class.php 第 80 行.
NOTIC: [8] Undefined index: tmp_name D:\code\WampServer\wamp64\www\1fengou\ThinkPHP\Library\Think\Upload.class.php 第 152 行.
NOTIC: [2] finfo_file(): Empty filename or path D:\code\WampServer\wamp64\www\1fengou\ThinkPHP\Library\Think\Upload.class.php 第 152 行.
NOTIC: [8] Undefined index: error D:\code\WampServer\wamp64\www\1fengou\ThinkPHP\Library\Think\Upload.class.php 第 269 行.
NOTIC: [8] Undefined index: tmp_name D:\code\WampServer\wamp64\www\1fengou\ThinkPHP\Library\Think\Upload.class.php 第 280 行.
NOTIC: [8] Use of undefined constant status - assumed 'status' D:\code\WampServer\wamp64\www\1fengou\Application\Home\Controller\ManageController.class.php 第 97 行.

[ 2016-03-08T11:17:43+08:00 ] ::1 /1fengou/index.php/home/Manage/saveProduct
INFO: [ app_init ] --START--
INFO: Run Behavior\BuildLiteBehavior [ RunTime:0.000041s ]
INFO: [ app_init ] --END-- [ RunTime:0.000872s ]
INFO: [ app_begin ] --START--
INFO: Run Behavior\ReadHtmlCacheBehavior [ RunTime:0.001317s ]
INFO: [ app_begin ] --END-- [ RunTime:0.001505s ]
SQL: SHOW COLUMNS FROM `think_product` [ RunTime:0.0013s ]
NOTIC: [8] Undefined index: photo D:\code\WampServer\wamp64\www\1fengou\Application\Home\Controller\ManageController.class.php 第 80 行.
NOTIC: [8] Undefined index: tmp_name D:\code\WampServer\wamp64\www\1fengou\ThinkPHP\Library\Think\Upload.class.php 第 152 行.
NOTIC: [2] finfo_file(): Empty filename or path D:\code\WampServer\wamp64\www\1fengou\ThinkPHP\Library\Think\Upload.class.php 第 152 行.
NOTIC: [8] Undefined index: error D:\code\WampServer\wamp64\www\1fengou\ThinkPHP\Library\Think\Upload.class.php 第 269 行.
NOTIC: [8] Undefined index: tmp_name D:\code\WampServer\wamp64\www\1fengou\ThinkPHP\Library\Think\Upload.class.php 第 280 行.
NOTIC: [8] Use of undefined constant status - assumed 'status' D:\code\WampServer\wamp64\www\1fengou\Application\Home\Controller\ManageController.class.php 第 98 行.

[ 2016-03-08T11:20:10+08:00 ] ::1 /1fengou/index.php/home/Manage/saveProduct
INFO: [ app_init ] --START--
INFO: Run Behavior\BuildLiteBehavior [ RunTime:0.000080s ]
INFO: [ app_init ] --END-- [ RunTime:0.001290s ]
INFO: [ app_begin ] --START--
INFO: Run Behavior\ReadHtmlCacheBehavior [ RunTime:0.001143s ]
INFO: [ app_begin ] --END-- [ RunTime:0.001312s ]
SQL: SHOW COLUMNS FROM `think_product` [ RunTime:0.0013s ]
NOTIC: [8] Undefined index: Filedata D:\code\WampServer\wamp64\www\1fengou\Application\Home\Controller\ManageController.class.php 第 80 行.
NOTIC: [8] Undefined index: tmp_name D:\code\WampServer\wamp64\www\1fengou\ThinkPHP\Library\Think\Upload.class.php 第 152 行.
NOTIC: [2] finfo_file(): Empty filename or path D:\code\WampServer\wamp64\www\1fengou\ThinkPHP\Library\Think\Upload.class.php 第 152 行.
NOTIC: [8] Undefined index: error D:\code\WampServer\wamp64\www\1fengou\ThinkPHP\Library\Think\Upload.class.php 第 269 行.
NOTIC: [8] Undefined index: tmp_name D:\code\WampServer\wamp64\www\1fengou\ThinkPHP\Library\Think\Upload.class.php 第 280 行.
NOTIC: [8] Use of undefined constant status - assumed 'status' D:\code\WampServer\wamp64\www\1fengou\Application\Home\Controller\ManageController.class.php 第 98 行.

[ 2016-03-08T11:20:18+08:00 ] ::1 /1fengou/index.php/home/Manage/editProduct
INFO: [ app_init ] --START--
INFO: Run Behavior\BuildLiteBehavior [ RunTime:0.000044s ]
INFO: [ app_init ] --END-- [ RunTime:0.000926s ]
INFO: [ app_begin ] --START--
INFO: Run Behavior\ReadHtmlCacheBehavior [ RunTime:0.001211s ]
INFO: [ app_begin ] --END-- [ RunTime:0.001438s ]
INFO: [ view_parse ] --START--
INFO: [ template_filter ] --START--
INFO: Run Behavior\ContentReplaceBehavior [ RunTime:0.000508s ]
INFO: [ template_filter ] --END-- [ RunTime:0.000712s ]
NOTIC: [8] Undefined variable: productList D:\code\WampServer\wamp64\www\1fengou\Application\Runtime\Cache\Home\3c5bfb19904e0772601387a32463ad93.php 第 64 行.
NOTIC: [8] Undefined variable: productList D:\code\WampServer\wamp64\www\1fengou\Application\Runtime\Cache\Home\3c5bfb19904e0772601387a32463ad93.php 第 534 行.
NOTIC: [8] Undefined variable: productList D:\code\WampServer\wamp64\www\1fengou\Application\Runtime\Cache\Home\3c5bfb19904e0772601387a32463ad93.php 第 538 行.
NOTIC: [8] Undefined variable: productList D:\code\WampServer\wamp64\www\1fengou\Application\Runtime\Cache\Home\3c5bfb19904e0772601387a32463ad93.php 第 542 行.
NOTIC: [8] Undefined variable: productList D:\code\WampServer\wamp64\www\1fengou\Application\Runtime\Cache\Home\3c5bfb19904e0772601387a32463ad93.php 第 546 行.
INFO: Run Behavior\ParseTemplateBehavior [ RunTime:0.026734s ]
INFO: [ view_parse ] --END-- [ RunTime:0.026963s ]
INFO: [ view_filter ] --START--
INFO: Run Behavior\WriteHtmlCacheBehavior [ RunTime:0.000851s ]
INFO: [ view_filter ] --END-- [ RunTime:0.001028s ]
INFO: [ app_end ] --START--
INFO: Run Behavior\ShowPageTraceBehavior [ RunTime:0.001596s ]
INFO: [ app_end ] --END-- [ RunTime:0.001887s ]

[ 2016-03-08T11:20:27+08:00 ] ::1 /1fengou/index.php/home/Manage/saveProduct
INFO: [ app_init ] --START--
INFO: Run Behavior\BuildLiteBehavior [ RunTime:0.000041s ]
INFO: [ app_init ] --END-- [ RunTime:0.000864s ]
INFO: [ app_begin ] --START--
INFO: Run Behavior\ReadHtmlCacheBehavior [ RunTime:0.001245s ]
INFO: [ app_begin ] --END-- [ RunTime:0.001412s ]
SQL: SHOW COLUMNS FROM `think_product` [ RunTime:0.0007s ]
NOTIC: [8] Undefined index: Filedata D:\code\WampServer\wamp64\www\1fengou\Application\Home\Controller\ManageController.class.php 第 80 行.
NOTIC: [8] Undefined index: tmp_name D:\code\WampServer\wamp64\www\1fengou\ThinkPHP\Library\Think\Upload.class.php 第 152 行.
NOTIC: [2] finfo_file(): Empty filename or path D:\code\WampServer\wamp64\www\1fengou\ThinkPHP\Library\Think\Upload.class.php 第 152 行.
NOTIC: [8] Undefined index: error D:\code\WampServer\wamp64\www\1fengou\ThinkPHP\Library\Think\Upload.class.php 第 269 行.
NOTIC: [8] Undefined index: tmp_name D:\code\WampServer\wamp64\www\1fengou\ThinkPHP\Library\Think\Upload.class.php 第 280 行.
NOTIC: [8] Use of undefined constant status - assumed 'status' D:\code\WampServer\wamp64\www\1fengou\Application\Home\Controller\ManageController.class.php 第 98 行.

[ 2016-03-08T11:20:33+08:00 ] ::1 /1fengou/index.php/home/Manage/saveProduct
INFO: [ app_init ] --START--
INFO: Run Behavior\BuildLiteBehavior [ RunTime:0.000042s ]
INFO: [ app_init ] --END-- [ RunTime:0.000792s ]
INFO: [ app_begin ] --START--
INFO: Run Behavior\ReadHtmlCacheBehavior [ RunTime:0.001084s ]
INFO: [ app_begin ] --END-- [ RunTime:0.001251s ]
SQL: SHOW COLUMNS FROM `think_product` [ RunTime:0.0012s ]
NOTIC: [8] Undefined index: Filedata D:\code\WampServer\wamp64\www\1fengou\Application\Home\Controller\ManageController.class.php 第 80 行.
NOTIC: [8] Undefined index: tmp_name D:\code\WampServer\wamp64\www\1fengou\ThinkPHP\Library\Think\Upload.class.php 第 152 行.
NOTIC: [2] finfo_file(): Empty filename or path D:\code\WampServer\wamp64\www\1fengou\ThinkPHP\Library\Think\Upload.class.php 第 152 行.
NOTIC: [8] Undefined index: error D:\code\WampServer\wamp64\www\1fengou\ThinkPHP\Library\Think\Upload.class.php 第 269 行.
NOTIC: [8] Undefined index: tmp_name D:\code\WampServer\wamp64\www\1fengou\ThinkPHP\Library\Think\Upload.class.php 第 280 行.
NOTIC: [8] Use of undefined constant status - assumed 'status' D:\code\WampServer\wamp64\www\1fengou\Application\Home\Controller\ManageController.class.php 第 98 行.

[ 2016-03-08T11:23:41+08:00 ] ::1 /1fengou/index.php/home/Manage/saveProduct
INFO: [ app_init ] --START--
INFO: Run Behavior\BuildLiteBehavior [ RunTime:0.000042s ]
INFO: [ app_init ] --END-- [ RunTime:0.000877s ]
INFO: [ app_begin ] --START--
INFO: Run Behavior\ReadHtmlCacheBehavior [ RunTime:0.001409s ]
INFO: [ app_begin ] --END-- [ RunTime:0.001659s ]
SQL: SHOW COLUMNS FROM `think_product` [ RunTime:0.0007s ]
NOTIC: [8] Undefined index: photo D:\code\WampServer\wamp64\www\1fengou\Application\Home\Controller\ManageController.class.php 第 80 行.
NOTIC: [8] Use of undefined constant status - assumed 'status' D:\code\WampServer\wamp64\www\1fengou\Application\Home\Controller\ManageController.class.php 第 98 行.

[ 2016-03-08T11:24:03+08:00 ] ::1 /1fengou/index.php/home/Manage/editProduct
INFO: [ app_init ] --START--
INFO: Run Behavior\BuildLiteBehavior [ RunTime:0.000041s ]
INFO: [ app_init ] --END-- [ RunTime:0.000855s ]
INFO: [ app_begin ] --START--
INFO: Run Behavior\ReadHtmlCacheBehavior [ RunTime:0.001088s ]
INFO: [ app_begin ] --END-- [ RunTime:0.001274s ]
INFO: [ view_parse ] --START--
INFO: [ template_filter ] --START--
INFO: Run Behavior\ContentReplaceBehavior [ RunTime:0.000545s ]
INFO: [ template_filter ] --END-- [ RunTime:0.000747s ]
NOTIC: [8] Undefined variable: productList D:\code\WampServer\wamp64\www\1fengou\Application\Runtime\Cache\Home\3c5bfb19904e0772601387a32463ad93.php 第 64 行.
NOTIC: [8] Undefined variable: productList D:\code\WampServer\wamp64\www\1fengou\Application\Runtime\Cache\Home\3c5bfb19904e0772601387a32463ad93.php 第 534 行.
NOTIC: [8] Undefined variable: productList D:\code\WampServer\wamp64\www\1fengou\Application\Runtime\Cache\Home\3c5bfb19904e0772601387a32463ad93.php 第 538 行.
NOTIC: [8] Undefined variable: productList D:\code\WampServer\wamp64\www\1fengou\Application\Runtime\Cache\Home\3c5bfb19904e0772601387a32463ad93.php 第 542 行.
NOTIC: [8] Undefined variable: productList D:\code\WampServer\wamp64\www\1fengou\Application\Runtime\Cache\Home\3c5bfb19904e0772601387a32463ad93.php 第 546 行.
INFO: Run Behavior\ParseTemplateBehavior [ RunTime:0.026930s ]
INFO: [ view_parse ] --END-- [ RunTime:0.027122s ]
INFO: [ view_filter ] --START--
INFO: Run Behavior\WriteHtmlCacheBehavior [ RunTime:0.000786s ]
INFO: [ view_filter ] --END-- [ RunTime:0.000957s ]
INFO: [ app_end ] --START--
INFO: Run Behavior\ShowPageTraceBehavior [ RunTime:0.001559s ]
INFO: [ app_end ] --END-- [ RunTime:0.001952s ]

[ 2016-03-08T11:24:06+08:00 ] ::1 /1fengou/index.php/home/Manage/index
INFO: [ app_init ] --START--
INFO: Run Behavior\BuildLiteBehavior [ RunTime:0.000080s ]
INFO: [ app_init ] --END-- [ RunTime:0.001406s ]
INFO: [ app_begin ] --START--
INFO: Run Behavior\ReadHtmlCacheBehavior [ RunTime:0.001122s ]
INFO: [ app_begin ] --END-- [ RunTime:0.001328s ]
SQL: SHOW COLUMNS FROM `think_product` [ RunTime:0.0007s ]
SQL: SELECT COUNT(*) AS tp_count FROM `think_product` LIMIT 1   [ RunTime:0.0002s ]
SQL: SELECT * FROM `think_product` LIMIT 0,10   [ RunTime:0.0005s ]
INFO: [ view_parse ] --START--
INFO: [ template_filter ] --START--
INFO: Run Behavior\ContentReplaceBehavior [ RunTime:0.000586s ]
INFO: [ template_filter ] --END-- [ RunTime:0.000783s ]
NOTIC: [8] Undefined variable: totalPages D:\code\WampServer\wamp64\www\1fengou\Application\Runtime\Cache\Home\f2ed2d116ee9faa6b5ea1d732a76329f.php 第 727 行.
INFO: Run Behavior\ParseTemplateBehavior [ RunTime:0.033951s ]
INFO: [ view_parse ] --END-- [ RunTime:0.034148s ]
INFO: [ view_filter ] --START--
INFO: Run Behavior\WriteHtmlCacheBehavior [ RunTime:0.000723s ]
INFO: [ view_filter ] --END-- [ RunTime:0.000898s ]
INFO: [ app_end ] --START--
INFO: Run Behavior\ShowPageTraceBehavior [ RunTime:0.002332s ]
INFO: [ app_end ] --END-- [ RunTime:0.002630s ]

[ 2016-03-08T11:24:07+08:00 ] ::1 /1fengou/index.php/home/Manage/editProduct/id/52
INFO: [ app_init ] --START--
INFO: Run Behavior\BuildLiteBehavior [ RunTime:0.000045s ]
INFO: [ app_init ] --END-- [ RunTime:0.001156s ]
INFO: [ app_begin ] --START--
INFO: Run Behavior\ReadHtmlCacheBehavior [ RunTime:0.001100s ]
INFO: [ app_begin ] --END-- [ RunTime:0.001297s ]
SQL: SHOW COLUMNS FROM `think_product` [ RunTime:0.0007s ]
SQL: SELECT * FROM `think_product` WHERE `Id` = 52 LIMIT 1   [ RunTime:0.0003s ]
INFO: [ view_parse ] --START--
INFO: [ template_filter ] --START--
INFO: Run Behavior\ContentReplaceBehavior [ RunTime:0.000488s ]
INFO: [ template_filter ] --END-- [ RunTime:0.000690s ]
INFO: Run Behavior\ParseTemplateBehavior [ RunTime:0.025629s ]
INFO: [ view_parse ] --END-- [ RunTime:0.025834s ]
INFO: [ view_filter ] --START--
INFO: Run Behavior\WriteHtmlCacheBehavior [ RunTime:0.000752s ]
INFO: [ view_filter ] --END-- [ RunTime:0.000928s ]
INFO: [ app_end ] --START--
INFO: Run Behavior\ShowPageTraceBehavior [ RunTime:0.001646s ]
INFO: [ app_end ] --END-- [ RunTime:0.002020s ]

[ 2016-03-08T11:24:16+08:00 ] ::1 /1fengou/index.php/home/Manage/saveProduct
INFO: [ app_init ] --START--
INFO: Run Behavior\BuildLiteBehavior [ RunTime:0.000048s ]
INFO: [ app_init ] --END-- [ RunTime:0.001070s ]
INFO: [ app_begin ] --START--
INFO: Run Behavior\ReadHtmlCacheBehavior [ RunTime:0.001098s ]
INFO: [ app_begin ] --END-- [ RunTime:0.001275s ]
SQL: SHOW COLUMNS FROM `think_product` [ RunTime:0.0007s ]
NOTIC: [8] Undefined index: photo D:\code\WampServer\wamp64\www\1fengou\Application\Home\Controller\ManageController.class.php 第 80 行.
NOTIC: [8] Use of undefined constant status - assumed 'status' D:\code\WampServer\wamp64\www\1fengou\Application\Home\Controller\ManageController.class.php 第 98 行.

[ 2016-03-08T11:25:23+08:00 ] ::1 /1fengou/index.php/home/Manage/index
INFO: [ app_init ] --START--
INFO: Run Behavior\BuildLiteBehavior [ RunTime:0.000051s ]
INFO: [ app_init ] --END-- [ RunTime:0.001139s ]
INFO: [ app_begin ] --START--
INFO: Run Behavior\ReadHtmlCacheBehavior [ RunTime:0.001168s ]
INFO: [ app_begin ] --END-- [ RunTime:0.001372s ]
SQL: SHOW COLUMNS FROM `think_product` [ RunTime:0.0007s ]
SQL: SELECT COUNT(*) AS tp_count FROM `think_product` LIMIT 1   [ RunTime:0.0003s ]
SQL: SELECT * FROM `think_product` LIMIT 0,10   [ RunTime:0.0005s ]
INFO: [ view_parse ] --START--
INFO: [ template_filter ] --START--
INFO: Run Behavior\ContentReplaceBehavior [ RunTime:0.000661s ]
INFO: [ template_filter ] --END-- [ RunTime:0.000935s ]
NOTIC: [8] Undefined variable: totalPages D:\code\WampServer\wamp64\www\1fengou\Application\Runtime\Cache\Home\f2ed2d116ee9faa6b5ea1d732a76329f.php 第 727 行.
INFO: Run Behavior\ParseTemplateBehavior [ RunTime:0.034179s ]
INFO: [ view_parse ] --END-- [ RunTime:0.034393s ]
INFO: [ view_filter ] --START--
INFO: Run Behavior\WriteHtmlCacheBehavior [ RunTime:0.001084s ]
INFO: [ view_filter ] --END-- [ RunTime:0.001286s ]
INFO: [ app_end ] --START--
INFO: Run Behavior\ShowPageTraceBehavior [ RunTime:0.001471s ]
INFO: [ app_end ] --END-- [ RunTime:0.001762s ]

[ 2016-03-08T11:25:25+08:00 ] ::1 /1fengou/index.php/home/Manage/editProduct/id/52
INFO: [ app_init ] --START--
INFO: Run Behavior\BuildLiteBehavior [ RunTime:0.000043s ]
INFO: [ app_init ] --END-- [ RunTime:0.001023s ]
INFO: [ app_begin ] --START--
INFO: Run Behavior\ReadHtmlCacheBehavior [ RunTime:0.001179s ]
INFO: [ app_begin ] --END-- [ RunTime:0.001381s ]
SQL: SHOW COLUMNS FROM `think_product` [ RunTime:0.0007s ]
SQL: SELECT * FROM `think_product` WHERE `Id` = 52 LIMIT 1   [ RunTime:0.0004s ]
INFO: [ view_parse ] --START--
INFO: [ template_filter ] --START--
INFO: Run Behavior\ContentReplaceBehavior [ RunTime:0.000492s ]
INFO: [ template_filter ] --END-- [ RunTime:0.000696s ]
INFO: Run Behavior\ParseTemplateBehavior [ RunTime:0.026685s ]
INFO: [ view_parse ] --END-- [ RunTime:0.026887s ]
INFO: [ view_filter ] --START--
INFO: Run Behavior\WriteHtmlCacheBehavior [ RunTime:0.000747s ]
INFO: [ view_filter ] --END-- [ RunTime:0.000920s ]
INFO: [ app_end ] --START--
INFO: Run Behavior\ShowPageTraceBehavior [ RunTime:0.001504s ]
INFO: [ app_end ] --END-- [ RunTime:0.001846s ]

[ 2016-03-08T11:25:36+08:00 ] ::1 /1fengou/index.php/home/Manage/saveProduct
INFO: [ app_init ] --START--
INFO: Run Behavior\BuildLiteBehavior [ RunTime:0.000067s ]
INFO: [ app_init ] --END-- [ RunTime:0.000993s ]
INFO: [ app_begin ] --START--
INFO: Run Behavior\ReadHtmlCacheBehavior [ RunTime:0.001258s ]
INFO: [ app_begin ] --END-- [ RunTime:0.001434s ]
SQL: SHOW COLUMNS FROM `think_product` [ RunTime:0.0007s ]
NOTIC: [8] Undefined index: photo1 D:\code\WampServer\wamp64\www\1fengou\Application\Home\Controller\ManageController.class.php 第 80 行.
NOTIC: [8] Use of undefined constant status - assumed 'status' D:\code\WampServer\wamp64\www\1fengou\Application\Home\Controller\ManageController.class.php 第 98 行.

[ 2016-03-08T11:29:12+08:00 ] ::1 /1fengou/index.php/home/Manage/index
INFO: [ app_init ] --START--
INFO: Run Behavior\BuildLiteBehavior [ RunTime:0.000052s ]
INFO: [ app_init ] --END-- [ RunTime:0.001077s ]
INFO: [ app_begin ] --START--
INFO: Run Behavior\ReadHtmlCacheBehavior [ RunTime:0.001113s ]
INFO: [ app_begin ] --END-- [ RunTime:0.001316s ]
SQL: SHOW COLUMNS FROM `think_product` [ RunTime:0.0007s ]
SQL: SELECT COUNT(*) AS tp_count FROM `think_product` LIMIT 1   [ RunTime:0.0003s ]
SQL: SELECT * FROM `think_product` LIMIT 0,10   [ RunTime:0.0005s ]
INFO: [ view_parse ] --START--
INFO: [ template_filter ] --START--
INFO: Run Behavior\ContentReplaceBehavior [ RunTime:0.000591s ]
INFO: [ template_filter ] --END-- [ RunTime:0.000791s ]
NOTIC: [8] Undefined variable: totalPages D:\code\WampServer\wamp64\www\1fengou\Application\Runtime\Cache\Home\f2ed2d116ee9faa6b5ea1d732a76329f.php 第 727 行.
INFO: Run Behavior\ParseTemplateBehavior [ RunTime:0.033839s ]
INFO: [ view_parse ] --END-- [ RunTime:0.034067s ]
INFO: [ view_filter ] --START--
INFO: Run Behavior\WriteHtmlCacheBehavior [ RunTime:0.001206s ]
INFO: [ view_filter ] --END-- [ RunTime:0.001406s ]
INFO: [ app_end ] --START--
INFO: Run Behavior\ShowPageTraceBehavior [ RunTime:0.001294s ]
INFO: [ app_end ] --END-- [ RunTime:0.001559s ]

[ 2016-03-08T11:29:13+08:00 ] ::1 /1fengou/index.php/home/Manage/editProduct/id/52
INFO: [ app_init ] --START--
INFO: Run Behavior\BuildLiteBehavior [ RunTime:0.000046s ]
INFO: [ app_init ] --END-- [ RunTime:0.001165s ]
INFO: [ app_begin ] --START--
INFO: Run Behavior\ReadHtmlCacheBehavior [ RunTime:0.001139s ]
INFO: [ app_begin ] --END-- [ RunTime:0.001341s ]
SQL: SHOW COLUMNS FROM `think_product` [ RunTime:0.0008s ]
SQL: SELECT * FROM `think_product` WHERE `Id` = 52 LIMIT 1   [ RunTime:0.0004s ]
INFO: [ view_parse ] --START--
INFO: [ template_filter ] --START--
INFO: Run Behavior\ContentReplaceBehavior [ RunTime:0.000492s ]
INFO: [ template_filter ] --END-- [ RunTime:0.000696s ]
INFO: Run Behavior\ParseTemplateBehavior [ RunTime:0.026290s ]
INFO: [ view_parse ] --END-- [ RunTime:0.026494s ]
INFO: [ view_filter ] --START--
INFO: Run Behavior\WriteHtmlCacheBehavior [ RunTime:0.000803s ]
INFO: [ view_filter ] --END-- [ RunTime:0.000981s ]
INFO: [ app_end ] --START--
INFO: Run Behavior\ShowPageTraceBehavior [ RunTime:0.001228s ]
INFO: [ app_end ] --END-- [ RunTime:0.001469s ]

[ 2016-03-08T11:29:21+08:00 ] ::1 /1fengou/index.php/home/Manage/saveProduct
INFO: [ app_init ] --START--
INFO: Run Behavior\BuildLiteBehavior [ RunTime:0.000045s ]
INFO: [ app_init ] --END-- [ RunTime:0.000968s ]
INFO: [ app_begin ] --START--
INFO: Run Behavior\ReadHtmlCacheBehavior [ RunTime:0.001071s ]
INFO: [ app_begin ] --END-- [ RunTime:0.001232s ]
SQL: SHOW COLUMNS FROM `think_product` [ RunTime:0.0007s ]
NOTIC: [8] Undefined index: photo1 D:\code\WampServer\wamp64\www\1fengou\Application\Home\Controller\ManageController.class.php 第 80 行.
NOTIC: [8] Use of undefined constant status - assumed 'status' D:\code\WampServer\wamp64\www\1fengou\Application\Home\Controller\ManageController.class.php 第 98 行.

[ 2016-03-08T11:32:31+08:00 ] ::1 /1fengou/index.php/home/Manage/editProduct
INFO: [ app_init ] --START--
INFO: Run Behavior\BuildLiteBehavior [ RunTime:0.000041s ]
INFO: [ app_init ] --END-- [ RunTime:0.000843s ]
INFO: [ app_begin ] --START--
INFO: Run Behavior\ReadHtmlCacheBehavior [ RunTime:0.001319s ]
INFO: [ app_begin ] --END-- [ RunTime:0.001534s ]
INFO: [ view_parse ] --START--
INFO: [ template_filter ] --START--
INFO: Run Behavior\ContentReplaceBehavior [ RunTime:0.000504s ]
INFO: [ template_filter ] --END-- [ RunTime:0.000701s ]
NOTIC: [8] Undefined variable: productList D:\code\WampServer\wamp64\www\1fengou\Application\Runtime\Cache\Home\3c5bfb19904e0772601387a32463ad93.php 第 64 行.
NOTIC: [8] Undefined variable: productList D:\code\WampServer\wamp64\www\1fengou\Application\Runtime\Cache\Home\3c5bfb19904e0772601387a32463ad93.php 第 534 行.
NOTIC: [8] Undefined variable: productList D:\code\WampServer\wamp64\www\1fengou\Application\Runtime\Cache\Home\3c5bfb19904e0772601387a32463ad93.php 第 538 行.
NOTIC: [8] Undefined variable: productList D:\code\WampServer\wamp64\www\1fengou\Application\Runtime\Cache\Home\3c5bfb19904e0772601387a32463ad93.php 第 542 行.
NOTIC: [8] Undefined variable: productList D:\code\WampServer\wamp64\www\1fengou\Application\Runtime\Cache\Home\3c5bfb19904e0772601387a32463ad93.php 第 546 行.
INFO: Run Behavior\ParseTemplateBehavior [ RunTime:0.025917s ]
INFO: [ view_parse ] --END-- [ RunTime:0.026121s ]
INFO: [ view_filter ] --START--
INFO: Run Behavior\WriteHtmlCacheBehavior [ RunTime:0.001023s ]
INFO: [ view_filter ] --END-- [ RunTime:0.001213s ]
INFO: [ app_end ] --START--
INFO: Run Behavior\ShowPageTraceBehavior [ RunTime:0.001303s ]
INFO: [ app_end ] --END-- [ RunTime:0.001858s ]

[ 2016-03-08T11:32:38+08:00 ] ::1 /1fengou/index.php/home/Manage/index
INFO: [ app_init ] --START--
INFO: Run Behavior\BuildLiteBehavior [ RunTime:0.000041s ]
INFO: [ app_init ] --END-- [ RunTime:0.000753s ]
INFO: [ app_begin ] --START--
INFO: Run Behavior\ReadHtmlCacheBehavior [ RunTime:0.000990s ]
INFO: [ app_begin ] --END-- [ RunTime:0.001192s ]
SQL: SHOW COLUMNS FROM `think_product` [ RunTime:0.0009s ]
SQL: SELECT COUNT(*) AS tp_count FROM `think_product` LIMIT 1   [ RunTime:0.0006s ]
SQL: SELECT * FROM `think_product` LIMIT 0,10   [ RunTime:0.0005s ]
INFO: [ view_parse ] --START--
INFO: [ template_filter ] --START--
INFO: Run Behavior\ContentReplaceBehavior [ RunTime:0.000610s ]
INFO: [ template_filter ] --END-- [ RunTime:0.000808s ]
NOTIC: [8] Undefined variable: totalPages D:\code\WampServer\wamp64\www\1fengou\Application\Runtime\Cache\Home\f2ed2d116ee9faa6b5ea1d732a76329f.php 第 727 行.
INFO: Run Behavior\ParseTemplateBehavior [ RunTime:0.035061s ]
INFO: [ view_parse ] --END-- [ RunTime:0.035384s ]
INFO: [ view_filter ] --START--
INFO: Run Behavior\WriteHtmlCacheBehavior [ RunTime:0.000901s ]
INFO: [ view_filter ] --END-- [ RunTime:0.001103s ]
INFO: [ app_end ] --START--
INFO: Run Behavior\ShowPageTraceBehavior [ RunTime:0.001369s ]
INFO: [ app_end ] --END-- [ RunTime:0.001675s ]

[ 2016-03-08T11:32:40+08:00 ] ::1 /1fengou/index.php/home/Manage/editProduct/id/51
INFO: [ app_init ] --START--
INFO: Run Behavior\BuildLiteBehavior [ RunTime:0.000041s ]
INFO: [ app_init ] --END-- [ RunTime:0.000864s ]
INFO: [ app_begin ] --START--
INFO: Run Behavior\ReadHtmlCacheBehavior [ RunTime:0.001226s ]
INFO: [ app_begin ] --END-- [ RunTime:0.001507s ]
SQL: SHOW COLUMNS FROM `think_product` [ RunTime:0.0010s ]
SQL: SELECT * FROM `think_product` WHERE `Id` = 51 LIMIT 1   [ RunTime:0.0006s ]
INFO: [ view_parse ] --START--
INFO: [ template_filter ] --START--
INFO: Run Behavior\ContentReplaceBehavior [ RunTime:0.000487s ]
INFO: [ template_filter ] --END-- [ RunTime:0.000690s ]
INFO: Run Behavior\ParseTemplateBehavior [ RunTime:0.025954s ]
INFO: [ view_parse ] --END-- [ RunTime:0.026157s ]
INFO: [ view_filter ] --START--
INFO: Run Behavior\WriteHtmlCacheBehavior [ RunTime:0.000867s ]
INFO: [ view_filter ] --END-- [ RunTime:0.001045s ]
INFO: [ app_end ] --START--
INFO: Run Behavior\ShowPageTraceBehavior [ RunTime:0.001694s ]
INFO: [ app_end ] --END-- [ RunTime:0.002006s ]

[ 2016-03-08T11:32:49+08:00 ] ::1 /1fengou/index.php/home/Manage/saveProduct
INFO: [ app_init ] --START--
INFO: Run Behavior\BuildLiteBehavior [ RunTime:0.000045s ]
INFO: [ app_init ] --END-- [ RunTime:0.000998s ]
INFO: [ app_begin ] --START--
INFO: Run Behavior\ReadHtmlCacheBehavior [ RunTime:0.001095s ]
INFO: [ app_begin ] --END-- [ RunTime:0.001260s ]
SQL: SHOW COLUMNS FROM `think_product` [ RunTime:0.0010s ]
NOTIC: [8] Undefined index: photo1 D:\code\WampServer\wamp64\www\1fengou\Application\Home\Controller\ManageController.class.php 第 80 行.
NOTIC: [8] Use of undefined constant status - assumed 'status' D:\code\WampServer\wamp64\www\1fengou\Application\Home\Controller\ManageController.class.php 第 98 行.

[ 2016-03-08T11:34:12+08:00 ] ::1 /1fengou/index.php/home/Manage/index
INFO: [ app_init ] --START--
INFO: Run Behavior\BuildLiteBehavior [ RunTime:0.000044s ]
INFO: [ app_init ] --END-- [ RunTime:0.000875s ]
INFO: [ app_begin ] --START--
INFO: Run Behavior\ReadHtmlCacheBehavior [ RunTime:0.001140s ]
INFO: [ app_begin ] --END-- [ RunTime:0.001346s ]
SQL: SHOW COLUMNS FROM `think_product` [ RunTime:0.0007s ]
SQL: SELECT COUNT(*) AS tp_count FROM `think_product` LIMIT 1   [ RunTime:0.0003s ]
SQL: SELECT * FROM `think_product` LIMIT 0,10   [ RunTime:0.0005s ]
INFO: [ view_parse ] --START--
INFO: [ template_filter ] --START--
INFO: Run Behavior\ContentReplaceBehavior [ RunTime:0.000603s ]
INFO: [ template_filter ] --END-- [ RunTime:0.000809s ]
NOTIC: [8] Undefined variable: totalPages D:\code\WampServer\wamp64\www\1fengou\Application\Runtime\Cache\Home\f2ed2d116ee9faa6b5ea1d732a76329f.php 第 727 行.
INFO: Run Behavior\ParseTemplateBehavior [ RunTime:0.033854s ]
INFO: [ view_parse ] --END-- [ RunTime:0.034043s ]
INFO: [ view_filter ] --START--
INFO: Run Behavior\WriteHtmlCacheBehavior [ RunTime:0.000910s ]
INFO: [ view_filter ] --END-- [ RunTime:0.001090s ]
INFO: [ app_end ] --START--
INFO: Run Behavior\ShowPageTraceBehavior [ RunTime:0.002279s ]
INFO: [ app_end ] --END-- [ RunTime:0.002656s ]

[ 2016-03-08T11:34:13+08:00 ] ::1 /1fengou/index.php/home/Manage/editProduct/id/51
INFO: [ app_init ] --START--
INFO: Run Behavior\BuildLiteBehavior [ RunTime:0.000042s ]
INFO: [ app_init ] --END-- [ RunTime:0.000903s ]
INFO: [ app_begin ] --START--
INFO: Run Behavior\ReadHtmlCacheBehavior [ RunTime:0.001633s ]
INFO: [ app_begin ] --END-- [ RunTime:0.001938s ]
SQL: SHOW COLUMNS FROM `think_product` [ RunTime:0.0007s ]
SQL: SELECT * FROM `think_product` WHERE `Id` = 51 LIMIT 1   [ RunTime:0.0004s ]
INFO: [ view_parse ] --START--
INFO: [ template_filter ] --START--
INFO: Run Behavior\ContentReplaceBehavior [ RunTime:0.000487s ]
INFO: [ template_filter ] --END-- [ RunTime:0.000689s ]
INFO: Run Behavior\ParseTemplateBehavior [ RunTime:0.026972s ]
INFO: [ view_parse ] --END-- [ RunTime:0.027180s ]
INFO: [ view_filter ] --START--
INFO: Run Behavior\WriteHtmlCacheBehavior [ RunTime:0.000882s ]
INFO: [ view_filter ] --END-- [ RunTime:0.001063s ]
INFO: [ app_end ] --START--
INFO: Run Behavior\ShowPageTraceBehavior [ RunTime:0.001354s ]
INFO: [ app_end ] --END-- [ RunTime:0.001713s ]

[ 2016-03-08T11:34:21+08:00 ] ::1 /1fengou/index.php/home/Manage/saveProduct
INFO: [ app_init ] --START--
INFO: Run Behavior\BuildLiteBehavior [ RunTime:0.000044s ]
INFO: [ app_init ] --END-- [ RunTime:0.000992s ]
INFO: [ app_begin ] --START--
INFO: Run Behavior\ReadHtmlCacheBehavior [ RunTime:0.001284s ]
INFO: [ app_begin ] --END-- [ RunTime:0.001465s ]
SQL: SHOW COLUMNS FROM `think_product` [ RunTime:0.0008s ]
NOTIC: [8] Use of undefined constant status - assumed 'status' D:\code\WampServer\wamp64\www\1fengou\Application\Home\Controller\ManageController.class.php 第 98 行.

[ 2016-03-08T11:35:23+08:00 ] ::1 /1fengou/index.php/home/Manage/index
INFO: [ app_init ] --START--
INFO: Run Behavior\BuildLiteBehavior [ RunTime:0.000041s ]
INFO: [ app_init ] --END-- [ RunTime:0.000841s ]
INFO: [ app_begin ] --START--
INFO: Run Behavior\ReadHtmlCacheBehavior [ RunTime:0.001109s ]
INFO: [ app_begin ] --END-- [ RunTime:0.001302s ]
SQL: SHOW COLUMNS FROM `think_product` [ RunTime:0.0007s ]
SQL: SELECT COUNT(*) AS tp_count FROM `think_product` LIMIT 1   [ RunTime:0.0003s ]
SQL: SELECT * FROM `think_product` LIMIT 0,10   [ RunTime:0.0006s ]
INFO: [ view_parse ] --START--
INFO: [ template_filter ] --START--
INFO: Run Behavior\ContentReplaceBehavior [ RunTime:0.000589s ]
INFO: [ template_filter ] --END-- [ RunTime:0.000789s ]
NOTIC: [8] Undefined variable: totalPages D:\code\WampServer\wamp64\www\1fengou\Application\Runtime\Cache\Home\f2ed2d116ee9faa6b5ea1d732a76329f.php 第 727 行.
INFO: Run Behavior\ParseTemplateBehavior [ RunTime:0.034740s ]
INFO: [ view_parse ] --END-- [ RunTime:0.034936s ]
INFO: [ view_filter ] --START--
INFO: Run Behavior\WriteHtmlCacheBehavior [ RunTime:0.000876s ]
INFO: [ view_filter ] --END-- [ RunTime:0.001054s ]
INFO: [ app_end ] --START--
INFO: Run Behavior\ShowPageTraceBehavior [ RunTime:0.001728s ]
INFO: [ app_end ] --END-- [ RunTime:0.002054s ]

[ 2016-03-08T11:35:26+08:00 ] ::1 /1fengou/index.php/home/Manage/editProduct/id/52
INFO: [ app_init ] --START--
INFO: Run Behavior\BuildLiteBehavior [ RunTime:0.000063s ]
INFO: [ app_init ] --END-- [ RunTime:0.000959s ]
INFO: [ app_begin ] --START--
INFO: Run Behavior\ReadHtmlCacheBehavior [ RunTime:0.001574s ]
INFO: [ app_begin ] --END-- [ RunTime:0.001865s ]
SQL: SHOW COLUMNS FROM `think_product` [ RunTime:0.0010s ]
SQL: SELECT * FROM `think_product` WHERE `Id` = 52 LIMIT 1   [ RunTime:0.0007s ]
INFO: [ view_parse ] --START--
INFO: [ template_filter ] --START--
INFO: Run Behavior\ContentReplaceBehavior [ RunTime:0.000486s ]
INFO: [ template_filter ] --END-- [ RunTime:0.000708s ]
INFO: Run Behavior\ParseTemplateBehavior [ RunTime:0.025880s ]
INFO: [ view_parse ] --END-- [ RunTime:0.026076s ]
INFO: [ view_filter ] --START--
INFO: Run Behavior\WriteHtmlCacheBehavior [ RunTime:0.000757s ]
INFO: [ view_filter ] --END-- [ RunTime:0.000929s ]
INFO: [ app_end ] --START--
INFO: Run Behavior\ShowPageTraceBehavior [ RunTime:0.001332s ]
INFO: [ app_end ] --END-- [ RunTime:0.001664s ]

[ 2016-03-08T11:35:33+08:00 ] ::1 /1fengou/index.php/home/Manage/saveProduct
INFO: [ app_init ] --START--
INFO: Run Behavior\BuildLiteBehavior [ RunTime:0.000046s ]
INFO: [ app_init ] --END-- [ RunTime:0.000891s ]
INFO: [ app_begin ] --START--
INFO: Run Behavior\ReadHtmlCacheBehavior [ RunTime:0.001105s ]
INFO: [ app_begin ] --END-- [ RunTime:0.001269s ]
SQL: SHOW COLUMNS FROM `think_product` [ RunTime:0.0007s ]
NOTIC: [8] Use of undefined constant status - assumed 'status' D:\code\WampServer\wamp64\www\1fengou\Application\Home\Controller\ManageController.class.php 第 98 行.

[ 2016-03-08T11:37:42+08:00 ] ::1 /1fengou/index.php/home/Manage/index
INFO: [ app_init ] --START--
INFO: Run Behavior\BuildLiteBehavior [ RunTime:0.000049s ]
INFO: [ app_init ] --END-- [ RunTime:0.001134s ]
INFO: [ app_begin ] --START--
INFO: Run Behavior\ReadHtmlCacheBehavior [ RunTime:0.001059s ]
INFO: [ app_begin ] --END-- [ RunTime:0.001259s ]
SQL: SHOW COLUMNS FROM `think_product` [ RunTime:0.0009s ]
SQL: SELECT COUNT(*) AS tp_count FROM `think_product` LIMIT 1   [ RunTime:0.0003s ]
SQL: SELECT * FROM `think_product` LIMIT 0,10   [ RunTime:0.0004s ]
INFO: [ view_parse ] --START--
INFO: [ template_filter ] --START--
INFO: Run Behavior\ContentReplaceBehavior [ RunTime:0.000595s ]
INFO: [ template_filter ] --END-- [ RunTime:0.000803s ]
NOTIC: [8] Undefined variable: totalPages D:\code\WampServer\wamp64\www\1fengou\Application\Runtime\Cache\Home\f2ed2d116ee9faa6b5ea1d732a76329f.php 第 727 行.
INFO: Run Behavior\ParseTemplateBehavior [ RunTime:0.033518s ]
INFO: [ view_parse ] --END-- [ RunTime:0.033709s ]
INFO: [ view_filter ] --START--
INFO: Run Behavior\WriteHtmlCacheBehavior [ RunTime:0.000800s ]
INFO: [ view_filter ] --END-- [ RunTime:0.000976s ]
INFO: [ app_end ] --START--
INFO: Run Behavior\ShowPageTraceBehavior [ RunTime:0.001849s ]
INFO: [ app_end ] --END-- [ RunTime:0.002179s ]

[ 2016-03-08T11:37:44+08:00 ] ::1 /1fengou/index.php/home/Manage/editProduct/id/52
INFO: [ app_init ] --START--
INFO: Run Behavior\BuildLiteBehavior [ RunTime:0.000043s ]
INFO: [ app_init ] --END-- [ RunTime:0.000823s ]
INFO: [ app_begin ] --START--
INFO: Run Behavior\ReadHtmlCacheBehavior [ RunTime:0.001489s ]
INFO: [ app_begin ] --END-- [ RunTime:0.001759s ]
SQL: SHOW COLUMNS FROM `think_product` [ RunTime:0.0009s ]
SQL: SELECT * FROM `think_product` WHERE `Id` = 52 LIMIT 1   [ RunTime:0.0005s ]
INFO: [ view_parse ] --START--
INFO: [ template_filter ] --START--
INFO: Run Behavior\ContentReplaceBehavior [ RunTime:0.000497s ]
INFO: [ template_filter ] --END-- [ RunTime:0.000698s ]
INFO: Run Behavior\ParseTemplateBehavior [ RunTime:0.025841s ]
INFO: [ view_parse ] --END-- [ RunTime:0.026156s ]
INFO: [ view_filter ] --START--
INFO: Run Behavior\WriteHtmlCacheBehavior [ RunTime:0.000966s ]
INFO: [ view_filter ] --END-- [ RunTime:0.001212s ]
INFO: [ app_end ] --START--
INFO: Run Behavior\ShowPageTraceBehavior [ RunTime:0.001385s ]
INFO: [ app_end ] --END-- [ RunTime:0.001709s ]

[ 2016-03-08T11:37:53+08:00 ] ::1 /1fengou/index.php/home/Manage/saveProduct
INFO: [ app_init ] --START--
INFO: Run Behavior\BuildLiteBehavior [ RunTime:0.000040s ]
INFO: [ app_init ] --END-- [ RunTime:0.000772s ]
INFO: [ app_begin ] --START--
INFO: Run Behavior\ReadHtmlCacheBehavior [ RunTime:0.001057s ]
INFO: [ app_begin ] --END-- [ RunTime:0.001218s ]
SQL: SHOW COLUMNS FROM `think_product` [ RunTime:0.0007s ]
NOTIC: [8] Use of undefined constant status - assumed 'status' D:\code\WampServer\wamp64\www\1fengou\Application\Home\Controller\ManageController.class.php 第 98 行.

[ 2016-03-08T11:38:09+08:00 ] ::1 /1fengou/index.php/home/Manage/index
INFO: [ app_init ] --START--
INFO: Run Behavior\BuildLiteBehavior [ RunTime:0.000041s ]
INFO: [ app_init ] --END-- [ RunTime:0.000912s ]
INFO: [ app_begin ] --START--
INFO: Run Behavior\ReadHtmlCacheBehavior [ RunTime:0.001121s ]
INFO: [ app_begin ] --END-- [ RunTime:0.001339s ]
SQL: SHOW COLUMNS FROM `think_product` [ RunTime:0.0009s ]
SQL: SELECT COUNT(*) AS tp_count FROM `think_product` LIMIT 1   [ RunTime:0.0003s ]
SQL: SELECT * FROM `think_product` LIMIT 0,10   [ RunTime:0.0005s ]
INFO: [ view_parse ] --START--
INFO: [ template_filter ] --START--
INFO: Run Behavior\ContentReplaceBehavior [ RunTime:0.000611s ]
INFO: [ template_filter ] --END-- [ RunTime:0.000812s ]
NOTIC: [8] Undefined variable: totalPages D:\code\WampServer\wamp64\www\1fengou\Application\Runtime\Cache\Home\f2ed2d116ee9faa6b5ea1d732a76329f.php 第 727 行.
INFO: Run Behavior\ParseTemplateBehavior [ RunTime:0.034528s ]
INFO: [ view_parse ] --END-- [ RunTime:0.034727s ]
INFO: [ view_filter ] --START--
INFO: Run Behavior\WriteHtmlCacheBehavior [ RunTime:0.000870s ]
INFO: [ view_filter ] --END-- [ RunTime:0.001048s ]
INFO: [ app_end ] --START--
INFO: Run Behavior\ShowPageTraceBehavior [ RunTime:0.001383s ]
INFO: [ app_end ] --END-- [ RunTime:0.001705s ]

[ 2016-03-08T11:38:12+08:00 ] ::1 /1fengou/index.php/home/Manage/editProduct/id/52
INFO: [ app_init ] --START--
INFO: Run Behavior\BuildLiteBehavior [ RunTime:0.000052s ]
INFO: [ app_init ] --END-- [ RunTime:0.000962s ]
INFO: [ app_begin ] --START--
INFO: Run Behavior\ReadHtmlCacheBehavior [ RunTime:0.001342s ]
INFO: [ app_begin ] --END-- [ RunTime:0.001687s ]
SQL: SHOW COLUMNS FROM `think_product` [ RunTime:0.0008s ]
SQL: SELECT * FROM `think_product` WHERE `Id` = 52 LIMIT 1   [ RunTime:0.0003s ]
INFO: [ view_parse ] --START--
INFO: [ template_filter ] --START--
INFO: Run Behavior\ContentReplaceBehavior [ RunTime:0.000503s ]
INFO: [ template_filter ] --END-- [ RunTime:0.000714s ]
INFO: Run Behavior\ParseTemplateBehavior [ RunTime:0.027279s ]
INFO: [ view_parse ] --END-- [ RunTime:0.027484s ]
INFO: [ view_filter ] --START--
INFO: Run Behavior\WriteHtmlCacheBehavior [ RunTime:0.000741s ]
INFO: [ view_filter ] --END-- [ RunTime:0.000915s ]
INFO: [ app_end ] --START--
INFO: Run Behavior\ShowPageTraceBehavior [ RunTime:0.001282s ]
INFO: [ app_end ] --END-- [ RunTime:0.001595s ]

[ 2016-03-08T11:38:18+08:00 ] ::1 /1fengou/index.php/home/Manage/saveProduct
INFO: [ app_init ] --START--
INFO: Run Behavior\BuildLiteBehavior [ RunTime:0.000041s ]
INFO: [ app_init ] --END-- [ RunTime:0.000872s ]
INFO: [ app_begin ] --START--
INFO: Run Behavior\ReadHtmlCacheBehavior [ RunTime:0.001061s ]
INFO: [ app_begin ] --END-- [ RunTime:0.001224s ]
SQL: SHOW COLUMNS FROM `think_product` [ RunTime:0.0007s ]
NOTIC: [8] Use of undefined constant status - assumed 'status' D:\code\WampServer\wamp64\www\1fengou\Application\Home\Controller\ManageController.class.php 第 98 行.

[ 2016-03-08T11:38:57+08:00 ] ::1 /1fengou/index.php/home/Manage/index
INFO: [ app_init ] --START--
INFO: Run Behavior\BuildLiteBehavior [ RunTime:0.000048s ]
INFO: [ app_init ] --END-- [ RunTime:0.001076s ]
INFO: [ app_begin ] --START--
INFO: Run Behavior\ReadHtmlCacheBehavior [ RunTime:0.001074s ]
INFO: [ app_begin ] --END-- [ RunTime:0.001263s ]
SQL: SHOW COLUMNS FROM `think_product` [ RunTime:0.0007s ]
SQL: SELECT COUNT(*) AS tp_count FROM `think_product` LIMIT 1   [ RunTime:0.0003s ]
SQL: SELECT * FROM `think_product` LIMIT 0,10   [ RunTime:0.0005s ]
INFO: [ view_parse ] --START--
INFO: [ template_filter ] --START--
INFO: Run Behavior\ContentReplaceBehavior [ RunTime:0.000811s ]
INFO: [ template_filter ] --END-- [ RunTime:0.001190s ]
NOTIC: [8] Undefined variable: totalPages D:\code\WampServer\wamp64\www\1fengou\Application\Runtime\Cache\Home\f2ed2d116ee9faa6b5ea1d732a76329f.php 第 727 行.
INFO: Run Behavior\ParseTemplateBehavior [ RunTime:0.038342s ]
INFO: [ view_parse ] --END-- [ RunTime:0.038533s ]
INFO: [ view_filter ] --START--
INFO: Run Behavior\WriteHtmlCacheBehavior [ RunTime:0.000820s ]
INFO: [ view_filter ] --END-- [ RunTime:0.000997s ]
INFO: [ app_end ] --START--
INFO: Run Behavior\ShowPageTraceBehavior [ RunTime:0.001654s ]
INFO: [ app_end ] --END-- [ RunTime:0.002017s ]

[ 2016-03-08T11:38:59+08:00 ] ::1 /1fengou/index.php/home/Manage/editProduct/id/52
INFO: [ app_init ] --START--
INFO: Run Behavior\BuildLiteBehavior [ RunTime:0.000048s ]
INFO: [ app_init ] --END-- [ RunTime:0.001173s ]
INFO: [ app_begin ] --START--
INFO: Run Behavior\ReadHtmlCacheBehavior [ RunTime:0.001104s ]
INFO: [ app_begin ] --END-- [ RunTime:0.001311s ]
SQL: SHOW COLUMNS FROM `think_product` [ RunTime:0.0008s ]
SQL: SELECT * FROM `think_product` WHERE `Id` = 52 LIMIT 1   [ RunTime:0.0004s ]
INFO: [ view_parse ] --START--
INFO: [ template_filter ] --START--
INFO: Run Behavior\ContentReplaceBehavior [ RunTime:0.000488s ]
INFO: [ template_filter ] --END-- [ RunTime:0.000692s ]
INFO: Run Behavior\ParseTemplateBehavior [ RunTime:0.026415s ]
INFO: [ view_parse ] --END-- [ RunTime:0.026618s ]
INFO: [ view_filter ] --START--
INFO: Run Behavior\WriteHtmlCacheBehavior [ RunTime:0.000740s ]
INFO: [ view_filter ] --END-- [ RunTime:0.000912s ]
INFO: [ app_end ] --START--
INFO: Run Behavior\ShowPageTraceBehavior [ RunTime:0.001182s ]
INFO: [ app_end ] --END-- [ RunTime:0.001431s ]

[ 2016-03-08T11:39:10+08:00 ] ::1 /1fengou/index.php/home/Manage/saveProduct
INFO: [ app_init ] --START--
INFO: Run Behavior\BuildLiteBehavior [ RunTime:0.000042s ]
INFO: [ app_init ] --END-- [ RunTime:0.000832s ]
INFO: [ app_begin ] --START--
INFO: Run Behavior\ReadHtmlCacheBehavior [ RunTime:0.001025s ]
INFO: [ app_begin ] --END-- [ RunTime:0.001180s ]
SQL: SHOW COLUMNS FROM `think_product` [ RunTime:0.0008s ]
NOTIC: [8] Use of undefined constant status - assumed 'status' D:\code\WampServer\wamp64\www\1fengou\Application\Home\Controller\ManageController.class.php 第 98 行.
NOTIC: [8] Undefined variable: uploadResult D:\code\WampServer\wamp64\www\1fengou\Application\Home\Controller\ManageController.class.php 第 98 行.
NOTIC: [8] Undefined variable: uploadResult D:\code\WampServer\wamp64\www\1fengou\Application\Home\Controller\ManageController.class.php 第 103 行.
NOTIC: [8] Undefined variable: param D:\code\WampServer\wamp64\www\1fengou\Application\Home\Controller\ManageController.class.php 第 124 行.
NOTIC: [8] Undefined index: validate D:\code\WampServer\wamp64\www\1fengou\ThinkPHP\Library\Think\Model.class.php 第 1185 行.
NOTIC: [8] Undefined index: auto D:\code\WampServer\wamp64\www\1fengou\ThinkPHP\Library\Think\Model.class.php 第 1128 行.

[ 2016-03-08T11:42:27+08:00 ] ::1 /1fengou/index.php/home/Manage/index
INFO: [ app_init ] --START--
INFO: Run Behavior\BuildLiteBehavior [ RunTime:0.000042s ]
INFO: [ app_init ] --END-- [ RunTime:0.000834s ]
INFO: [ app_begin ] --START--
INFO: Run Behavior\ReadHtmlCacheBehavior [ RunTime:0.001052s ]
INFO: [ app_begin ] --END-- [ RunTime:0.001257s ]
SQL: SHOW COLUMNS FROM `think_product` [ RunTime:0.0009s ]
SQL: SELECT COUNT(*) AS tp_count FROM `think_product` LIMIT 1   [ RunTime:0.0003s ]
SQL: SELECT * FROM `think_product` LIMIT 0,10   [ RunTime:0.0005s ]
INFO: [ view_parse ] --START--
INFO: [ template_filter ] --START--
INFO: Run Behavior\ContentReplaceBehavior [ RunTime:0.000612s ]
INFO: [ template_filter ] --END-- [ RunTime:0.000822s ]
NOTIC: [8] Undefined variable: totalPages D:\code\WampServer\wamp64\www\1fengou\Application\Runtime\Cache\Home\f2ed2d116ee9faa6b5ea1d732a76329f.php 第 727 行.
INFO: Run Behavior\ParseTemplateBehavior [ RunTime:0.033969s ]
INFO: [ view_parse ] --END-- [ RunTime:0.034167s ]
INFO: [ view_filter ] --START--
INFO: Run Behavior\WriteHtmlCacheBehavior [ RunTime:0.000958s ]
INFO: [ view_filter ] --END-- [ RunTime:0.001153s ]
INFO: [ app_end ] --START--
INFO: Run Behavior\ShowPageTraceBehavior [ RunTime:0.001461s ]
INFO: [ app_end ] --END-- [ RunTime:0.001748s ]

[ 2016-03-08T11:42:41+08:00 ] ::1 /1fengou/index.php/home/Manage/editProduct/id/52
INFO: [ app_init ] --START--
INFO: Run Behavior\BuildLiteBehavior [ RunTime:0.000047s ]
INFO: [ app_init ] --END-- [ RunTime:0.001161s ]
INFO: [ app_begin ] --START--
INFO: Run Behavior\ReadHtmlCacheBehavior [ RunTime:0.001211s ]
INFO: [ app_begin ] --END-- [ RunTime:0.001411s ]
SQL: SHOW COLUMNS FROM `think_product` [ RunTime:0.0008s ]
SQL: SELECT * FROM `think_product` WHERE `Id` = 52 LIMIT 1   [ RunTime:0.0004s ]
INFO: [ view_parse ] --START--
INFO: [ template_filter ] --START--
INFO: Run Behavior\ContentReplaceBehavior [ RunTime:0.000516s ]
INFO: [ template_filter ] --END-- [ RunTime:0.000725s ]
INFO: Run Behavior\ParseTemplateBehavior [ RunTime:0.026399s ]
INFO: [ view_parse ] --END-- [ RunTime:0.026600s ]
INFO: [ view_filter ] --START--
INFO: Run Behavior\WriteHtmlCacheBehavior [ RunTime:0.000776s ]
INFO: [ view_filter ] --END-- [ RunTime:0.000950s ]
INFO: [ app_end ] --START--
INFO: Run Behavior\ShowPageTraceBehavior [ RunTime:0.001370s ]
INFO: [ app_end ] --END-- [ RunTime:0.001672s ]

[ 2016-03-08T11:42:54+08:00 ] ::1 /1fengou/index.php/home/Manage/saveProduct
INFO: [ app_init ] --START--
INFO: Run Behavior\BuildLiteBehavior [ RunTime:0.000044s ]
INFO: [ app_init ] --END-- [ RunTime:0.001101s ]
INFO: [ app_begin ] --START--
INFO: Run Behavior\ReadHtmlCacheBehavior [ RunTime:0.001015s ]
INFO: [ app_begin ] --END-- [ RunTime:0.001191s ]
SQL: SHOW COLUMNS FROM `think_product` [ RunTime:0.0007s ]
NOTIC: [8] Use of undefined constant status - assumed 'status' D:\code\WampServer\wamp64\www\1fengou\Application\Home\Controller\ManageController.class.php 第 98 行.

[ 2016-03-08T11:46:06+08:00 ] ::1 /1fengou/index.php/home/Manage/index
INFO: [ app_init ] --START--
INFO: Run Behavior\BuildLiteBehavior [ RunTime:0.000061s ]
INFO: [ app_init ] --END-- [ RunTime:0.001391s ]
INFO: [ app_begin ] --START--
INFO: Run Behavior\ReadHtmlCacheBehavior [ RunTime:0.001126s ]
INFO: [ app_begin ] --END-- [ RunTime:0.001322s ]
SQL: SHOW COLUMNS FROM `think_product` [ RunTime:0.0007s ]
SQL: SELECT COUNT(*) AS tp_count FROM `think_product` LIMIT 1   [ RunTime:0.0002s ]
SQL: SELECT * FROM `think_product` LIMIT 0,10   [ RunTime:0.0005s ]
INFO: [ view_parse ] --START--
INFO: [ template_filter ] --START--
INFO: Run Behavior\ContentReplaceBehavior [ RunTime:0.000628s ]
INFO: [ template_filter ] --END-- [ RunTime:0.000925s ]
NOTIC: [8] Undefined variable: totalPages D:\code\WampServer\wamp64\www\1fengou\Application\Runtime\Cache\Home\f2ed2d116ee9faa6b5ea1d732a76329f.php 第 727 行.
INFO: Run Behavior\ParseTemplateBehavior [ RunTime:0.033271s ]
INFO: [ view_parse ] --END-- [ RunTime:0.033472s ]
INFO: [ view_filter ] --START--
INFO: Run Behavior\WriteHtmlCacheBehavior [ RunTime:0.000827s ]
INFO: [ view_filter ] --END-- [ RunTime:0.001003s ]
INFO: [ app_end ] --START--
INFO: Run Behavior\ShowPageTraceBehavior [ RunTime:0.001239s ]
INFO: [ app_end ] --END-- [ RunTime:0.001867s ]

[ 2016-03-08T11:46:08+08:00 ] ::1 /1fengou/index.php/home/Manage/editProduct/id/51
INFO: [ app_init ] --START--
INFO: Run Behavior\BuildLiteBehavior [ RunTime:0.000042s ]
INFO: [ app_init ] --END-- [ RunTime:0.000884s ]
INFO: [ app_begin ] --START--
INFO: Run Behavior\ReadHtmlCacheBehavior [ RunTime:0.001119s ]
INFO: [ app_begin ] --END-- [ RunTime:0.001308s ]
SQL: SHOW COLUMNS FROM `think_product` [ RunTime:0.0008s ]
SQL: SELECT * FROM `think_product` WHERE `Id` = 51 LIMIT 1   [ RunTime:0.0005s ]
INFO: [ view_parse ] --START--
INFO: [ template_filter ] --START--
INFO: Run Behavior\ContentReplaceBehavior [ RunTime:0.000502s ]
INFO: [ template_filter ] --END-- [ RunTime:0.000705s ]
INFO: Run Behavior\ParseTemplateBehavior [ RunTime:0.027707s ]
INFO: [ view_parse ] --END-- [ RunTime:0.028004s ]
INFO: [ view_filter ] --START--
INFO: Run Behavior\WriteHtmlCacheBehavior [ RunTime:0.000846s ]
INFO: [ view_filter ] --END-- [ RunTime:0.001030s ]
INFO: [ app_end ] --START--
INFO: Run Behavior\ShowPageTraceBehavior [ RunTime:0.001584s ]
INFO: [ app_end ] --END-- [ RunTime:0.001976s ]

[ 2016-03-08T11:46:15+08:00 ] ::1 /1fengou/index.php/home/Manage/saveProduct
INFO: [ app_init ] --START--
INFO: Run Behavior\BuildLiteBehavior [ RunTime:0.000041s ]
INFO: [ app_init ] --END-- [ RunTime:0.000860s ]
INFO: [ app_begin ] --START--
INFO: Run Behavior\ReadHtmlCacheBehavior [ RunTime:0.001227s ]
INFO: [ app_begin ] --END-- [ RunTime:0.001417s ]
SQL: SHOW COLUMNS FROM `think_product` [ RunTime:0.0009s ]
NOTIC: [8] Undefined index: photo1 D:\code\WampServer\wamp64\www\1fengou\Application\Home\Controller\ManageController.class.php 第 80 行.
NOTIC: [8] Use of undefined constant status - assumed 'status' D:\code\WampServer\wamp64\www\1fengou\Application\Home\Controller\ManageController.class.php 第 98 行.

[ 2016-03-08T11:48:03+08:00 ] ::1 /1fengou/index.php/home/Manage/saveProduct
INFO: [ app_init ] --START--
INFO: Run Behavior\BuildLiteBehavior [ RunTime:0.000043s ]
INFO: [ app_init ] --END-- [ RunTime:0.001003s ]
INFO: [ app_begin ] --START--
INFO: Run Behavior\ReadHtmlCacheBehavior [ RunTime:0.001009s ]
INFO: [ app_begin ] --END-- [ RunTime:0.001176s ]
SQL: SHOW COLUMNS FROM `think_product` [ RunTime:0.0007s ]
NOTIC: [8] Undefined index: photo1 D:\code\WampServer\wamp64\www\1fengou\Application\Home\Controller\ManageController.class.php 第 80 行.
NOTIC: [8] Use of undefined constant status - assumed 'status' D:\code\WampServer\wamp64\www\1fengou\Application\Home\Controller\ManageController.class.php 第 98 行.

[ 2016-03-08T11:50:24+08:00 ] ::1 /1fengou/index.php/home/Manage/index
INFO: [ app_init ] --START--
INFO: Run Behavior\BuildLiteBehavior [ RunTime:0.000072s ]
INFO: [ app_init ] --END-- [ RunTime:0.001385s ]
INFO: [ app_begin ] --START--
INFO: Run Behavior\ReadHtmlCacheBehavior [ RunTime:0.001844s ]
INFO: [ app_begin ] --END-- [ RunTime:0.002151s ]
SQL: SHOW COLUMNS FROM `think_product` [ RunTime:0.0010s ]
SQL: SELECT COUNT(*) AS tp_count FROM `think_product` LIMIT 1   [ RunTime:0.0005s ]
SQL: SELECT * FROM `think_product` LIMIT 0,10   [ RunTime:0.0006s ]
INFO: [ view_parse ] --START--
INFO: [ template_filter ] --START--
INFO: Run Behavior\ContentReplaceBehavior [ RunTime:0.001031s ]
INFO: [ template_filter ] --END-- [ RunTime:0.001578s ]
NOTIC: [8] Undefined variable: totalPages D:\code\WampServer\wamp64\www\1fengou\Application\Runtime\Cache\Home\f2ed2d116ee9faa6b5ea1d732a76329f.php 第 727 行.
INFO: Run Behavior\ParseTemplateBehavior [ RunTime:0.061522s ]
INFO: [ view_parse ] --END-- [ RunTime:0.061868s ]
INFO: [ view_filter ] --START--
INFO: Run Behavior\WriteHtmlCacheBehavior [ RunTime:0.001152s ]
INFO: [ view_filter ] --END-- [ RunTime:0.001406s ]
INFO: [ app_end ] --START--
INFO: Run Behavior\ShowPageTraceBehavior [ RunTime:0.006679s ]
INFO: [ app_end ] --END-- [ RunTime:0.007301s ]

[ 2016-03-08T14:34:41+08:00 ] ::1 /1fengou/index.php/home/Index/index
INFO: [ app_init ] --START--
INFO: Run Behavior\BuildLiteBehavior [ RunTime:0.000051s ]
INFO: [ app_init ] --END-- [ RunTime:0.000913s ]
INFO: [ app_begin ] --START--
INFO: Run Behavior\ReadHtmlCacheBehavior [ RunTime:0.001146s ]
INFO: [ app_begin ] --END-- [ RunTime:0.001348s ]
SQL: SHOW COLUMNS FROM `think_product` [ RunTime:0.0009s ]
SQL: SELECT * FROM `think_product`  [ RunTime:0.0008s ]
INFO: [ view_parse ] --START--
INFO: [ template_filter ] --START--
INFO: Run Behavior\ContentReplaceBehavior [ RunTime:0.000549s ]
INFO: [ template_filter ] --END-- [ RunTime:0.000775s ]
NOTIC: [8] Undefined variable: _page D:\code\WampServer\wamp64\www\1fengou\Application\Runtime\Cache\Home\2a94b8bda04ff446dcedd42276fc99ee.php 第 550 行.
INFO: Run Behavior\ParseTemplateBehavior [ RunTime:0.032821s ]
INFO: [ view_parse ] --END-- [ RunTime:0.033170s ]
INFO: [ view_filter ] --START--
INFO: Run Behavior\WriteHtmlCacheBehavior [ RunTime:0.000921s ]
INFO: [ view_filter ] --END-- [ RunTime:0.001104s ]
INFO: [ app_end ] --START--
INFO: Run Behavior\ShowPageTraceBehavior [ RunTime:0.001327s ]
INFO: [ app_end ] --END-- [ RunTime:0.001567s ]

[ 2016-03-08T14:34:47+08:00 ] ::1 /1fengou/index.php/home/Index/index
INFO: [ app_init ] --START--
INFO: Run Behavior\BuildLiteBehavior [ RunTime:0.000041s ]
INFO: [ app_init ] --END-- [ RunTime:0.000788s ]
INFO: [ app_begin ] --START--
INFO: Run Behavior\ReadHtmlCacheBehavior [ RunTime:0.001352s ]
INFO: [ app_begin ] --END-- [ RunTime:0.001583s ]
SQL: SHOW COLUMNS FROM `think_product` [ RunTime:0.0008s ]
SQL: SELECT * FROM `think_product`  [ RunTime:0.0007s ]
INFO: [ view_parse ] --START--
INFO: [ template_filter ] --START--
INFO: Run Behavior\ContentReplaceBehavior [ RunTime:0.000539s ]
INFO: [ template_filter ] --END-- [ RunTime:0.000746s ]
NOTIC: [8] Undefined variable: _page D:\code\WampServer\wamp64\www\1fengou\Application\Runtime\Cache\Home\2a94b8bda04ff446dcedd42276fc99ee.php 第 550 行.
INFO: Run Behavior\ParseTemplateBehavior [ RunTime:0.031425s ]
INFO: [ view_parse ] --END-- [ RunTime:0.031620s ]
INFO: [ view_filter ] --START--
INFO: Run Behavior\WriteHtmlCacheBehavior [ RunTime:0.000622s ]
INFO: [ view_filter ] --END-- [ RunTime:0.000805s ]
INFO: [ app_end ] --START--
INFO: Run Behavior\ShowPageTraceBehavior [ RunTime:0.001534s ]
INFO: [ app_end ] --END-- [ RunTime:0.001846s ]

[ 2016-03-08T14:34:53+08:00 ] ::1 /1fengou/index.php/home/Index/index
INFO: [ app_init ] --START--
INFO: Run Behavior\BuildLiteBehavior [ RunTime:0.000075s ]
INFO: [ app_init ] --END-- [ RunTime:0.001261s ]
INFO: [ app_begin ] --START--
INFO: Run Behavior\ReadHtmlCacheBehavior [ RunTime:0.000782s ]
INFO: [ app_begin ] --END-- [ RunTime:0.000986s ]
SQL: SHOW COLUMNS FROM `think_product` [ RunTime:0.0007s ]
SQL: SELECT * FROM `think_product`  [ RunTime:0.0007s ]
INFO: [ view_parse ] --START--
INFO: [ template_filter ] --START--
INFO: Run Behavior\ContentReplaceBehavior [ RunTime:0.000527s ]
INFO: [ template_filter ] --END-- [ RunTime:0.000727s ]
NOTIC: [8] Undefined variable: _page D:\code\WampServer\wamp64\www\1fengou\Application\Runtime\Cache\Home\2a94b8bda04ff446dcedd42276fc99ee.php 第 550 行.
INFO: Run Behavior\ParseTemplateBehavior [ RunTime:0.032223s ]
INFO: [ view_parse ] --END-- [ RunTime:0.032450s ]
INFO: [ view_filter ] --START--
INFO: Run Behavior\WriteHtmlCacheBehavior [ RunTime:0.000603s ]
INFO: [ view_filter ] --END-- [ RunTime:0.000778s ]
INFO: [ app_end ] --START--
INFO: Run Behavior\ShowPageTraceBehavior [ RunTime:0.001383s ]
INFO: [ app_end ] --END-- [ RunTime:0.001631s ]

[ 2016-03-08T14:35:43+08:00 ] ::1 /1fengou/index.php/home/Manage/index
INFO: [ app_init ] --START--
INFO: Run Behavior\BuildLiteBehavior [ RunTime:0.000044s ]
INFO: [ app_init ] --END-- [ RunTime:0.001016s ]
INFO: [ app_begin ] --START--
INFO: Run Behavior\ReadHtmlCacheBehavior [ RunTime:0.000757s ]
INFO: [ app_begin ] --END-- [ RunTime:0.000968s ]
SQL: SHOW COLUMNS FROM `think_product` [ RunTime:0.0007s ]
SQL: SELECT COUNT(*) AS tp_count FROM `think_product` LIMIT 1   [ RunTime:0.0002s ]
SQL: SELECT * FROM `think_product` LIMIT 0,10   [ RunTime:0.0004s ]
INFO: [ view_parse ] --START--
INFO: [ template_filter ] --START--
INFO: Run Behavior\ContentReplaceBehavior [ RunTime:0.000593s ]
INFO: [ template_filter ] --END-- [ RunTime:0.000789s ]
NOTIC: [8] Undefined variable: totalPages D:\code\WampServer\wamp64\www\1fengou\Application\Runtime\Cache\Home\f2ed2d116ee9faa6b5ea1d732a76329f.php 第 727 行.
INFO: Run Behavior\ParseTemplateBehavior [ RunTime:0.034668s ]
INFO: [ view_parse ] --END-- [ RunTime:0.034858s ]
INFO: [ view_filter ] --START--
INFO: Run Behavior\WriteHtmlCacheBehavior [ RunTime:0.001294s ]
INFO: [ view_filter ] --END-- [ RunTime:0.001696s ]
INFO: [ app_end ] --START--
INFO: Run Behavior\ShowPageTraceBehavior [ RunTime:0.002150s ]
INFO: [ app_end ] --END-- [ RunTime:0.002657s ]

[ 2016-03-08T14:35:45+08:00 ] ::1 /1fengou/index.php/home/Manage/editProduct/id/52
INFO: [ app_init ] --START--
INFO: Run Behavior\BuildLiteBehavior [ RunTime:0.000069s ]
INFO: [ app_init ] --END-- [ RunTime:0.001016s ]
INFO: [ app_begin ] --START--
INFO: Run Behavior\ReadHtmlCacheBehavior [ RunTime:0.001071s ]
INFO: [ app_begin ] --END-- [ RunTime:0.001396s ]
SQL: SHOW COLUMNS FROM `think_product` [ RunTime:0.0007s ]
SQL: SELECT * FROM `think_product` WHERE `Id` = 52 LIMIT 1   [ RunTime:0.0006s ]
INFO: [ view_parse ] --START--
INFO: [ template_filter ] --START--
INFO: Run Behavior\ContentReplaceBehavior [ RunTime:0.000488s ]
INFO: [ template_filter ] --END-- [ RunTime:0.000689s ]
INFO: Run Behavior\ParseTemplateBehavior [ RunTime:0.027459s ]
INFO: [ view_parse ] --END-- [ RunTime:0.027836s ]
INFO: [ view_filter ] --START--
INFO: Run Behavior\WriteHtmlCacheBehavior [ RunTime:0.000684s ]
INFO: [ view_filter ] --END-- [ RunTime:0.000945s ]
INFO: [ app_end ] --START--
INFO: Run Behavior\ShowPageTraceBehavior [ RunTime:0.001380s ]
INFO: [ app_end ] --END-- [ RunTime:0.001749s ]

[ 2016-03-08T14:36:04+08:00 ] ::1 /1fengou/index.php/home/Manage/saveProduct
INFO: [ app_init ] --START--
INFO: Run Behavior\BuildLiteBehavior [ RunTime:0.000068s ]
INFO: [ app_init ] --END-- [ RunTime:0.001147s ]
INFO: [ app_begin ] --START--
INFO: Run Behavior\ReadHtmlCacheBehavior [ RunTime:0.000887s ]
INFO: [ app_begin ] --END-- [ RunTime:0.001143s ]
SQL: SHOW COLUMNS FROM `think_product` [ RunTime:0.0008s ]
NOTIC: [8] Undefined index: photo1 D:\code\WampServer\wamp64\www\1fengou\Application\Home\Controller\ManageController.class.php 第 80 行.
NOTIC: [8] Use of undefined constant status - assumed 'status' D:\code\WampServer\wamp64\www\1fengou\Application\Home\Controller\ManageController.class.php 第 98 行.

[ 2016-03-08T14:36:28+08:00 ] ::1 /1fengou/index.php/home/Manage/saveProduct
INFO: [ app_init ] --START--
INFO: Run Behavior\BuildLiteBehavior [ RunTime:0.000067s ]
INFO: [ app_init ] --END-- [ RunTime:0.001235s ]
INFO: [ app_begin ] --START--
INFO: Run Behavior\ReadHtmlCacheBehavior [ RunTime:0.000866s ]
INFO: [ app_begin ] --END-- [ RunTime:0.001135s ]
SQL: SHOW COLUMNS FROM `think_product` [ RunTime:0.0007s ]
NOTIC: [8] Undefined index: photo1 D:\code\WampServer\wamp64\www\1fengou\Application\Home\Controller\ManageController.class.php 第 80 行.
NOTIC: [8] Use of undefined constant status - assumed 'status' D:\code\WampServer\wamp64\www\1fengou\Application\Home\Controller\ManageController.class.php 第 98 行.

[ 2016-03-08T14:38:47+08:00 ] ::1 /1fengou/index.php/home/Manage/editProduct
INFO: [ app_init ] --START--
INFO: Run Behavior\BuildLiteBehavior [ RunTime:0.000040s ]
INFO: [ app_init ] --END-- [ RunTime:0.000757s ]
INFO: [ app_begin ] --START--
INFO: Run Behavior\ReadHtmlCacheBehavior [ RunTime:0.001090s ]
INFO: [ app_begin ] --END-- [ RunTime:0.001337s ]
INFO: [ view_parse ] --START--
INFO: [ template_filter ] --START--
INFO: Run Behavior\ContentReplaceBehavior [ RunTime:0.000522s ]
INFO: [ template_filter ] --END-- [ RunTime:0.000799s ]
NOTIC: [8] Undefined variable: productList D:\code\WampServer\wamp64\www\1fengou\Application\Runtime\Cache\Home\3c5bfb19904e0772601387a32463ad93.php 第 64 行.
NOTIC: [8] Undefined variable: productList D:\code\WampServer\wamp64\www\1fengou\Application\Runtime\Cache\Home\3c5bfb19904e0772601387a32463ad93.php 第 536 行.
NOTIC: [8] Undefined variable: productList D:\code\WampServer\wamp64\www\1fengou\Application\Runtime\Cache\Home\3c5bfb19904e0772601387a32463ad93.php 第 540 行.
NOTIC: [8] Undefined variable: productList D:\code\WampServer\wamp64\www\1fengou\Application\Runtime\Cache\Home\3c5bfb19904e0772601387a32463ad93.php 第 544 行.
NOTIC: [8] Undefined variable: productList D:\code\WampServer\wamp64\www\1fengou\Application\Runtime\Cache\Home\3c5bfb19904e0772601387a32463ad93.php 第 548 行.
INFO: Run Behavior\ParseTemplateBehavior [ RunTime:0.026832s ]
INFO: [ view_parse ] --END-- [ RunTime:0.027123s ]
INFO: [ view_filter ] --START--
INFO: Run Behavior\WriteHtmlCacheBehavior [ RunTime:0.001049s ]
INFO: [ view_filter ] --END-- [ RunTime:0.001398s ]
INFO: [ app_end ] --START--
INFO: Run Behavior\ShowPageTraceBehavior [ RunTime:0.003788s ]
INFO: [ app_end ] --END-- [ RunTime:0.004179s ]

[ 2016-03-08T14:39:09+08:00 ] ::1 /1fengou/index.php/home/Manage/saveProduct
INFO: [ app_init ] --START--
INFO: Run Behavior\BuildLiteBehavior [ RunTime:0.000041s ]
INFO: [ app_init ] --END-- [ RunTime:0.000779s ]
INFO: [ app_begin ] --START--
INFO: Run Behavior\ReadHtmlCacheBehavior [ RunTime:0.001059s ]
INFO: [ app_begin ] --END-- [ RunTime:0.001323s ]
SQL: SHOW COLUMNS FROM `think_product` [ RunTime:0.0009s ]
NOTIC: [8] Undefined index: photo1 D:\code\WampServer\wamp64\www\1fengou\Application\Home\Controller\ManageController.class.php 第 80 行.
NOTIC: [8] Use of undefined constant status - assumed 'status' D:\code\WampServer\wamp64\www\1fengou\Application\Home\Controller\ManageController.class.php 第 98 行.

[ 2016-03-08T14:40:44+08:00 ] ::1 /1fengou/index.php/home/Manage/editProduct
INFO: [ app_init ] --START--
INFO: Run Behavior\BuildLiteBehavior [ RunTime:0.000084s ]
INFO: [ app_init ] --END-- [ RunTime:0.001471s ]
INFO: [ app_begin ] --START--
INFO: Run Behavior\ReadHtmlCacheBehavior [ RunTime:0.001003s ]
INFO: [ app_begin ] --END-- [ RunTime:0.001317s ]
INFO: [ view_parse ] --START--
INFO: [ template_filter ] --START--
INFO: Run Behavior\ContentReplaceBehavior [ RunTime:0.000556s ]
INFO: [ template_filter ] --END-- [ RunTime:0.000834s ]
NOTIC: [8] Undefined variable: productList D:\code\WampServer\wamp64\www\1fengou\Application\Runtime\Cache\Home\3c5bfb19904e0772601387a32463ad93.php 第 64 行.
NOTIC: [8] Undefined variable: productList D:\code\WampServer\wamp64\www\1fengou\Application\Runtime\Cache\Home\3c5bfb19904e0772601387a32463ad93.php 第 536 行.
NOTIC: [8] Undefined variable: productList D:\code\WampServer\wamp64\www\1fengou\Application\Runtime\Cache\Home\3c5bfb19904e0772601387a32463ad93.php 第 540 行.
NOTIC: [8] Undefined variable: productList D:\code\WampServer\wamp64\www\1fengou\Application\Runtime\Cache\Home\3c5bfb19904e0772601387a32463ad93.php 第 544 行.
NOTIC: [8] Undefined variable: productList D:\code\WampServer\wamp64\www\1fengou\Application\Runtime\Cache\Home\3c5bfb19904e0772601387a32463ad93.php 第 548 行.
INFO: Run Behavior\ParseTemplateBehavior [ RunTime:0.030611s ]
INFO: [ view_parse ] --END-- [ RunTime:0.030810s ]
INFO: [ view_filter ] --START--
INFO: Run Behavior\WriteHtmlCacheBehavior [ RunTime:0.000717s ]
INFO: [ view_filter ] --END-- [ RunTime:0.000902s ]
INFO: [ app_end ] --START--
INFO: Run Behavior\ShowPageTraceBehavior [ RunTime:0.001357s ]
INFO: [ app_end ] --END-- [ RunTime:0.001782s ]

[ 2016-03-08T14:41:12+08:00 ] ::1 /1fengou/index.php/home/Manage/saveProduct
INFO: [ app_init ] --START--
INFO: Run Behavior\BuildLiteBehavior [ RunTime:0.000047s ]
INFO: [ app_init ] --END-- [ RunTime:0.001107s ]
INFO: [ app_begin ] --START--
INFO: Run Behavior\ReadHtmlCacheBehavior [ RunTime:0.001007s ]
INFO: [ app_begin ] --END-- [ RunTime:0.001195s ]
SQL: SHOW COLUMNS FROM `think_product` [ RunTime:0.0008s ]
NOTIC: [8] Undefined index: photo1 D:\code\WampServer\wamp64\www\1fengou\Application\Home\Controller\ManageController.class.php 第 80 行.
NOTIC: [8] Use of undefined constant status - assumed 'status' D:\code\WampServer\wamp64\www\1fengou\Application\Home\Controller\ManageController.class.php 第 98 行.

[ 2016-03-08T14:41:21+08:00 ] ::1 /1fengou/index.php/home/Manage/saveProduct
INFO: [ app_init ] --START--
INFO: Run Behavior\BuildLiteBehavior [ RunTime:0.000043s ]
INFO: [ app_init ] --END-- [ RunTime:0.000787s ]
INFO: [ app_begin ] --START--
INFO: Run Behavior\ReadHtmlCacheBehavior [ RunTime:0.001702s ]
INFO: [ app_begin ] --END-- [ RunTime:0.002052s ]
SQL: SHOW COLUMNS FROM `think_product` [ RunTime:0.0007s ]
NOTIC: [8] Undefined index: photo1 D:\code\WampServer\wamp64\www\1fengou\Application\Home\Controller\ManageController.class.php 第 80 行.
NOTIC: [8] Use of undefined constant status - assumed 'status' D:\code\WampServer\wamp64\www\1fengou\Application\Home\Controller\ManageController.class.php 第 98 行.

[ 2016-03-08T14:44:37+08:00 ] ::1 /1fengou/index.php/home/Manage/index
INFO: [ app_init ] --START--
INFO: Run Behavior\BuildLiteBehavior [ RunTime:0.000043s ]
INFO: [ app_init ] --END-- [ RunTime:0.000826s ]
INFO: [ app_begin ] --START--
INFO: Run Behavior\ReadHtmlCacheBehavior [ RunTime:0.000952s ]
INFO: [ app_begin ] --END-- [ RunTime:0.001151s ]
SQL: SHOW COLUMNS FROM `think_product` [ RunTime:0.0012s ]
SQL: SELECT COUNT(*) AS tp_count FROM `think_product` LIMIT 1   [ RunTime:0.0006s ]
SQL: SELECT * FROM `think_product` LIMIT 0,10   [ RunTime:0.0005s ]
INFO: [ view_parse ] --START--
INFO: [ template_filter ] --START--
INFO: Run Behavior\ContentReplaceBehavior [ RunTime:0.000593s ]
INFO: [ template_filter ] --END-- [ RunTime:0.000800s ]
NOTIC: [8] Undefined variable: totalPages D:\code\WampServer\wamp64\www\1fengou\Application\Runtime\Cache\Home\f2ed2d116ee9faa6b5ea1d732a76329f.php 第 727 行.
INFO: Run Behavior\ParseTemplateBehavior [ RunTime:0.043210s ]
INFO: [ view_parse ] --END-- [ RunTime:0.043476s ]
INFO: [ view_filter ] --START--
INFO: Run Behavior\WriteHtmlCacheBehavior [ RunTime:0.000642s ]
INFO: [ view_filter ] --END-- [ RunTime:0.000820s ]
INFO: [ app_end ] --START--
INFO: Run Behavior\ShowPageTraceBehavior [ RunTime:0.001605s ]
INFO: [ app_end ] --END-- [ RunTime:0.002038s ]

[ 2016-03-08T14:44:40+08:00 ] ::1 /1fengou/index.php/home/Manage/editProduct/id/52
INFO: [ app_init ] --START--
INFO: Run Behavior\BuildLiteBehavior [ RunTime:0.000042s ]
INFO: [ app_init ] --END-- [ RunTime:0.000805s ]
INFO: [ app_begin ] --START--
INFO: Run Behavior\ReadHtmlCacheBehavior [ RunTime:0.001116s ]
INFO: [ app_begin ] --END-- [ RunTime:0.001433s ]
SQL: SHOW COLUMNS FROM `think_product` [ RunTime:0.0008s ]
SQL: SELECT * FROM `think_product` WHERE `Id` = 52 LIMIT 1   [ RunTime:0.0004s ]
INFO: [ view_parse ] --START--
INFO: [ template_filter ] --START--
INFO: Run Behavior\ContentReplaceBehavior [ RunTime:0.000488s ]
INFO: [ template_filter ] --END-- [ RunTime:0.000691s ]
INFO: Run Behavior\ParseTemplateBehavior [ RunTime:0.026840s ]
INFO: [ view_parse ] --END-- [ RunTime:0.027041s ]
INFO: [ view_filter ] --START--
INFO: Run Behavior\WriteHtmlCacheBehavior [ RunTime:0.000817s ]
INFO: [ view_filter ] --END-- [ RunTime:0.001006s ]
INFO: [ app_end ] --START--
INFO: Run Behavior\ShowPageTraceBehavior [ RunTime:0.001260s ]
INFO: [ app_end ] --END-- [ RunTime:0.001575s ]

[ 2016-03-08T14:44:50+08:00 ] ::1 /1fengou/index.php/home/Manage/saveProduct
INFO: [ app_init ] --START--
INFO: Run Behavior\BuildLiteBehavior [ RunTime:0.000062s ]
INFO: [ app_init ] --END-- [ RunTime:0.000837s ]
INFO: [ app_begin ] --START--
INFO: Run Behavior\ReadHtmlCacheBehavior [ RunTime:0.000820s ]
INFO: [ app_begin ] --END-- [ RunTime:0.001002s ]
SQL: SHOW COLUMNS FROM `think_product` [ RunTime:0.0008s ]
NOTIC: [8] Undefined index: photo1 D:\code\WampServer\wamp64\www\1fengou\Application\Home\Controller\ManageController.class.php 第 80 行.
NOTIC: [8] Use of undefined constant status - assumed 'status' D:\code\WampServer\wamp64\www\1fengou\Application\Home\Controller\ManageController.class.php 第 98 行.

