[ 2016-03-05T11:39:22+08:00 ] ::1 /1fengou/Public/Resources/Images2016-03-01/20160228091932.jpg%20alt=
INFO: [ app_init ] --START--
INFO: Run Behavior\BuildLiteBehavior [ RunTime:0.000101s ]
INFO: [ app_init ] --END-- [ RunTime:0.002010s ]
ERR: 无法加载模块:Public

[ 2016-03-05T11:39:27+08:00 ] ::1 /1fengou/Public/Resources/Images2016-03-01/20160228091916.jpg%20alt=
INFO: [ app_init ] --START--
INFO: Run Behavior\BuildLiteBehavior [ RunTime:0.000046s ]
INFO: [ app_init ] --END-- [ RunTime:0.000838s ]
ERR: 无法加载模块:Public

[ 2016-03-05T12:02:45+08:00 ] ::1 /1fengou/Public/%E7%BC%A9%E7%95%A5%E5%9B%BE
INFO: [ app_init ] --START--
INFO: Run Behavior\BuildLiteBehavior [ RunTime:0.000044s ]
INFO: [ app_init ] --END-- [ RunTime:0.000823s ]
ERR: 无法加载模块:Public

[ 2016-03-05T12:02:46+08:00 ] ::1 /1fengou/Public/%E7%BC%A9%E7%95%A5%E5%9B%BE
INFO: [ app_init ] --START--
INFO: Run Behavior\BuildLiteBehavior [ RunTime:0.000084s ]
INFO: [ app_init ] --END-- [ RunTime:0.001258s ]
ERR: 无法加载模块:Public

[ 2016-03-05T12:19:46+08:00 ] ::1 /1fengou/Public/%E7%BC%A9%E7%95%A5%E5%9B%BE
INFO: [ app_init ] --START--
INFO: Run Behavior\BuildLiteBehavior [ RunTime:0.000042s ]
INFO: [ app_init ] --END-- [ RunTime:0.000889s ]
ERR: 无法加载模块:Public

[ 2016-03-05T12:19:47+08:00 ] ::1 /1fengou/Public/%E7%BC%A9%E7%95%A5%E5%9B%BE
INFO: [ app_init ] --START--
INFO: Run Behavior\BuildLiteBehavior [ RunTime:0.000042s ]
INFO: [ app_init ] --END-- [ RunTime:0.000693s ]
ERR: 无法加载模块:Public

[ 2016-03-05T12:20:07+08:00 ] ::1 /1fengou/Public/%E7%BC%A9%E7%95%A5%E5%9B%BE
INFO: [ app_init ] --START--
INFO: Run Behavior\BuildLiteBehavior [ RunTime:0.000042s ]
INFO: [ app_init ] --END-- [ RunTime:0.000879s ]
ERR: 无法加载模块:Public

[ 2016-03-05T12:20:07+08:00 ] ::1 /1fengou/Public/%E7%BC%A9%E7%95%A5%E5%9B%BE
INFO: [ app_init ] --START--
INFO: Run Behavior\BuildLiteBehavior [ RunTime:0.000043s ]
INFO: [ app_init ] --END-- [ RunTime:0.000780s ]
ERR: 无法加载模块:Public

[ 2016-03-05T12:20:39+08:00 ] ::1 /1fengou/Public/%E7%BC%A9%E7%95%A5%E5%9B%BE
INFO: [ app_init ] --START--
INFO: Run Behavior\BuildLiteBehavior [ RunTime:0.000039s ]
INFO: [ app_init ] --END-- [ RunTime:0.000754s ]
ERR: 无法加载模块:Public

[ 2016-03-05T12:20:39+08:00 ] ::1 /1fengou/Public/%E7%BC%A9%E7%95%A5%E5%9B%BE
INFO: [ app_init ] --START--
INFO: Run Behavior\BuildLiteBehavior [ RunTime:0.000043s ]
INFO: [ app_init ] --END-- [ RunTime:0.000925s ]
ERR: 无法加载模块:Public

