[ 2016-03-06T16:11:15+08:00 ] ::1 /1fengou/Public/%E7%BC%A9%E7%95%A5%E5%9B%BE
INFO: [ app_init ] --START--
INFO: Run Behavior\BuildLiteBehavior [ RunTime:0.000080s ]
INFO: [ app_init ] --END-- [ RunTime:0.000981s ]
ERR: 无法加载模块:Public

[ 2016-03-06T16:12:06+08:00 ] ::1 /1fengou/Public/%E7%BC%A9%E7%95%A5%E5%9B%BE
INFO: [ app_init ] --START--
INFO: Run Behavior\BuildLiteBehavior [ RunTime:0.000046s ]
INFO: [ app_init ] --END-- [ RunTime:0.001333s ]
ERR: 无法加载模块:Public

[ 2016-03-06T16:17:07+08:00 ] ::1 /1fengou/Public/%E7%BC%A9%E7%95%A5%E5%9B%BE
INFO: [ app_init ] --START--
INFO: Run Behavior\BuildLiteBehavior [ RunTime:0.000075s ]
INFO: [ app_init ] --END-- [ RunTime:0.001240s ]
ERR: 无法加载模块:Public

[ 2016-03-06T16:25:08+08:00 ] ::1 /1fengou/Public/%E7%BC%A9%E7%95%A5%E5%9B%BE
INFO: [ app_init ] --START--
INFO: Run Behavior\BuildLiteBehavior [ RunTime:0.000078s ]
INFO: [ app_init ] --END-- [ RunTime:0.000981s ]
ERR: 无法加载模块:Public

[ 2016-03-06T16:25:11+08:00 ] ::1 /1fengou/Public/%E7%BC%A9%E7%95%A5%E5%9B%BE
INFO: [ app_init ] --START--
INFO: Run Behavior\BuildLiteBehavior [ RunTime:0.000042s ]
INFO: [ app_init ] --END-- [ RunTime:0.000709s ]
ERR: 无法加载模块:Public

[ 2016-03-06T16:31:21+08:00 ] ::1 /1fengou/Public/%E7%BC%A9%E7%95%A5%E5%9B%BE
INFO: [ app_init ] --START--
INFO: Run Behavior\BuildLiteBehavior [ RunTime:0.000042s ]
INFO: [ app_init ] --END-- [ RunTime:0.000768s ]
ERR: 无法加载模块:Public

[ 2016-03-06T16:31:23+08:00 ] ::1 /1fengou/Public/%E7%BC%A9%E7%95%A5%E5%9B%BE
INFO: [ app_init ] --START--
INFO: Run Behavior\BuildLiteBehavior [ RunTime:0.000071s ]
INFO: [ app_init ] --END-- [ RunTime:0.000810s ]
ERR: 无法加载模块:Public

[ 2016-03-06T16:34:50+08:00 ] ::1 /1fengou/Public/%E7%BC%A9%E7%95%A5%E5%9B%BE
INFO: [ app_init ] --START--
INFO: Run Behavior\BuildLiteBehavior [ RunTime:0.000043s ]
INFO: [ app_init ] --END-- [ RunTime:0.000821s ]
ERR: 无法加载模块:Public

[ 2016-03-06T17:14:39+08:00 ] ::1 /1fengou/Public/%E7%BC%A9%E7%95%A5%E5%9B%BE
INFO: [ app_init ] --START--
INFO: Run Behavior\BuildLiteBehavior [ RunTime:0.000080s ]
INFO: [ app_init ] --END-- [ RunTime:0.001091s ]
ERR: 无法加载模块:Public

[ 2016-03-06T17:14:45+08:00 ] ::1 /1fengou/Public/%E7%BC%A9%E7%95%A5%E5%9B%BE
INFO: [ app_init ] --START--
INFO: Run Behavior\BuildLiteBehavior [ RunTime:0.000081s ]
INFO: [ app_init ] --END-- [ RunTime:0.001023s ]
ERR: 无法加载模块:Public

[ 2016-03-06T17:16:21+08:00 ] ::1 /1fengou/Public/%E7%BC%A9%E7%95%A5%E5%9B%BE
INFO: [ app_init ] --START--
INFO: Run Behavior\BuildLiteBehavior [ RunTime:0.000081s ]
INFO: [ app_init ] --END-- [ RunTime:0.001595s ]
ERR: 无法加载模块:Public

[ 2016-03-06T17:20:38+08:00 ] ::1 /1fengou/Public/%E7%BC%A9%E7%95%A5%E5%9B%BE
INFO: [ app_init ] --START--
INFO: Run Behavior\BuildLiteBehavior [ RunTime:0.000080s ]
INFO: [ app_init ] --END-- [ RunTime:0.001176s ]
ERR: 无法加载模块:Public

[ 2016-03-06T17:20:42+08:00 ] ::1 /1fengou/Public/%E7%BC%A9%E7%95%A5%E5%9B%BE
INFO: [ app_init ] --START--
INFO: Run Behavior\BuildLiteBehavior [ RunTime:0.000042s ]
INFO: [ app_init ] --END-- [ RunTime:0.000754s ]
ERR: 无法加载模块:Public

[ 2016-03-06T17:20:57+08:00 ] ::1 /1fengou/Public/%E7%BC%A9%E7%95%A5%E5%9B%BE
INFO: [ app_init ] --START--
INFO: Run Behavior\BuildLiteBehavior [ RunTime:0.000042s ]
INFO: [ app_init ] --END-- [ RunTime:0.000692s ]
ERR: 无法加载模块:Public

[ 2016-03-06T17:25:06+08:00 ] ::1 /1fengou/Public/%E7%BC%A9%E7%95%A5%E5%9B%BE
INFO: [ app_init ] --START--
INFO: Run Behavior\BuildLiteBehavior [ RunTime:0.000042s ]
INFO: [ app_init ] --END-- [ RunTime:0.000770s ]
ERR: 无法加载模块:Public

[ 2016-03-06T17:35:46+08:00 ] ::1 /1fengou/Public/%E7%BC%A9%E7%95%A5%E5%9B%BE
INFO: [ app_init ] --START--
INFO: Run Behavior\BuildLiteBehavior [ RunTime:0.000043s ]
INFO: [ app_init ] --END-- [ RunTime:0.000757s ]
ERR: 无法加载模块:Public

[ 2016-03-06T17:36:17+08:00 ] ::1 /1fengou/Public/%E7%BC%A9%E7%95%A5%E5%9B%BE
INFO: [ app_init ] --START--
INFO: Run Behavior\BuildLiteBehavior [ RunTime:0.000044s ]
INFO: [ app_init ] --END-- [ RunTime:0.000779s ]
ERR: 无法加载模块:Public

[ 2016-03-06T17:38:38+08:00 ] ::1 /1fengou/Public/%E7%BC%A9%E7%95%A5%E5%9B%BE
INFO: [ app_init ] --START--
INFO: Run Behavior\BuildLiteBehavior [ RunTime:0.000042s ]
INFO: [ app_init ] --END-- [ RunTime:0.000766s ]
ERR: 无法加载模块:Public

[ 2016-03-06T17:41:22+08:00 ] ::1 /1fengou/Public/%E7%BC%A9%E7%95%A5%E5%9B%BE
INFO: [ app_init ] --START--
INFO: Run Behavior\BuildLiteBehavior [ RunTime:0.000045s ]
INFO: [ app_init ] --END-- [ RunTime:0.001035s ]
ERR: 无法加载模块:Public

[ 2016-03-06T18:58:25+08:00 ] ::1 /1fengou/Public/%E7%BC%A9%E7%95%A5%E5%9B%BE
INFO: [ app_init ] --START--
INFO: Run Behavior\BuildLiteBehavior [ RunTime:0.000073s ]
INFO: [ app_init ] --END-- [ RunTime:0.001231s ]
ERR: 无法加载模块:Public

[ 2016-03-06T19:04:23+08:00 ] ::1 /1fengou/Public/%E7%BC%A9%E7%95%A5%E5%9B%BE
INFO: [ app_init ] --START--
INFO: Run Behavior\BuildLiteBehavior [ RunTime:0.000045s ]
INFO: [ app_init ] --END-- [ RunTime:0.000915s ]
ERR: 无法加载模块:Public

[ 2016-03-06T19:04:34+08:00 ] ::1 /1fengou/Public/%E7%BC%A9%E7%95%A5%E5%9B%BE
INFO: [ app_init ] --START--
INFO: Run Behavior\BuildLiteBehavior [ RunTime:0.000048s ]
INFO: [ app_init ] --END-- [ RunTime:0.000954s ]
ERR: 无法加载模块:Public

[ 2016-03-06T19:30:27+08:00 ] ::1 /1fengou/Public/%E7%BC%A9%E7%95%A5%E5%9B%BE
INFO: [ app_init ] --START--
INFO: Run Behavior\BuildLiteBehavior [ RunTime:0.000079s ]
INFO: [ app_init ] --END-- [ RunTime:0.001404s ]
ERR: 无法加载模块:Public

[ 2016-03-06T19:31:04+08:00 ] ::1 /1fengou/Public/%E7%BC%A9%E7%95%A5%E5%9B%BE
INFO: [ app_init ] --START--
INFO: Run Behavior\BuildLiteBehavior [ RunTime:0.000078s ]
INFO: [ app_init ] --END-- [ RunTime:0.001311s ]
ERR: 无法加载模块:Public

[ 2016-03-06T19:31:21+08:00 ] ::1 /1fengou/Public/%E7%BC%A9%E7%95%A5%E5%9B%BE
INFO: [ app_init ] --START--
INFO: Run Behavior\BuildLiteBehavior [ RunTime:0.000080s ]
INFO: [ app_init ] --END-- [ RunTime:0.001144s ]
ERR: 无法加载模块:Public

[ 2016-03-06T19:34:53+08:00 ] ::1 /1fengou/Public/%E7%BC%A9%E7%95%A5%E5%9B%BE
INFO: [ app_init ] --START--
INFO: Run Behavior\BuildLiteBehavior [ RunTime:0.000043s ]
INFO: [ app_init ] --END-- [ RunTime:0.000982s ]
ERR: 无法加载模块:Public

[ 2016-03-06T20:45:27+08:00 ] ::1 /1fengou/Public/%E7%BC%A9%E7%95%A5%E5%9B%BE
INFO: [ app_init ] --START--
INFO: Run Behavior\BuildLiteBehavior [ RunTime:0.000078s ]
INFO: [ app_init ] --END-- [ RunTime:0.001109s ]
ERR: 无法加载模块:Public

[ 2016-03-06T20:46:15+08:00 ] ::1 /1fengou/Public/%E7%BC%A9%E7%95%A5%E5%9B%BE
INFO: [ app_init ] --START--
INFO: Run Behavior\BuildLiteBehavior [ RunTime:0.000078s ]
INFO: [ app_init ] --END-- [ RunTime:0.001099s ]
ERR: 无法加载模块:Public

[ 2016-03-06T20:47:50+08:00 ] ::1 /1fengou/Public/%E7%BC%A9%E7%95%A5%E5%9B%BE
INFO: [ app_init ] --START--
INFO: Run Behavior\BuildLiteBehavior [ RunTime:0.000043s ]
INFO: [ app_init ] --END-- [ RunTime:0.000846s ]
ERR: 无法加载模块:Public

[ 2016-03-06T21:19:13+08:00 ] ::1 /1fengou/Public/%E7%BC%A9%E7%95%A5%E5%9B%BE
INFO: [ app_init ] --START--
INFO: Run Behavior\BuildLiteBehavior [ RunTime:0.000065s ]
INFO: [ app_init ] --END-- [ RunTime:0.000767s ]
ERR: 无法加载模块:Public

[ 2016-03-06T22:27:37+08:00 ] ::1 /1fengou/Public/%E7%BC%A9%E7%95%A5%E5%9B%BE
INFO: [ app_init ] --START--
INFO: Run Behavior\BuildLiteBehavior [ RunTime:0.000072s ]
INFO: [ app_init ] --END-- [ RunTime:0.000902s ]
ERR: 无法加载模块:Public

