[ 2016-03-08T11:06:14+08:00 ] ::1 /1fengou/Public/%E7%BC%A9%E7%95%A5%E5%9B%BE
INFO: [ app_init ] --START--
INFO: Run Behavior\BuildLiteBehavior [ RunTime:0.000043s ]
INFO: [ app_init ] --END-- [ RunTime:0.000846s ]
ERR: 无法加载模块:Public

[ 2016-03-08T11:06:14+08:00 ] ::1 /1fengou/Public/%E7%BC%A9%E7%95%A5%E5%9B%BE
INFO: [ app_init ] --START--
INFO: Run Behavior\BuildLiteBehavior [ RunTime:0.000071s ]
INFO: [ app_init ] --END-- [ RunTime:0.001419s ]
ERR: 无法加载模块:Public

[ 2016-03-08T14:34:42+08:00 ] ::1 /1fengou/Public/%E7%BC%A9%E7%95%A5%E5%9B%BE
INFO: [ app_init ] --START--
INFO: Run Behavior\BuildLiteBehavior [ RunTime:0.000124s ]
INFO: [ app_init ] --END-- [ RunTime:0.002621s ]
ERR: 无法加载模块:Public

[ 2016-03-08T14:34:47+08:00 ] ::1 /1fengou/Public/%E7%BC%A9%E7%95%A5%E5%9B%BE
INFO: [ app_init ] --START--
INFO: Run Behavior\BuildLiteBehavior [ RunTime:0.000075s ]
INFO: [ app_init ] --END-- [ RunTime:0.001291s ]
ERR: 无法加载模块:Public

